#
# There is insufficient memory for the Java Runtime Environment to continue.
# Native memory allocation (mmap) failed to map 369098752 bytes for G1 virtual space
# Possible reasons:
#   The system is out of physical RAM or swap space
#   The process is running with CompressedOops enabled, and the Java Heap may be blocking the growth of the native heap
# Possible solutions:
#   Reduce memory load on the system
#   Increase physical memory or swap space
#   Check if swap backing store is full
#   Decrease Java heap size (-Xmx/-Xms)
#   Decrease number of Java threads
#   Decrease Java thread stack sizes (-Xss)
#   Set larger code cache with -XX:ReservedCodeCacheSize=
#   JVM is running with Unscaled Compressed Oops mode in which the Java heap is
#     placed in the first 4GB address space. The Java Heap base address is the
#     maximum limit for the native heap growth. Please use -XX:HeapBaseMinAddress
#     to set the Java Heap base and to place the Java Heap above 4GB virtual address.
# This output file may be truncated or incomplete.
#
#  Out of Memory Error (os_windows.cpp:3552), pid=22740, tid=15196
#
# JRE version: Java(TM) SE Runtime Environment (17.0.9+11) (build 17.0.9+11-LTS-201)
# Java VM: Java HotSpot(TM) 64-Bit Server VM (17.0.9+11-LTS-201, mixed mode, emulated-client, sharing, tiered, compressed oops, compressed class ptrs, g1 gc, windows-amd64)
# No core dump will be written. Minidumps are not enabled by default on client versions of Windows
#

---------------  S U M M A R Y ------------

Command Line: -XX:TieredStopAtLevel=1 -Xverify:none -Dspring.output.ansi.enabled=always -javaagent:C:\Program Files\JetBrains\IntelliJ IDEA 2021.1\lib\idea_rt.jar=59628:C:\Program Files\JetBrains\IntelliJ IDEA 2021.1\bin -Dcom.sun.management.jmxremote -Dspring.jmx.enabled=true -Dspring.liveBeansView.mbeanDomain -Dspring.application.admin.enabled=true -Dfile.encoding=UTF-8 com.labreportapp.ServerApplication

Host: 11th Gen Intel(R) Core(TM) i5-11400H @ 2.70GHz, 12 cores, 7G,  Windows 11 , 64 bit Build 22621 (10.0.22621.2506)
Time: Mon Oct 30 10:34:20 2023 SE Asia Standard Time elapsed time: 289.952280 seconds (0d 0h 4m 49s)

---------------  T H R E A D  ---------------

Current thread (0x0000021a7f4b2100):  VMThread "VM Thread" [stack: 0x000000e504600000,0x000000e504700000] [id=15196]

Stack: [0x000000e504600000,0x000000e504700000]
Native frames: (J=compiled Java code, j=interpreted, Vv=VM code, C=native code)
V  [jvm.dll+0x678a4a]
V  [jvm.dll+0x7d9cfd]
V  [jvm.dll+0x7db60e]
V  [jvm.dll+0x7dbc73]
V  [jvm.dll+0x245e1f]
V  [jvm.dll+0x6758f9]
V  [jvm.dll+0x66a2a2]
V  [jvm.dll+0x303686]
V  [jvm.dll+0x30ac06]
V  [jvm.dll+0x35a48e]
V  [jvm.dll+0x35a6bf]
V  [jvm.dll+0x2da678]
V  [jvm.dll+0x2d8a85]
V  [jvm.dll+0x2d808c]
V  [jvm.dll+0x31b97b]
V  [jvm.dll+0x7e048b]
V  [jvm.dll+0x7e11c4]
V  [jvm.dll+0x7e16dd]
V  [jvm.dll+0x7e1ab4]
V  [jvm.dll+0x7e1b80]
V  [jvm.dll+0x78998a]
V  [jvm.dll+0x677875]
C  [ucrtbase.dll+0x29363]
C  [KERNEL32.DLL+0x1257d]
C  [ntdll.dll+0x5aa58]

VM_Operation (0x000000e506efe4a0): G1CollectForAllocation, mode: safepoint, requested by thread 0x0000021a48debbd0


---------------  P R O C E S S  ---------------

Threads class SMR info:
_java_thread_list=0x0000021a4a2b43a0, length=47, elements={
0x0000021a7f4b5840, 0x0000021a7f4b6810, 0x0000021a7f4caab0, 0x0000021a7f4cb670,
0x0000021a7f4d0150, 0x0000021a7f4d1f20, 0x0000021a7f4d2cf0, 0x0000021a7f728090,
0x0000021a7f49f980, 0x0000021a4731cd90, 0x0000021a473242c0, 0x0000021a4741cba0,
0x0000021a480668b0, 0x0000021a480677e0, 0x0000021a480663a0, 0x0000021a48dec0e0,
0x0000021a48deb1b0, 0x0000021a48de8420, 0x0000021a48deda30, 0x0000021a48debbd0,
0x0000021a48dec5f0, 0x0000021a48dedf40, 0x0000021a48decb00, 0x0000021a48dee960,
0x0000021a48ded520, 0x0000021a48de9d70, 0x0000021a48deee70, 0x0000021a48def380,
0x0000021a48deaca0, 0x0000021a48ded010, 0x0000021a48def890, 0x0000021a48de8e40,
0x0000021a48de9350, 0x0000021a48de9860, 0x0000021a48dea280, 0x0000021a48dea790,
0x0000021a48deb6c0, 0x0000021a47deda80, 0x0000021a47dedf90, 0x0000021a47df44d0,
0x0000021a47ded060, 0x0000021a47df49e0, 0x0000021a47df2670, 0x0000021a47ded570,
0x0000021a47deeec0, 0x0000021a47df1740, 0x0000021a47dee4a0
}

Java Threads: ( => current thread )
  0x0000021a7f4b5840 JavaThread "Reference Handler" daemon [_thread_blocked, id=14408, stack(0x000000e504700000,0x000000e504800000)]
  0x0000021a7f4b6810 JavaThread "Finalizer" daemon [_thread_blocked, id=19000, stack(0x000000e504800000,0x000000e504900000)]
  0x0000021a7f4caab0 JavaThread "Signal Dispatcher" daemon [_thread_blocked, id=18316, stack(0x000000e504900000,0x000000e504a00000)]
  0x0000021a7f4cb670 JavaThread "Attach Listener" daemon [_thread_blocked, id=12416, stack(0x000000e504a00000,0x000000e504b00000)]
  0x0000021a7f4d0150 JavaThread "Service Thread" daemon [_thread_blocked, id=23012, stack(0x000000e504b00000,0x000000e504c00000)]
  0x0000021a7f4d1f20 JavaThread "Monitor Deflation Thread" daemon [_thread_blocked, id=22560, stack(0x000000e504c00000,0x000000e504d00000)]
  0x0000021a7f4d2cf0 JavaThread "C1 CompilerThread0" daemon [_thread_blocked, id=16784, stack(0x000000e504d00000,0x000000e504e00000)]
  0x0000021a7f728090 JavaThread "Sweeper thread" daemon [_thread_blocked, id=6460, stack(0x000000e504e00000,0x000000e504f00000)]
  0x0000021a7f49f980 JavaThread "Common-Cleaner" daemon [_thread_blocked, id=19972, stack(0x000000e504f00000,0x000000e505000000)]
  0x0000021a4731cd90 JavaThread "Monitor Ctrl-Break" daemon [_thread_in_native, id=2900, stack(0x000000e505100000,0x000000e505200000)]
  0x0000021a473242c0 JavaThread "Notification Thread" daemon [_thread_blocked, id=5824, stack(0x000000e505200000,0x000000e505300000)]
  0x0000021a4741cba0 JavaThread "RMI TCP Accept-0" daemon [_thread_in_native, id=2964, stack(0x000000e505300000,0x000000e505400000)]
  0x0000021a480668b0 JavaThread "RMI Scheduler(0)" daemon [_thread_blocked, id=7004, stack(0x000000e506400000,0x000000e506500000)]
  0x0000021a480677e0 JavaThread "mysql-cj-abandoned-connection-cleanup" daemon [_thread_blocked, id=21500, stack(0x000000e506500000,0x000000e506600000)]
  0x0000021a480663a0 JavaThread "HikariPool-1 housekeeper" daemon [_thread_blocked, id=22700, stack(0x000000e506700000,0x000000e506800000)]
  0x0000021a48dec0e0 JavaThread "Catalina-utility-1" [_thread_blocked, id=23840, stack(0x000000e506900000,0x000000e506a00000)]
  0x0000021a48deb1b0 JavaThread "Catalina-utility-2" [_thread_blocked, id=2108, stack(0x000000e506a00000,0x000000e506b00000)]
  0x0000021a48de8420 JavaThread "container-0" [_thread_blocked, id=24340, stack(0x000000e506b00000,0x000000e506c00000)]
  0x0000021a48deda30 JavaThread "MessageBroker-1" [_thread_blocked, id=9972, stack(0x000000e506800000,0x000000e506900000)]
  0x0000021a48debbd0 JavaThread "File Watcher" daemon [_thread_blocked, id=14984, stack(0x000000e506e00000,0x000000e506f00000)]
  0x0000021a48dec5f0 JavaThread "Live Reload Server" daemon [_thread_in_native, id=756, stack(0x000000e507000000,0x000000e507100000)]
  0x0000021a48dedf40 JavaThread "http-nio-2509-exec-1" daemon [_thread_blocked, id=14712, stack(0x000000e506f00000,0x000000e507000000)]
  0x0000021a48decb00 JavaThread "http-nio-2509-exec-2" daemon [_thread_blocked, id=18092, stack(0x000000e507100000,0x000000e507200000)]
  0x0000021a48dee960 JavaThread "http-nio-2509-exec-3" daemon [_thread_blocked, id=12344, stack(0x000000e507200000,0x000000e507300000)]
  0x0000021a48ded520 JavaThread "http-nio-2509-exec-4" daemon [_thread_blocked, id=16204, stack(0x000000e507300000,0x000000e507400000)]
  0x0000021a48de9d70 JavaThread "http-nio-2509-exec-5" daemon [_thread_blocked, id=14928, stack(0x000000e507400000,0x000000e507500000)]
  0x0000021a48deee70 JavaThread "http-nio-2509-exec-6" daemon [_thread_blocked, id=15692, stack(0x000000e507500000,0x000000e507600000)]
  0x0000021a48def380 JavaThread "http-nio-2509-exec-7" daemon [_thread_blocked, id=14376, stack(0x000000e507600000,0x000000e507700000)]
  0x0000021a48deaca0 JavaThread "http-nio-2509-exec-8" daemon [_thread_blocked, id=22676, stack(0x000000e507700000,0x000000e507800000)]
  0x0000021a48ded010 JavaThread "http-nio-2509-exec-9" daemon [_thread_blocked, id=10736, stack(0x000000e507800000,0x000000e507900000)]
  0x0000021a48def890 JavaThread "http-nio-2509-exec-10" daemon [_thread_blocked, id=14652, stack(0x000000e507900000,0x000000e507a00000)]
  0x0000021a48de8e40 JavaThread "http-nio-2509-Poller" daemon [_thread_in_native, id=1164, stack(0x000000e507a00000,0x000000e507b00000)]
  0x0000021a48de9350 JavaThread "http-nio-2509-Acceptor" daemon [_thread_in_native, id=10648, stack(0x000000e507b00000,0x000000e507c00000)]
  0x0000021a48de9860 JavaThread "MessageBroker-2" [_thread_blocked, id=16324, stack(0x000000e507c00000,0x000000e507d00000)]
  0x0000021a48dea280 JavaThread "MessageBroker-3" [_thread_blocked, id=16084, stack(0x000000e507d00000,0x000000e507e00000)]
  0x0000021a48dea790 JavaThread "MessageBroker-4" [_thread_blocked, id=20372, stack(0x000000e507e00000,0x000000e507f00000)]
  0x0000021a48deb6c0 JavaThread "DestroyJavaVM" [_thread_blocked, id=20696, stack(0x000000e504000000,0x000000e504100000)]
  0x0000021a47deda80 JavaThread "MessageBroker-5" [_thread_blocked, id=20592, stack(0x000000e505000000,0x000000e505100000)]
  0x0000021a47dedf90 JavaThread "MessageBroker-6" [_thread_blocked, id=860, stack(0x000000e506c00000,0x000000e506d00000)]
  0x0000021a47df44d0 JavaThread "MessageBroker-7" [_thread_blocked, id=18448, stack(0x000000e508200000,0x000000e508300000)]
  0x0000021a47ded060 JavaThread "MessageBroker-8" [_thread_blocked, id=13112, stack(0x000000e508300000,0x000000e508400000)]
  0x0000021a47df49e0 JavaThread "MessageBroker-9" [_thread_blocked, id=11344, stack(0x000000e508400000,0x000000e508500000)]
  0x0000021a47df2670 JavaThread "WebSocket background processing" daemon [_thread_blocked, id=2268, stack(0x000000e508500000,0x000000e508600000)]
  0x0000021a47ded570 JavaThread "MessageBroker-10" [_thread_blocked, id=23412, stack(0x000000e508a00000,0x000000e508b00000)]
  0x0000021a47deeec0 JavaThread "MessageBroker-11" [_thread_blocked, id=17632, stack(0x000000e508100000,0x000000e508200000)]
  0x0000021a47df1740 JavaThread "MessageBroker-12" [_thread_blocked, id=3412, stack(0x000000e508e00000,0x000000e508f00000)]
  0x0000021a47dee4a0 JavaThread "Java2D Disposer" daemon [_thread_blocked, id=16596, stack(0x000000e505c00000,0x000000e505d00000)]

Other Threads:
=>0x0000021a7f4b2100 VMThread "VM Thread" [stack: 0x000000e504600000,0x000000e504700000] [id=15196]
  0x0000021a4741dfd0 WatcherThread [stack: 0x000000e505400000,0x000000e505500000] [id=16356]
  0x0000021a6f34a360 GCTaskThread "GC Thread#0" [stack: 0x000000e504100000,0x000000e504200000] [id=23508]
  0x0000021a4775a1d0 GCTaskThread "GC Thread#1" [stack: 0x000000e505500000,0x000000e505600000] [id=16916]
  0x0000021a4775a490 GCTaskThread "GC Thread#2" [stack: 0x000000e505600000,0x000000e505700000] [id=16276]
  0x0000021a4779eed0 GCTaskThread "GC Thread#3" [stack: 0x000000e505700000,0x000000e505800000] [id=8108]
  0x0000021a4779f190 GCTaskThread "GC Thread#4" [stack: 0x000000e505800000,0x000000e505900000] [id=20924]
  0x0000021a4779f450 GCTaskThread "GC Thread#5" [stack: 0x000000e505900000,0x000000e505a00000] [id=15440]
  0x0000021a4779f710 GCTaskThread "GC Thread#6" [stack: 0x000000e505a00000,0x000000e505b00000] [id=5600]
  0x0000021a47a758a0 GCTaskThread "GC Thread#7" [stack: 0x000000e505f00000,0x000000e506000000] [id=23272]
  0x0000021a47aa2eb0 GCTaskThread "GC Thread#8" [stack: 0x000000e506000000,0x000000e506100000] [id=2284]
  0x0000021a47e90dd0 GCTaskThread "GC Thread#9" [stack: 0x000000e505e00000,0x000000e505f00000] [id=16436]
  0x0000021a6f35ab70 ConcurrentGCThread "G1 Main Marker" [stack: 0x000000e504200000,0x000000e504300000] [id=16576]
  0x0000021a6f35b580 ConcurrentGCThread "G1 Conc#0" [stack: 0x000000e504300000,0x000000e504400000] [id=14656]
  0x0000021a477bc380 ConcurrentGCThread "G1 Conc#1" [stack: 0x000000e506200000,0x000000e506300000] [id=7312]
  0x0000021a48195470 ConcurrentGCThread "G1 Conc#2" [stack: 0x000000e506300000,0x000000e506400000] [id=21792]
  0x0000021a6f39e470 ConcurrentGCThread "G1 Refine#0" [stack: 0x000000e504400000,0x000000e504500000] [id=6008]
  0x0000021a47756730 ConcurrentGCThread "G1 Refine#1" [stack: 0x000000e505b00000,0x000000e505c00000] [id=12860]
  0x0000021a7f36ce10 ConcurrentGCThread "G1 Service" [stack: 0x000000e504500000,0x000000e504600000] [id=8272]

Threads with active compile tasks:

VM state: at safepoint (normal execution)

VM Mutex/Monitor currently owned by a thread:  ([mutex/lock_event])
[0x0000021a6f2ef720] Threads_lock - owner thread: 0x0000021a7f4b2100
[0x0000021a6f2ee010] Heap_lock - owner thread: 0x0000021a48debbd0

Heap address: 0x0000000083a00000, size: 1990 MB, Compressed Oops mode: 32-bit

CDS archive(s) mapped at: [0x0000021a02000000-0x0000021a02bd0000-0x0000021a02bd0000), size 12386304, SharedBaseAddress: 0x0000021a02000000, ArchiveRelocationMode: 1.
Compressed class space mapped at: 0x0000021a03000000-0x0000021a43000000, reserved size: 1073741824
Narrow klass base: 0x0000021a02000000, Narrow klass shift: 0, Narrow klass range: 0x100000000

GC Precious Log:
 CPUs: 12 total, 12 available
 Memory: 7955M
 Large Page Support: Disabled
 NUMA Support: Disabled
 Compressed Oops: Enabled (32-bit)
 Heap Region Size: 1M
 Heap Min Capacity: 8M
 Heap Initial Capacity: 126M
 Heap Max Capacity: 1990M
 Pre-touch: Disabled
 Parallel Workers: 10
 Concurrent Workers: 3
 Concurrent Refinement Workers: 10
 Periodic GC: Disabled

Heap:
 garbage-first heap   total 209920K, used 85347K [0x0000000083a00000, 0x0000000100000000)
  region size 1024K, 1 young (1024K), 1 survivors (1024K)
 Metaspace       used 91329K, committed 92288K, reserved 1179648K
  class space    used 12489K, committed 12928K, reserved 1048576K

Heap Regions: E=young(eden), S=young(survivor), O=old, HS=humongous(starts), HC=humongous(continues), CS=collection set, F=free, OA=open archive, CA=closed archive, TAMS=top-at-mark-start (previous, next)
|   0|0x0000000083a00000, 0x0000000083b00000, 0x0000000083b00000|100%|HS|  |TAMS 0x0000000083b00000, 0x0000000083a00000| Complete 
|   1|0x0000000083b00000, 0x0000000083c00000, 0x0000000083c00000|100%| O|  |TAMS 0x0000000083c00000, 0x0000000083b00000| Untracked 
|   2|0x0000000083c00000, 0x0000000083d00000, 0x0000000083d00000|100%| O|  |TAMS 0x0000000083d00000, 0x0000000083c00000| Untracked 
|   3|0x0000000083d00000, 0x0000000083e00000, 0x0000000083e00000|100%| O|  |TAMS 0x0000000083e00000, 0x0000000083d00000| Untracked 
|   4|0x0000000083e00000, 0x0000000083f00000, 0x0000000083f00000|100%| O|  |TAMS 0x0000000083f00000, 0x0000000083e00000| Untracked 
|   5|0x0000000083f00000, 0x0000000084000000, 0x0000000084000000|100%| O|  |TAMS 0x0000000084000000, 0x0000000083f00000| Untracked 
|   6|0x0000000084000000, 0x0000000084100000, 0x0000000084100000|100%| O|  |TAMS 0x0000000084100000, 0x0000000084000000| Untracked 
|   7|0x0000000084100000, 0x0000000084200000, 0x0000000084200000|100%| O|  |TAMS 0x0000000084200000, 0x0000000084100000| Untracked 
|   8|0x0000000084200000, 0x0000000084300000, 0x0000000084300000|100%| O|  |TAMS 0x0000000084300000, 0x0000000084200000| Untracked 
|   9|0x0000000084300000, 0x0000000084400000, 0x0000000084400000|100%| O|  |TAMS 0x0000000084400000, 0x0000000084300000| Untracked 
|  10|0x0000000084400000, 0x0000000084500000, 0x0000000084500000|100%| O|  |TAMS 0x0000000084500000, 0x0000000084400000| Untracked 
|  11|0x0000000084500000, 0x0000000084500000, 0x0000000084600000|  0%| F|  |TAMS 0x0000000084500000, 0x0000000084500000| Untracked 
|  12|0x0000000084600000, 0x0000000084700000, 0x0000000084700000|100%| O|  |TAMS 0x0000000084700000, 0x0000000084600000| Untracked 
|  13|0x0000000084700000, 0x0000000084700000, 0x0000000084800000|  0%| F|  |TAMS 0x0000000084700000, 0x0000000084700000| Untracked 
|  14|0x0000000084800000, 0x0000000084800000, 0x0000000084900000|  0%| F|  |TAMS 0x0000000084800000, 0x0000000084800000| Untracked 
|  15|0x0000000084900000, 0x0000000084900000, 0x0000000084a00000|  0%| F|  |TAMS 0x0000000084900000, 0x0000000084900000| Untracked 
|  16|0x0000000084a00000, 0x0000000084b00000, 0x0000000084b00000|100%| O|  |TAMS 0x0000000084a00000, 0x0000000084a00000| Untracked 
|  17|0x0000000084b00000, 0x0000000084c00000, 0x0000000084c00000|100%| O|  |TAMS 0x0000000084b00000, 0x0000000084b00000| Untracked 
|  18|0x0000000084c00000, 0x0000000084d00000, 0x0000000084d00000|100%| O|  |TAMS 0x0000000084c00000, 0x0000000084c00000| Untracked 
|  19|0x0000000084d00000, 0x0000000084e00000, 0x0000000084e00000|100%| O|  |TAMS 0x0000000084e00000, 0x0000000084d00000| Untracked 
|  20|0x0000000084e00000, 0x0000000084f00000, 0x0000000084f00000|100%| O|  |TAMS 0x0000000084f00000, 0x0000000084e00000| Untracked 
|  21|0x0000000084f00000, 0x0000000085000000, 0x0000000085000000|100%| O|  |TAMS 0x0000000084f00000, 0x0000000084f00000| Untracked 
|  22|0x0000000085000000, 0x0000000085100000, 0x0000000085100000|100%| O|  |TAMS 0x0000000085100000, 0x0000000085000000| Untracked 
|  23|0x0000000085100000, 0x0000000085100000, 0x0000000085200000|  0%| F|  |TAMS 0x0000000085100000, 0x0000000085100000| Untracked 
|  24|0x0000000085200000, 0x0000000085200000, 0x0000000085300000|  0%| F|  |TAMS 0x0000000085200000, 0x0000000085200000| Untracked 
|  25|0x0000000085300000, 0x0000000085300000, 0x0000000085400000|  0%| F|  |TAMS 0x0000000085300000, 0x0000000085300000| Untracked 
|  26|0x0000000085400000, 0x0000000085500000, 0x0000000085500000|100%| O|  |TAMS 0x0000000085500000, 0x0000000085400000| Untracked 
|  27|0x0000000085500000, 0x0000000085500000, 0x0000000085600000|  0%| F|  |TAMS 0x0000000085500000, 0x0000000085500000| Untracked 
|  28|0x0000000085600000, 0x0000000085700000, 0x0000000085700000|100%| O|  |TAMS 0x0000000085700000, 0x0000000085600000| Untracked 
|  29|0x0000000085700000, 0x0000000085800000, 0x0000000085800000|100%| O|  |TAMS 0x0000000085800000, 0x0000000085700000| Untracked 
|  30|0x0000000085800000, 0x0000000085900000, 0x0000000085900000|100%| O|  |TAMS 0x0000000085900000, 0x0000000085800000| Untracked 
|  31|0x0000000085900000, 0x0000000085a00000, 0x0000000085a00000|100%| O|  |TAMS 0x0000000085a00000, 0x0000000085900000| Untracked 
|  32|0x0000000085a00000, 0x0000000085b00000, 0x0000000085b00000|100%| O|  |TAMS 0x0000000085b00000, 0x0000000085a00000| Untracked 
|  33|0x0000000085b00000, 0x0000000085c00000, 0x0000000085c00000|100%| O|  |TAMS 0x0000000085c00000, 0x0000000085b00000| Untracked 
|  34|0x0000000085c00000, 0x0000000085d00000, 0x0000000085d00000|100%| O|  |TAMS 0x0000000085d00000, 0x0000000085c00000| Untracked 
|  35|0x0000000085d00000, 0x0000000085e00000, 0x0000000085e00000|100%| O|  |TAMS 0x0000000085e00000, 0x0000000085d00000| Untracked 
|  36|0x0000000085e00000, 0x0000000085e00000, 0x0000000085f00000|  0%| F|  |TAMS 0x0000000085e00000, 0x0000000085e00000| Untracked 
|  37|0x0000000085f00000, 0x0000000086000000, 0x0000000086000000|100%| O|  |TAMS 0x0000000086000000, 0x0000000085f00000| Untracked 
|  38|0x0000000086000000, 0x0000000086100000, 0x0000000086100000|100%| O|  |TAMS 0x0000000086100000, 0x0000000086000000| Untracked 
|  39|0x0000000086100000, 0x0000000086200000, 0x0000000086200000|100%| O|  |TAMS 0x0000000086200000, 0x0000000086100000| Untracked 
|  40|0x0000000086200000, 0x0000000086200000, 0x0000000086300000|  0%| F|  |TAMS 0x0000000086200000, 0x0000000086200000| Untracked 
|  41|0x0000000086300000, 0x0000000086400000, 0x0000000086400000|100%| O|  |TAMS 0x0000000086400000, 0x0000000086300000| Untracked 
|  42|0x0000000086400000, 0x0000000086500000, 0x0000000086500000|100%| O|  |TAMS 0x0000000086500000, 0x0000000086400000| Untracked 
|  43|0x0000000086500000, 0x0000000086600000, 0x0000000086600000|100%| O|  |TAMS 0x0000000086600000, 0x0000000086500000| Untracked 
|  44|0x0000000086600000, 0x0000000086700000, 0x0000000086700000|100%| O|  |TAMS 0x0000000086700000, 0x0000000086600000| Untracked 
|  45|0x0000000086700000, 0x0000000086800000, 0x0000000086800000|100%| O|  |TAMS 0x0000000086800000, 0x0000000086700000| Untracked 
|  46|0x0000000086800000, 0x0000000086800000, 0x0000000086900000|  0%| F|  |TAMS 0x0000000086800000, 0x0000000086800000| Untracked 
|  47|0x0000000086900000, 0x0000000086a00000, 0x0000000086a00000|100%| O|  |TAMS 0x0000000086a00000, 0x0000000086900000| Untracked 
|  48|0x0000000086a00000, 0x0000000086b00000, 0x0000000086b00000|100%| O|  |TAMS 0x0000000086b00000, 0x0000000086a00000| Untracked 
|  49|0x0000000086b00000, 0x0000000086c00000, 0x0000000086c00000|100%| O|  |TAMS 0x0000000086c00000, 0x0000000086b00000| Untracked 
|  50|0x0000000086c00000, 0x0000000086d00000, 0x0000000086d00000|100%| O|  |TAMS 0x0000000086d00000, 0x0000000086c00000| Untracked 
|  51|0x0000000086d00000, 0x0000000086d00000, 0x0000000086e00000|  0%| F|  |TAMS 0x0000000086d00000, 0x0000000086d00000| Untracked 
|  52|0x0000000086e00000, 0x0000000086f00000, 0x0000000086f00000|100%| O|  |TAMS 0x0000000086f00000, 0x0000000086e00000| Untracked 
|  53|0x0000000086f00000, 0x0000000087000000, 0x0000000087000000|100%| O|  |TAMS 0x0000000087000000, 0x0000000086f00000| Untracked 
|  54|0x0000000087000000, 0x0000000087100000, 0x0000000087100000|100%| O|  |TAMS 0x0000000087100000, 0x0000000087000000| Untracked 
|  55|0x0000000087100000, 0x0000000087200000, 0x0000000087200000|100%| O|  |TAMS 0x0000000087200000, 0x0000000087100000| Untracked 
|  56|0x0000000087200000, 0x0000000087300000, 0x0000000087300000|100%| O|  |TAMS 0x0000000087300000, 0x0000000087200000| Untracked 
|  57|0x0000000087300000, 0x0000000087400000, 0x0000000087400000|100%| O|  |TAMS 0x0000000087400000, 0x0000000087300000| Untracked 
|  58|0x0000000087400000, 0x0000000087400000, 0x0000000087500000|  0%| F|  |TAMS 0x0000000087400000, 0x0000000087400000| Untracked 
|  59|0x0000000087500000, 0x0000000087600000, 0x0000000087600000|100%| O|  |TAMS 0x0000000087600000, 0x0000000087500000| Untracked 
|  60|0x0000000087600000, 0x0000000087700000, 0x0000000087700000|100%| O|  |TAMS 0x0000000087700000, 0x0000000087600000| Untracked 
|  61|0x0000000087700000, 0x0000000087800000, 0x0000000087800000|100%| O|  |TAMS 0x0000000087800000, 0x0000000087700000| Untracked 
|  62|0x0000000087800000, 0x0000000087900000, 0x0000000087900000|100%| O|  |TAMS 0x0000000087900000, 0x0000000087800000| Untracked 
|  63|0x0000000087900000, 0x0000000087a00000, 0x0000000087a00000|100%| O|  |TAMS 0x0000000087a00000, 0x0000000087900000| Untracked 
|  64|0x0000000087a00000, 0x0000000087b00000, 0x0000000087b00000|100%| O|  |TAMS 0x0000000087b00000, 0x0000000087a00000| Untracked 
|  65|0x0000000087b00000, 0x0000000087c00000, 0x0000000087c00000|100%| O|  |TAMS 0x0000000087c00000, 0x0000000087b00000| Untracked 
|  66|0x0000000087c00000, 0x0000000087d00000, 0x0000000087d00000|100%| O|  |TAMS 0x0000000087d00000, 0x0000000087c00000| Untracked 
|  67|0x0000000087d00000, 0x0000000087e00000, 0x0000000087e00000|100%| O|  |TAMS 0x0000000087e00000, 0x0000000087d00000| Untracked 
|  68|0x0000000087e00000, 0x0000000087f00000, 0x0000000087f00000|100%| O|  |TAMS 0x0000000087f00000, 0x0000000087e00000| Untracked 
|  69|0x0000000087f00000, 0x0000000088000000, 0x0000000088000000|100%| O|  |TAMS 0x0000000088000000, 0x0000000087f00000| Untracked 
|  70|0x0000000088000000, 0x0000000088100000, 0x0000000088100000|100%| O|  |TAMS 0x0000000088100000, 0x0000000088000000| Untracked 
|  71|0x0000000088100000, 0x0000000088200000, 0x0000000088200000|100%| O|  |TAMS 0x0000000088200000, 0x0000000088100000| Untracked 
|  72|0x0000000088200000, 0x0000000088200000, 0x0000000088300000|  0%| F|  |TAMS 0x0000000088200000, 0x0000000088200000| Untracked 
|  73|0x0000000088300000, 0x0000000088400000, 0x0000000088400000|100%| O|  |TAMS 0x0000000088400000, 0x0000000088300000| Untracked 
|  74|0x0000000088400000, 0x0000000088500000, 0x0000000088500000|100%| O|  |TAMS 0x0000000088500000, 0x0000000088400000| Untracked 
|  75|0x0000000088500000, 0x0000000088600000, 0x0000000088600000|100%| O|  |TAMS 0x0000000088600000, 0x0000000088500000| Untracked 
|  76|0x0000000088600000, 0x0000000088700000, 0x0000000088700000|100%| O|  |TAMS 0x0000000088700000, 0x0000000088600000| Untracked 
|  77|0x0000000088700000, 0x0000000088800000, 0x0000000088800000|100%| O|  |TAMS 0x0000000088800000, 0x0000000088700000| Untracked 
|  78|0x0000000088800000, 0x0000000088900000, 0x0000000088900000|100%| O|  |TAMS 0x0000000088900000, 0x0000000088800000| Untracked 
|  79|0x0000000088900000, 0x0000000088a00000, 0x0000000088a00000|100%| O|  |TAMS 0x0000000088a00000, 0x0000000088900000| Untracked 
|  80|0x0000000088a00000, 0x0000000088b00000, 0x0000000088b00000|100%| O|  |TAMS 0x0000000088b00000, 0x0000000088a00000| Untracked 
|  81|0x0000000088b00000, 0x0000000088c00000, 0x0000000088c00000|100%| O|  |TAMS 0x0000000088c00000, 0x0000000088b00000| Untracked 
|  82|0x0000000088c00000, 0x0000000088d00000, 0x0000000088d00000|100%| O|  |TAMS 0x0000000088d00000, 0x0000000088c00000| Untracked 
|  83|0x0000000088d00000, 0x0000000088e00000, 0x0000000088e00000|100%| O|  |TAMS 0x0000000088e00000, 0x0000000088d00000| Untracked 
|  84|0x0000000088e00000, 0x0000000088f00000, 0x0000000088f00000|100%| O|  |TAMS 0x0000000088f00000, 0x0000000088e00000| Untracked 
|  85|0x0000000088f00000, 0x0000000089000000, 0x0000000089000000|100%| O|  |TAMS 0x0000000089000000, 0x0000000088f00000| Untracked 
|  86|0x0000000089000000, 0x0000000089100000, 0x0000000089100000|100%| O|  |TAMS 0x0000000089100000, 0x0000000089000000| Untracked 
|  87|0x0000000089100000, 0x0000000089200000, 0x0000000089200000|100%| O|  |TAMS 0x0000000089200000, 0x0000000089100000| Untracked 
|  88|0x0000000089200000, 0x0000000089300000, 0x0000000089300000|100%| O|  |TAMS 0x0000000089300000, 0x0000000089200000| Untracked 
|  89|0x0000000089300000, 0x0000000089300000, 0x0000000089400000|  0%| F|  |TAMS 0x0000000089300000, 0x0000000089300000| Untracked 
|  90|0x0000000089400000, 0x0000000089400000, 0x0000000089500000|  0%| F|  |TAMS 0x0000000089400000, 0x0000000089400000| Untracked 
|  91|0x0000000089500000, 0x0000000089600000, 0x0000000089600000|100%| O|  |TAMS 0x0000000089600000, 0x0000000089500000| Untracked 
|  92|0x0000000089600000, 0x0000000089700000, 0x0000000089700000|100%| O|  |TAMS 0x0000000089700000, 0x0000000089600000| Untracked 
|  93|0x0000000089700000, 0x0000000089800000, 0x0000000089800000|100%| O|  |TAMS 0x0000000089800000, 0x0000000089700000| Untracked 
|  94|0x0000000089800000, 0x0000000089900000, 0x0000000089900000|100%| O|  |TAMS 0x0000000089872a00, 0x0000000089800000| Untracked 
|  95|0x0000000089900000, 0x0000000089a00000, 0x0000000089a00000|100%| O|  |TAMS 0x0000000089900000, 0x0000000089900000| Untracked 
|  96|0x0000000089a00000, 0x0000000089b00000, 0x0000000089b00000|100%| O|  |TAMS 0x0000000089a00000, 0x0000000089a00000| Untracked 
|  97|0x0000000089b00000, 0x0000000089c00000, 0x0000000089c00000|100%| O|  |TAMS 0x0000000089b00000, 0x0000000089b00000| Untracked 
|  98|0x0000000089c00000, 0x0000000089cbe400, 0x0000000089d00000| 74%| O|  |TAMS 0x0000000089c00000, 0x0000000089c00000| Untracked 
|  99|0x0000000089d00000, 0x0000000089d00000, 0x0000000089e00000|  0%| F|  |TAMS 0x0000000089d00000, 0x0000000089d00000| Untracked 
| 100|0x0000000089e00000, 0x0000000089e00000, 0x0000000089f00000|  0%| F|  |TAMS 0x0000000089e00000, 0x0000000089e00000| Untracked 
| 101|0x0000000089f00000, 0x0000000089f00000, 0x000000008a000000|  0%| F|  |TAMS 0x0000000089f00000, 0x0000000089f00000| Untracked 
| 102|0x000000008a000000, 0x000000008a000000, 0x000000008a100000|  0%| F|  |TAMS 0x000000008a000000, 0x000000008a000000| Untracked 
| 103|0x000000008a100000, 0x000000008a100000, 0x000000008a200000|  0%| F|  |TAMS 0x000000008a100000, 0x000000008a100000| Untracked 
| 104|0x000000008a200000, 0x000000008a200000, 0x000000008a300000|  0%| F|  |TAMS 0x000000008a200000, 0x000000008a200000| Untracked 
| 105|0x000000008a300000, 0x000000008a300000, 0x000000008a400000|  0%| F|  |TAMS 0x000000008a300000, 0x000000008a300000| Untracked 
| 106|0x000000008a400000, 0x000000008a400000, 0x000000008a500000|  0%| F|  |TAMS 0x000000008a400000, 0x000000008a400000| Untracked 
| 107|0x000000008a500000, 0x000000008a500000, 0x000000008a600000|  0%| F|  |TAMS 0x000000008a500000, 0x000000008a500000| Untracked 
| 108|0x000000008a600000, 0x000000008a600000, 0x000000008a700000|  0%| F|  |TAMS 0x000000008a600000, 0x000000008a600000| Untracked 
| 109|0x000000008a700000, 0x000000008a700000, 0x000000008a800000|  0%| F|  |TAMS 0x000000008a700000, 0x000000008a700000| Untracked 
| 110|0x000000008a800000, 0x000000008a800000, 0x000000008a900000|  0%| F|  |TAMS 0x000000008a800000, 0x000000008a800000| Untracked 
| 111|0x000000008a900000, 0x000000008a900000, 0x000000008aa00000|  0%| F|  |TAMS 0x000000008a900000, 0x000000008a900000| Untracked 
| 112|0x000000008aa00000, 0x000000008aa00000, 0x000000008ab00000|  0%| F|  |TAMS 0x000000008aa00000, 0x000000008aa00000| Untracked 
| 113|0x000000008ab00000, 0x000000008ab00000, 0x000000008ac00000|  0%| F|  |TAMS 0x000000008ab00000, 0x000000008ab00000| Untracked 
| 114|0x000000008ac00000, 0x000000008ac00000, 0x000000008ad00000|  0%| F|  |TAMS 0x000000008ac00000, 0x000000008ac00000| Untracked 
| 115|0x000000008ad00000, 0x000000008ad00000, 0x000000008ae00000|  0%| F|  |TAMS 0x000000008ad00000, 0x000000008ad00000| Untracked 
| 116|0x000000008ae00000, 0x000000008ae00000, 0x000000008af00000|  0%| F|  |TAMS 0x000000008ae00000, 0x000000008ae00000| Untracked 
| 117|0x000000008af00000, 0x000000008af00000, 0x000000008b000000|  0%| F|  |TAMS 0x000000008af00000, 0x000000008af00000| Untracked 
| 118|0x000000008b000000, 0x000000008b000000, 0x000000008b100000|  0%| F|  |TAMS 0x000000008b000000, 0x000000008b000000| Untracked 
| 119|0x000000008b100000, 0x000000008b100000, 0x000000008b200000|  0%| F|  |TAMS 0x000000008b100000, 0x000000008b100000| Untracked 
| 120|0x000000008b200000, 0x000000008b29a950, 0x000000008b300000| 60%| S|CS|TAMS 0x000000008b200000, 0x000000008b200000| Complete 
| 121|0x000000008b300000, 0x000000008b300000, 0x000000008b400000|  0%| F|  |TAMS 0x000000008b300000, 0x000000008b300000| Untracked 
| 122|0x000000008b400000, 0x000000008b400000, 0x000000008b500000|  0%| F|  |TAMS 0x000000008b400000, 0x000000008b400000| Untracked 
| 123|0x000000008b500000, 0x000000008b500000, 0x000000008b600000|  0%| F|  |TAMS 0x000000008b500000, 0x000000008b500000| Untracked 
| 124|0x000000008b600000, 0x000000008b600000, 0x000000008b700000|  0%| F|  |TAMS 0x000000008b600000, 0x000000008b600000| Untracked 
| 125|0x000000008b700000, 0x000000008b700000, 0x000000008b800000|  0%| F|  |TAMS 0x000000008b700000, 0x000000008b700000| Untracked 
| 126|0x000000008b800000, 0x000000008b800000, 0x000000008b900000|  0%| F|  |TAMS 0x000000008b800000, 0x000000008b800000| Untracked 
| 127|0x000000008b900000, 0x000000008b900000, 0x000000008ba00000|  0%| F|  |TAMS 0x000000008b900000, 0x000000008b900000| Untracked 
| 128|0x000000008ba00000, 0x000000008ba00000, 0x000000008bb00000|  0%| F|  |TAMS 0x000000008ba00000, 0x000000008ba00000| Untracked 
| 129|0x000000008bb00000, 0x000000008bb00000, 0x000000008bc00000|  0%| F|  |TAMS 0x000000008bb00000, 0x000000008bb00000| Untracked 
| 130|0x000000008bc00000, 0x000000008bc00000, 0x000000008bd00000|  0%| F|  |TAMS 0x000000008bc00000, 0x000000008bc00000| Untracked 
| 131|0x000000008bd00000, 0x000000008bd00000, 0x000000008be00000|  0%| F|  |TAMS 0x000000008bd00000, 0x000000008bd00000| Untracked 
| 132|0x000000008be00000, 0x000000008be00000, 0x000000008bf00000|  0%| F|  |TAMS 0x000000008be00000, 0x000000008be00000| Untracked 
| 133|0x000000008bf00000, 0x000000008bf00000, 0x000000008c000000|  0%| F|  |TAMS 0x000000008bf00000, 0x000000008bf00000| Untracked 
| 134|0x000000008c000000, 0x000000008c000000, 0x000000008c100000|  0%| F|  |TAMS 0x000000008c000000, 0x000000008c000000| Untracked 
| 135|0x000000008c100000, 0x000000008c100000, 0x000000008c200000|  0%| F|  |TAMS 0x000000008c100000, 0x000000008c100000| Untracked 
| 136|0x000000008c200000, 0x000000008c200000, 0x000000008c300000|  0%| F|  |TAMS 0x000000008c200000, 0x000000008c200000| Untracked 
| 137|0x000000008c300000, 0x000000008c300000, 0x000000008c400000|  0%| F|  |TAMS 0x000000008c300000, 0x000000008c300000| Untracked 
| 138|0x000000008c400000, 0x000000008c400000, 0x000000008c500000|  0%| F|  |TAMS 0x000000008c400000, 0x000000008c400000| Untracked 
| 139|0x000000008c500000, 0x000000008c500000, 0x000000008c600000|  0%| F|  |TAMS 0x000000008c500000, 0x000000008c500000| Untracked 
| 140|0x000000008c600000, 0x000000008c600000, 0x000000008c700000|  0%| F|  |TAMS 0x000000008c600000, 0x000000008c600000| Untracked 
| 141|0x000000008c700000, 0x000000008c700000, 0x000000008c800000|  0%| F|  |TAMS 0x000000008c700000, 0x000000008c700000| Untracked 
| 142|0x000000008c800000, 0x000000008c800000, 0x000000008c900000|  0%| F|  |TAMS 0x000000008c800000, 0x000000008c800000| Untracked 
| 143|0x000000008c900000, 0x000000008c900000, 0x000000008ca00000|  0%| F|  |TAMS 0x000000008c900000, 0x000000008c900000| Untracked 
| 144|0x000000008ca00000, 0x000000008ca00000, 0x000000008cb00000|  0%| F|  |TAMS 0x000000008ca00000, 0x000000008ca00000| Untracked 
| 145|0x000000008cb00000, 0x000000008cb00000, 0x000000008cc00000|  0%| F|  |TAMS 0x000000008cb00000, 0x000000008cb00000| Untracked 
| 146|0x000000008cc00000, 0x000000008cc00000, 0x000000008cd00000|  0%| F|  |TAMS 0x000000008cc00000, 0x000000008cc00000| Untracked 
| 147|0x000000008cd00000, 0x000000008cd00000, 0x000000008ce00000|  0%| F|  |TAMS 0x000000008cd00000, 0x000000008cd00000| Untracked 
| 148|0x000000008ce00000, 0x000000008ce00000, 0x000000008cf00000|  0%| F|  |TAMS 0x000000008ce00000, 0x000000008ce00000| Untracked 
| 149|0x000000008cf00000, 0x000000008cf00000, 0x000000008d000000|  0%| F|  |TAMS 0x000000008cf00000, 0x000000008cf00000| Untracked 
| 150|0x000000008d000000, 0x000000008d000000, 0x000000008d100000|  0%| F|  |TAMS 0x000000008d000000, 0x000000008d000000| Untracked 
| 151|0x000000008d100000, 0x000000008d100000, 0x000000008d200000|  0%| F|  |TAMS 0x000000008d100000, 0x000000008d100000| Untracked 
| 152|0x000000008d200000, 0x000000008d200000, 0x000000008d300000|  0%| F|  |TAMS 0x000000008d200000, 0x000000008d200000| Untracked 
| 153|0x000000008d300000, 0x000000008d300000, 0x000000008d400000|  0%| F|  |TAMS 0x000000008d300000, 0x000000008d300000| Untracked 
| 154|0x000000008d400000, 0x000000008d400000, 0x000000008d500000|  0%| F|  |TAMS 0x000000008d400000, 0x000000008d400000| Untracked 
| 155|0x000000008d500000, 0x000000008d500000, 0x000000008d600000|  0%| F|  |TAMS 0x000000008d500000, 0x000000008d500000| Untracked 
| 156|0x000000008d600000, 0x000000008d600000, 0x000000008d700000|  0%| F|  |TAMS 0x000000008d600000, 0x000000008d600000| Untracked 
| 157|0x000000008d700000, 0x000000008d700000, 0x000000008d800000|  0%| F|  |TAMS 0x000000008d700000, 0x000000008d700000| Untracked 
| 158|0x000000008d800000, 0x000000008d800000, 0x000000008d900000|  0%| F|  |TAMS 0x000000008d800000, 0x000000008d800000| Untracked 
| 159|0x000000008d900000, 0x000000008d900000, 0x000000008da00000|  0%| F|  |TAMS 0x000000008d900000, 0x000000008d900000| Untracked 
| 160|0x000000008da00000, 0x000000008da00000, 0x000000008db00000|  0%| F|  |TAMS 0x000000008da00000, 0x000000008da00000| Untracked 
| 161|0x000000008db00000, 0x000000008db00000, 0x000000008dc00000|  0%| F|  |TAMS 0x000000008db00000, 0x000000008db00000| Untracked 
| 162|0x000000008dc00000, 0x000000008dc00000, 0x000000008dd00000|  0%| F|  |TAMS 0x000000008dc00000, 0x000000008dc00000| Untracked 
| 163|0x000000008dd00000, 0x000000008dd00000, 0x000000008de00000|  0%| F|  |TAMS 0x000000008dd00000, 0x000000008dd00000| Untracked 
| 164|0x000000008de00000, 0x000000008de00000, 0x000000008df00000|  0%| F|  |TAMS 0x000000008de00000, 0x000000008de00000| Untracked 
| 165|0x000000008df00000, 0x000000008df00000, 0x000000008e000000|  0%| F|  |TAMS 0x000000008df00000, 0x000000008df00000| Untracked 
| 166|0x000000008e000000, 0x000000008e000000, 0x000000008e100000|  0%| F|  |TAMS 0x000000008e000000, 0x000000008e000000| Untracked 
| 167|0x000000008e100000, 0x000000008e100000, 0x000000008e200000|  0%| F|  |TAMS 0x000000008e100000, 0x000000008e100000| Untracked 
| 168|0x000000008e200000, 0x000000008e200000, 0x000000008e300000|  0%| F|  |TAMS 0x000000008e200000, 0x000000008e200000| Untracked 
| 169|0x000000008e300000, 0x000000008e300000, 0x000000008e400000|  0%| F|  |TAMS 0x000000008e300000, 0x000000008e300000| Untracked 
| 170|0x000000008e400000, 0x000000008e400000, 0x000000008e500000|  0%| F|  |TAMS 0x000000008e400000, 0x000000008e400000| Untracked 
| 171|0x000000008e500000, 0x000000008e500000, 0x000000008e600000|  0%| F|  |TAMS 0x000000008e500000, 0x000000008e500000| Untracked 
| 172|0x000000008e600000, 0x000000008e600000, 0x000000008e700000|  0%| F|  |TAMS 0x000000008e600000, 0x000000008e600000| Untracked 
| 173|0x000000008e700000, 0x000000008e700000, 0x000000008e800000|  0%| F|  |TAMS 0x000000008e700000, 0x000000008e700000| Untracked 
| 174|0x000000008e800000, 0x000000008e800000, 0x000000008e900000|  0%| F|  |TAMS 0x000000008e800000, 0x000000008e800000| Untracked 
| 175|0x000000008e900000, 0x000000008e900000, 0x000000008ea00000|  0%| F|  |TAMS 0x000000008e900000, 0x000000008e900000| Untracked 
| 176|0x000000008ea00000, 0x000000008ea00000, 0x000000008eb00000|  0%| F|  |TAMS 0x000000008ea00000, 0x000000008ea00000| Untracked 
| 177|0x000000008eb00000, 0x000000008eb00000, 0x000000008ec00000|  0%| F|  |TAMS 0x000000008eb00000, 0x000000008eb00000| Untracked 
| 178|0x000000008ec00000, 0x000000008ec00000, 0x000000008ed00000|  0%| F|  |TAMS 0x000000008ec00000, 0x000000008ec00000| Untracked 
| 179|0x000000008ed00000, 0x000000008ed00000, 0x000000008ee00000|  0%| F|  |TAMS 0x000000008ed00000, 0x000000008ed00000| Untracked 
| 180|0x000000008ee00000, 0x000000008ee00000, 0x000000008ef00000|  0%| F|  |TAMS 0x000000008ee00000, 0x000000008ee00000| Untracked 
| 181|0x000000008ef00000, 0x000000008ef00000, 0x000000008f000000|  0%| F|  |TAMS 0x000000008ef00000, 0x000000008ef00000| Untracked 
| 182|0x000000008f000000, 0x000000008f000000, 0x000000008f100000|  0%| F|  |TAMS 0x000000008f000000, 0x000000008f000000| Untracked 
| 183|0x000000008f100000, 0x000000008f100000, 0x000000008f200000|  0%| F|  |TAMS 0x000000008f100000, 0x000000008f100000| Untracked 
| 184|0x000000008f200000, 0x000000008f200000, 0x000000008f300000|  0%| F|  |TAMS 0x000000008f200000, 0x000000008f200000| Untracked 
| 185|0x000000008f300000, 0x000000008f300000, 0x000000008f400000|  0%| F|  |TAMS 0x000000008f300000, 0x000000008f300000| Untracked 
| 186|0x000000008f400000, 0x000000008f400000, 0x000000008f500000|  0%| F|  |TAMS 0x000000008f400000, 0x000000008f400000| Untracked 
| 187|0x000000008f500000, 0x000000008f500000, 0x000000008f600000|  0%| F|  |TAMS 0x000000008f500000, 0x000000008f500000| Untracked 
| 188|0x000000008f600000, 0x000000008f600000, 0x000000008f700000|  0%| F|  |TAMS 0x000000008f600000, 0x000000008f600000| Untracked 
| 189|0x000000008f700000, 0x000000008f700000, 0x000000008f800000|  0%| F|  |TAMS 0x000000008f700000, 0x000000008f700000| Untracked 
| 190|0x000000008f800000, 0x000000008f800000, 0x000000008f900000|  0%| F|  |TAMS 0x000000008f800000, 0x000000008f800000| Untracked 
| 191|0x000000008f900000, 0x000000008f900000, 0x000000008fa00000|  0%| F|  |TAMS 0x000000008f900000, 0x000000008f900000| Untracked 
| 192|0x000000008fa00000, 0x000000008fa00000, 0x000000008fb00000|  0%| F|  |TAMS 0x000000008fa00000, 0x000000008fa00000| Untracked 
| 193|0x000000008fb00000, 0x000000008fb00000, 0x000000008fc00000|  0%| F|  |TAMS 0x000000008fb00000, 0x000000008fb00000| Untracked 
| 194|0x000000008fc00000, 0x000000008fc00000, 0x000000008fd00000|  0%| F|  |TAMS 0x000000008fc00000, 0x000000008fc00000| Untracked 
| 195|0x000000008fd00000, 0x000000008fd00000, 0x000000008fe00000|  0%| F|  |TAMS 0x000000008fd00000, 0x000000008fd00000| Untracked 
| 196|0x000000008fe00000, 0x000000008fe00000, 0x000000008ff00000|  0%| F|  |TAMS 0x000000008fe00000, 0x000000008fe00000| Untracked 
| 197|0x000000008ff00000, 0x000000008ff00000, 0x0000000090000000|  0%| F|  |TAMS 0x000000008ff00000, 0x000000008ff00000| Untracked 
| 198|0x0000000090000000, 0x0000000090000000, 0x0000000090100000|  0%| F|  |TAMS 0x0000000090000000, 0x0000000090000000| Untracked 
| 199|0x0000000090100000, 0x0000000090100000, 0x0000000090200000|  0%| F|  |TAMS 0x0000000090100000, 0x0000000090100000| Untracked 
| 200|0x0000000090200000, 0x0000000090200000, 0x0000000090300000|  0%| F|  |TAMS 0x0000000090200000, 0x0000000090200000| Untracked 
| 201|0x0000000090300000, 0x0000000090300000, 0x0000000090400000|  0%| F|  |TAMS 0x0000000090300000, 0x0000000090300000| Untracked 
| 202|0x0000000090400000, 0x0000000090400000, 0x0000000090500000|  0%| F|  |TAMS 0x0000000090400000, 0x0000000090400000| Untracked 
| 203|0x0000000090500000, 0x0000000090500000, 0x0000000090600000|  0%| F|  |TAMS 0x0000000090500000, 0x0000000090500000| Untracked 
| 204|0x0000000090600000, 0x0000000090600000, 0x0000000090700000|  0%| F|  |TAMS 0x0000000090600000, 0x0000000090600000| Untracked 

Card table byte_map: [0x0000021a7a290000,0x0000021a7a680000] _byte_map_base: 0x0000021a79e73000

Marking Bits (Prev, Next): (CMBitMap*) 0x0000021a6f34a980, (CMBitMap*) 0x0000021a6f34a9c0
 Prev Bits: [0x0000021a7aa70000, 0x0000021a7c988000)
 Next Bits: [0x0000021a7c990000, 0x0000021a7e8a8000)

Polling page: 0x0000021a6eaa0000

Metaspace:

Usage:
  Non-class:     76.99 MB used.
      Class:     12.20 MB used.
       Both:     89.19 MB used.

Virtual space:
  Non-class space:      128.00 MB reserved,      77.50 MB ( 61%) committed,  2 nodes.
      Class space:        1.00 GB reserved,      12.62 MB (  1%) committed,  1 nodes.
             Both:        1.12 GB reserved,      90.12 MB (  8%) committed. 

Chunk freelists:
   Non-Class:  2.21 MB
       Class:  3.27 MB
        Both:  5.47 MB

MaxMetaspaceSize: unlimited
CompressedClassSpaceSize: 1.00 GB
Initial GC threshold: 21.00 MB
Current GC threshold: 150.25 MB
CDS: on
MetaspaceReclaimPolicy: balanced
 - commit_granule_bytes: 65536.
 - commit_granule_words: 8192.
 - virtual_space_node_default_size: 8388608.
 - enlarge_chunks_in_place: 1.
 - new_chunks_are_fully_committed: 0.
 - uncommit_free_chunks: 1.
 - use_allocation_guard: 0.
 - handle_deallocations: 1.


Internal statistics:

num_allocs_failed_limit: 12.
num_arena_births: 1636.
num_arena_deaths: 470.
num_vsnodes_births: 3.
num_vsnodes_deaths: 0.
num_space_committed: 1442.
num_space_uncommitted: 0.
num_chunks_returned_to_freelist: 610.
num_chunks_taken_from_freelist: 5542.
num_chunk_merges: 188.
num_chunk_splits: 3467.
num_chunks_enlarged: 2317.
num_inconsistent_stats: 0.

CodeCache: size=49152Kb used=26623Kb max_used=27738Kb free=22528Kb
 bounds [0x0000021a76b70000, 0x0000021a78700000, 0x0000021a79b70000]
 total_blobs=16324 nmethods=15567 adapters=682
 compilation: enabled
              stopped_count=0, restarted_count=0
 full_count=0

Compilation events (20 events):
Event: 253.221 Thread 0x0000021a4a2c3560 nmethod 15760 0x0000021a7861ab90 code [0x0000021a7861ad80, 0x0000021a7861b008]
Event: 253.221 Thread 0x0000021a7f4d2cf0 nmethod 15759 0x0000021a7861a610 code [0x0000021a7861a7c0, 0x0000021a7861aa08]
Event: 264.895 Thread 0x0000021a7f4d2cf0 15761       1       java.util.HashMap::valuesToArray (81 bytes)
Event: 264.895 Thread 0x0000021a7f4d2cf0 nmethod 15761 0x0000021a7861a090 code [0x0000021a7861a240, 0x0000021a7861a498]
Event: 268.104 Thread 0x0000021a7f4d2cf0 15762       1       org.apache.coyote.AbstractProtocol$$Lambda$1787/0x0000021a03a1e650::run (8 bytes)
Event: 268.105 Thread 0x0000021a7f4d2cf0 nmethod 15762 0x0000021a78619d90 code [0x0000021a78619f20, 0x0000021a7861a008]
Event: 268.105 Thread 0x0000021a7f4d2cf0 15763       1       org.apache.coyote.AbstractProtocol::lambda$startAsyncTimeout$1 (46 bytes)
Event: 268.105 Thread 0x0000021a7f4d2cf0 nmethod 15763 0x0000021a78619890 code [0x0000021a78619a60, 0x0000021a78619c58]
Event: 269.595 Thread 0x0000021a7f4d2cf0 15764       1       com.mysql.cj.protocol.a.NativePacketPayload::<init> (38 bytes)
Event: 269.596 Thread 0x0000021a7f4d2cf0 nmethod 15764 0x0000021a78619390 code [0x0000021a78619520, 0x0000021a786197b8]
Event: 269.597 Thread 0x0000021a7f4d2cf0 15765   !   1       com.mysql.cj.jdbc.ConnectionImpl::clearWarnings (11 bytes)
Event: 269.597 Thread 0x0000021a7f4d2cf0 nmethod 15765 0x0000021a78619090 code [0x0000021a78619220, 0x0000021a786192d8]
Event: 269.617 Thread 0x0000021a7f4d2cf0 15766       1       org.hibernate.engine.jdbc.spi.SqlStatementLogger::logSlowQuery (95 bytes)
Event: 269.618 Thread 0x0000021a7f4d2cf0 nmethod 15766 0x0000021a78618790 code [0x0000021a786189a0, 0x0000021a78618e28]
Event: 269.618 Thread 0x0000021a7f4d2cf0 15767       1       org.hibernate.sql.results.graph.entity.AbstractEntityResultGraphNode::getReferencedMappingContainer (5 bytes)
Event: 269.618 Thread 0x0000021a7f4d2cf0 nmethod 15767 0x0000021a78618490 code [0x0000021a78618620, 0x0000021a78618708]
Event: 283.820 Thread 0x0000021a7f4d2cf0 15768       1       org.springframework.boot.devtools.filewatch.FileSystemWatcher$Watcher::scan (63 bytes)
Event: 283.824 Thread 0x0000021a7f4d2cf0 nmethod 15768 0x0000021a78617f10 code [0x0000021a78618100, 0x0000021a78618308]
Event: 284.429 Thread 0x0000021a7f4d2cf0 15769       1       org.springframework.boot.devtools.filewatch.FileSystemWatcher$Watcher::getCurrentSnapshots (63 bytes)
Event: 285.319 Thread 0x0000021a7f4d2cf0 nmethod 15769 0x0000021a78617690 code [0x0000021a786178a0, 0x0000021a78617c58]

GC Heap History (20 events):
Event: 101.682 GC heap after
{Heap after GC invocations=47 (full 0):
 garbage-first heap   total 172032K, used 81600K [0x0000000083a00000, 0x0000000100000000)
  region size 1024K, 5 young (5120K), 5 survivors (5120K)
 Metaspace       used 85503K, committed 86464K, reserved 1179648K
  class space    used 11774K, committed 12224K, reserved 1048576K
}
Event: 102.283 GC heap before
{Heap before GC invocations=48 (full 0):
 garbage-first heap   total 209920K, used 143040K [0x0000000083a00000, 0x0000000100000000)
  region size 1024K, 66 young (67584K), 5 survivors (5120K)
 Metaspace       used 87636K, committed 88448K, reserved 1179648K
  class space    used 12097K, committed 12480K, reserved 1048576K
}
Event: 102.290 GC heap after
{Heap after GC invocations=49 (full 0):
 garbage-first heap   total 209920K, used 84743K [0x0000000083a00000, 0x0000000100000000)
  region size 1024K, 8 young (8192K), 8 survivors (8192K)
 Metaspace       used 87636K, committed 88448K, reserved 1179648K
  class space    used 12097K, committed 12480K, reserved 1048576K
}
Event: 102.311 GC heap before
{Heap before GC invocations=49 (full 0):
 garbage-first heap   total 209920K, used 85767K [0x0000000083a00000, 0x0000000100000000)
  region size 1024K, 10 young (10240K), 8 survivors (8192K)
 Metaspace       used 87636K, committed 88448K, reserved 1179648K
  class space    used 12097K, committed 12480K, reserved 1048576K
}
Event: 102.469 GC heap after
{Heap after GC invocations=50 (full 0):
 garbage-first heap   total 209920K, used 76980K [0x0000000083a00000, 0x0000000100000000)
  region size 1024K, 2 young (2048K), 2 survivors (2048K)
 Metaspace       used 87636K, committed 88448K, reserved 1179648K
  class space    used 12097K, committed 12480K, reserved 1048576K
}
Event: 103.398 GC heap before
{Heap before GC invocations=50 (full 0):
 garbage-first heap   total 209920K, used 177332K [0x0000000083a00000, 0x0000000100000000)
  region size 1024K, 101 young (103424K), 2 survivors (2048K)
 Metaspace       used 89142K, committed 89920K, reserved 1179648K
  class space    used 12232K, committed 12608K, reserved 1048576K
}
Event: 103.402 GC heap after
{Heap after GC invocations=51 (full 0):
 garbage-first heap   total 209920K, used 83040K [0x0000000083a00000, 0x0000000100000000)
  region size 1024K, 8 young (8192K), 8 survivors (8192K)
 Metaspace       used 89142K, committed 89920K, reserved 1179648K
  class space    used 12232K, committed 12608K, reserved 1048576K
}
Event: 110.055 GC heap before
{Heap before GC invocations=51 (full 0):
 garbage-first heap   total 209920K, used 173152K [0x0000000083a00000, 0x0000000100000000)
  region size 1024K, 96 young (98304K), 8 survivors (8192K)
 Metaspace       used 91397K, committed 92224K, reserved 1179648K
  class space    used 12506K, committed 12928K, reserved 1048576K
}
Event: 110.064 GC heap after
{Heap after GC invocations=52 (full 0):
 garbage-first heap   total 209920K, used 92162K [0x0000000083a00000, 0x0000000100000000)
  region size 1024K, 9 young (9216K), 9 survivors (9216K)
 Metaspace       used 91397K, committed 92224K, reserved 1179648K
  class space    used 12506K, committed 12928K, reserved 1048576K
}
Event: 110.291 GC heap before
{Heap before GC invocations=52 (full 0):
 garbage-first heap   total 209920K, used 171010K [0x0000000083a00000, 0x0000000100000000)
  region size 1024K, 86 young (88064K), 9 survivors (9216K)
 Metaspace       used 91397K, committed 92224K, reserved 1179648K
  class space    used 12506K, committed 12928K, reserved 1048576K
}
Event: 110.298 GC heap after
{Heap after GC invocations=53 (full 0):
 garbage-first heap   total 209920K, used 99001K [0x0000000083a00000, 0x0000000100000000)
  region size 1024K, 7 young (7168K), 7 survivors (7168K)
 Metaspace       used 91397K, committed 92224K, reserved 1179648K
  class space    used 12506K, committed 12928K, reserved 1048576K
}
Event: 160.053 GC heap before
{Heap before GC invocations=53 (full 0):
 garbage-first heap   total 209920K, used 169657K [0x0000000083a00000, 0x0000000100000000)
  region size 1024K, 77 young (78848K), 7 survivors (7168K)
 Metaspace       used 91401K, committed 92224K, reserved 1179648K
  class space    used 12506K, committed 12928K, reserved 1048576K
}
Event: 160.057 GC heap after
{Heap after GC invocations=54 (full 0):
 garbage-first heap   total 209920K, used 99917K [0x0000000083a00000, 0x0000000100000000)
  region size 1024K, 4 young (4096K), 4 survivors (4096K)
 Metaspace       used 91401K, committed 92224K, reserved 1179648K
  class space    used 12506K, committed 12928K, reserved 1048576K
}
Event: 183.337 GC heap before
{Heap before GC invocations=54 (full 0):
 garbage-first heap   total 209920K, used 169549K [0x0000000083a00000, 0x0000000100000000)
  region size 1024K, 73 young (74752K), 4 survivors (4096K)
 Metaspace       used 91475K, committed 92288K, reserved 1179648K
  class space    used 12523K, committed 12928K, reserved 1048576K
}
Event: 183.339 GC heap after
{Heap after GC invocations=55 (full 0):
 garbage-first heap   total 209920K, used 99215K [0x0000000083a00000, 0x0000000100000000)
  region size 1024K, 3 young (3072K), 3 survivors (3072K)
 Metaspace       used 91475K, committed 92288K, reserved 1179648K
  class space    used 12523K, committed 12928K, reserved 1048576K
}
Event: 242.719 GC heap before
{Heap before GC invocations=56 (full 0):
 garbage-first heap   total 209920K, used 168847K [0x0000000083a00000, 0x0000000100000000)
  region size 1024K, 75 young (76800K), 3 survivors (3072K)
 Metaspace       used 91323K, committed 92288K, reserved 1179648K
  class space    used 12488K, committed 12928K, reserved 1048576K
}
Event: 242.864 GC heap after
{Heap after GC invocations=57 (full 0):
 garbage-first heap   total 209920K, used 95015K [0x0000000083a00000, 0x0000000100000000)
  region size 1024K, 3 young (3072K), 3 survivors (3072K)
 Metaspace       used 91323K, committed 92288K, reserved 1179648K
  class space    used 12488K, committed 12928K, reserved 1048576K
}
Event: 246.616 GC heap before
{Heap before GC invocations=57 (full 0):
 garbage-first heap   total 209920K, used 102183K [0x0000000083a00000, 0x0000000100000000)
  region size 1024K, 10 young (10240K), 3 survivors (3072K)
 Metaspace       used 91323K, committed 92288K, reserved 1179648K
  class space    used 12488K, committed 12928K, reserved 1048576K
}
Event: 246.740 GC heap after
{Heap after GC invocations=58 (full 0):
 garbage-first heap   total 209920K, used 85786K [0x0000000083a00000, 0x0000000100000000)
  region size 1024K, 2 young (2048K), 2 survivors (2048K)
 Metaspace       used 91323K, committed 92288K, reserved 1179648K
  class space    used 12488K, committed 12928K, reserved 1048576K
}
Event: 289.856 GC heap before
{Heap before GC invocations=58 (full 0):
 garbage-first heap   total 209920K, used 169754K [0x0000000083a00000, 0x0000000100000000)
  region size 1024K, 84 young (86016K), 2 survivors (2048K)
 Metaspace       used 91329K, committed 92288K, reserved 1179648K
  class space    used 12489K, committed 12928K, reserved 1048576K
}

Deoptimization events (20 events):
Event: 6.768 Thread 0x0000021a477bbb30 DEOPT PACKING pc=0x0000021a77055722 sp=0x000000e505dfc090
Event: 6.768 Thread 0x0000021a477bbb30 DEOPT UNPACKING pc=0x0000021a76bc66e3 sp=0x000000e505dfb598 mode 3
Event: 6.768 Thread 0x0000021a477bbb30 DEOPT PACKING pc=0x0000021a7701b695 sp=0x000000e505dfc050
Event: 6.768 Thread 0x0000021a477bbb30 DEOPT UNPACKING pc=0x0000021a76bc66e3 sp=0x000000e505dfb598 mode 3
Event: 9.651 Thread 0x0000021a477bbb30 DEOPT PACKING pc=0x0000021a77d0ff44 sp=0x000000e505dfc0c0
Event: 9.651 Thread 0x0000021a477bbb30 DEOPT UNPACKING pc=0x0000021a76bc66e3 sp=0x000000e505dfb558 mode 3
Event: 11.143 Thread 0x0000021a477bbb30 DEOPT PACKING pc=0x0000021a77c7135c sp=0x000000e505dfda20
Event: 11.143 Thread 0x0000021a477bbb30 DEOPT UNPACKING pc=0x0000021a76bc66e3 sp=0x000000e505dfcf40 mode 0
Event: 34.992 Thread 0x0000021a48ded520 DEOPT PACKING pc=0x0000021a775ee95d sp=0x000000e5073fed20
Event: 34.992 Thread 0x0000021a48ded520 DEOPT UNPACKING pc=0x0000021a76bc66e3 sp=0x000000e5073fe288 mode 3
Event: 60.267 Thread 0x0000021a48deaca0 DEOPT PACKING pc=0x0000021a7713b134 sp=0x000000e5077f8290
Event: 60.267 Thread 0x0000021a48decb00 DEOPT PACKING pc=0x0000021a7713b134 sp=0x000000e5071f8490
Event: 60.267 Thread 0x0000021a48ded010 DEOPT PACKING pc=0x0000021a7713b134 sp=0x000000e5078f81b0
Event: 60.267 Thread 0x0000021a48deaca0 DEOPT UNPACKING pc=0x0000021a76bc66e3 sp=0x000000e5077f7778 mode 0
Event: 60.267 Thread 0x0000021a48ded010 DEOPT UNPACKING pc=0x0000021a76bc66e3 sp=0x000000e5078f7698 mode 0
Event: 60.267 Thread 0x0000021a48decb00 DEOPT UNPACKING pc=0x0000021a76bc66e3 sp=0x000000e5071f7978 mode 0
Event: 66.219 Thread 0x0000021a48def380 DEOPT PACKING pc=0x0000021a77e01bb3 sp=0x000000e5076f9c40
Event: 66.219 Thread 0x0000021a48def380 DEOPT UNPACKING pc=0x0000021a76bc66e3 sp=0x000000e5076f9168 mode 3
Event: 67.526 Thread 0x0000021a48decb00 DEOPT PACKING pc=0x0000021a77f88c63 sp=0x000000e5071f8230
Event: 67.526 Thread 0x0000021a48decb00 DEOPT UNPACKING pc=0x0000021a76bc66e3 sp=0x000000e5071f7740 mode 3

Classes unloaded (20 events):
Event: 183.376 Thread 0x0000021a7f4b2100 Unloading class 0x0000021a03483c00 'java/lang/invoke/LambdaForm$MH+0x0000021a03483c00'
Event: 183.376 Thread 0x0000021a7f4b2100 Unloading class 0x0000021a03483800 'java/lang/invoke/LambdaForm$MH+0x0000021a03483800'
Event: 183.376 Thread 0x0000021a7f4b2100 Unloading class 0x0000021a03483400 'java/lang/invoke/LambdaForm$MH+0x0000021a03483400'
Event: 183.376 Thread 0x0000021a7f4b2100 Unloading class 0x0000021a03483000 'java/lang/invoke/LambdaForm$MH+0x0000021a03483000'
Event: 183.376 Thread 0x0000021a7f4b2100 Unloading class 0x0000021a03482c00 'java/lang/invoke/LambdaForm$MH+0x0000021a03482c00'
Event: 183.376 Thread 0x0000021a7f4b2100 Unloading class 0x0000021a03482800 'java/lang/invoke/LambdaForm$MH+0x0000021a03482800'
Event: 183.376 Thread 0x0000021a7f4b2100 Unloading class 0x0000021a03482400 'java/lang/invoke/LambdaForm$MH+0x0000021a03482400'
Event: 183.376 Thread 0x0000021a7f4b2100 Unloading class 0x0000021a03482000 'java/lang/invoke/LambdaForm$MH+0x0000021a03482000'
Event: 183.376 Thread 0x0000021a7f4b2100 Unloading class 0x0000021a03321800 'java/lang/invoke/LambdaForm$MH+0x0000021a03321800'
Event: 183.376 Thread 0x0000021a7f4b2100 Unloading class 0x0000021a03321400 'java/lang/invoke/LambdaForm$MH+0x0000021a03321400'
Event: 183.376 Thread 0x0000021a7f4b2100 Unloading class 0x0000021a03320c00 'java/lang/invoke/LambdaForm$MH+0x0000021a03320c00'
Event: 183.376 Thread 0x0000021a7f4b2100 Unloading class 0x0000021a0331d800 'java/lang/invoke/LambdaForm$MH+0x0000021a0331d800'
Event: 183.376 Thread 0x0000021a7f4b2100 Unloading class 0x0000021a0331d400 'java/lang/invoke/LambdaForm$MH+0x0000021a0331d400'
Event: 183.376 Thread 0x0000021a7f4b2100 Unloading class 0x0000021a0331d000 'java/lang/invoke/LambdaForm$MH+0x0000021a0331d000'
Event: 183.376 Thread 0x0000021a7f4b2100 Unloading class 0x0000021a0331cc00 'java/lang/invoke/LambdaForm$MH+0x0000021a0331cc00'
Event: 183.376 Thread 0x0000021a7f4b2100 Unloading class 0x0000021a0331c800 'java/lang/invoke/LambdaForm$MH+0x0000021a0331c800'
Event: 183.376 Thread 0x0000021a7f4b2100 Unloading class 0x0000021a0331c400 'java/lang/invoke/LambdaForm$MH+0x0000021a0331c400'
Event: 183.376 Thread 0x0000021a7f4b2100 Unloading class 0x0000021a032f0400 'java/lang/invoke/LambdaForm$MH+0x0000021a032f0400'
Event: 183.376 Thread 0x0000021a7f4b2100 Unloading class 0x0000021a032f0000 'java/lang/invoke/LambdaForm$MH+0x0000021a032f0000'
Event: 183.376 Thread 0x0000021a7f4b2100 Unloading class 0x0000021a0318c000 'jdk/internal/reflect/GeneratedConstructorAccessor2'

Classes redefined (0 events):
No events

Internal exceptions (20 events):
Event: 34.760 Thread 0x0000021a48dedf40 Exception <a 'java/lang/NoSuchMethodError'{0x000000008dbcca78}: 'java.lang.Object java.lang.invoke.Invokers$Holder.linkToTargetMethod(java.lang.Object, java.lang.Object, java.lang.Object, long, java.lang.Object)'> (0x000000008dbcca78) 
thrown [s\open\src\hotspot\share\interpreter\linkResolver.cpp, line 759]
Event: 34.844 Thread 0x0000021a48dedf40 Exception <a 'java/lang/NoSuchMethodError'{0x000000008d787c40}: 'java.lang.Object java.lang.invoke.DirectMethodHandle$Holder.invokeStatic(java.lang.Object, int, int)'> (0x000000008d787c40) 
thrown [s\open\src\hotspot\share\interpreter\linkResolver.cpp, line 759]
Event: 60.285 Thread 0x0000021a48deaca0 Exception <a 'java/lang/NoSuchMethodError'{0x000000008dabf3c0}: 'java.lang.Object java.lang.invoke.DirectMethodHandle$Holder.newInvokeSpecial(java.lang.Object, long)'> (0x000000008dabf3c0) 
thrown [s\open\src\hotspot\share\interpreter\linkResolver.cpp, line 759]
Event: 71.177 Thread 0x0000021a48de9860 Exception <a 'java/lang/NoSuchMethodError'{0x000000008af20518}: 'java.lang.Object java.lang.invoke.DirectMethodHandle$Holder.invokeSpecial(java.lang.Object, java.lang.Object, long, int, int, int, int, int, int, int, int, int)'> (0x000000008af20518) 
thrown [s\open\src\hotspot\share\interpreter\linkResolver.cpp, line 759]
Event: 71.177 Thread 0x0000021a48de9860 Exception <a 'java/lang/NoSuchMethodError'{0x000000008af241b0}: 'java.lang.Object java.lang.invoke.DelegatingMethodHandle$Holder.reinvoke_L(java.lang.Object, long, int, int, int, int, int, int, int, int, int)'> (0x000000008af241b0) 
thrown [s\open\src\hotspot\share\interpreter\linkResolver.cpp, line 759]
Event: 72.986 Thread 0x0000021a48deaca0 Exception <a 'java/lang/NoSuchMethodError'{0x000000008a78df20}: 'java.lang.Object java.lang.invoke.DirectMethodHandle$Holder.newInvokeSpecial(java.lang.Object, java.lang.Object, java.lang.Object, java.lang.Object, java.lang.Object, java.lang.Object, java.lang.Object, java.lang.Object)'> (0x000000008a78df20) 
thrown [s\open\src\hotspot\share\interpreter\linkResolver.cpp, line 759]
Event: 72.987 Thread 0x0000021a48deaca0 Exception <a 'java/lang/NoSuchMethodError'{0x000000008a792fd8}: 'java.lang.Object java.lang.invoke.Invokers$Holder.linkToTargetMethod(java.lang.Object, java.lang.Object, java.lang.Object, java.lang.Object, java.lang.Object, java.lang.Object, java.lang.Object, java.lang.Object)'> (0x000000008a792fd8) 
thrown [s\open\src\hotspot\share\interpreter\linkResolver.cpp, line 759]
Event: 101.362 Thread 0x0000021a48dee960 Exception <a 'java/lang/IncompatibleClassChangeError'{0x000000008aeef938}: Found class java.lang.Object, but interface was expected> (0x000000008aeef938) 
thrown [s\open\src\hotspot\share\interpreter\linkResolver.cpp, line 826]
Event: 101.542 Thread 0x0000021a48dee960 Exception <a 'java/lang/NoSuchMethodError'{0x000000008a9d0fb8}: 'java.lang.Object java.lang.invoke.DirectMethodHandle$Holder.invokeStatic(java.lang.Object, java.lang.Object, int, int)'> (0x000000008a9d0fb8) 
thrown [s\open\src\hotspot\share\interpreter\linkResolver.cpp, line 759]
Event: 101.542 Thread 0x0000021a48dee960 Exception <a 'java/lang/NoSuchMethodError'{0x000000008a9d5228}: 'java.lang.Object java.lang.invoke.DirectMethodHandle$Holder.invokeStaticInit(java.lang.Object, java.lang.Object, int, int)'> (0x000000008a9d5228) 
thrown [s\open\src\hotspot\share\interpreter\linkResolver.cpp, line 759]
Event: 101.658 Thread 0x0000021a48dee960 Exception <a 'java/lang/NoSuchMethodError'{0x000000008a3ab640}: 'java.lang.Object java.lang.invoke.DirectMethodHandle$Holder.newInvokeSpecial(java.lang.Object, java.lang.Object, int, java.lang.Object)'> (0x000000008a3ab640) 
thrown [s\open\src\hotspot\share\interpreter\linkResolver.cpp, line 759]
Event: 101.659 Thread 0x0000021a48dee960 Exception <a 'java/lang/NoSuchMethodError'{0x000000008a3afca8}: 'java.lang.Object java.lang.invoke.Invokers$Holder.linkToTargetMethod(java.lang.Object, int, java.lang.Object, java.lang.Object)'> (0x000000008a3afca8) 
thrown [s\open\src\hotspot\share\interpreter\linkResolver.cpp, line 759]
Event: 102.878 Thread 0x0000021a48dee960 Exception <a 'java/lang/ClassNotFoundException'{0x000000008a653658}: sun/awt/resources/spi/awtProvider> (0x000000008a653658) 
thrown [s\open\src\hotspot\share\classfile\systemDictionary.cpp, line 256]
Event: 102.969 Thread 0x0000021a48dee960 Exception <a 'java/io/FileNotFoundException'{0x000000008a65dd38}> (0x000000008a65dd38) 
thrown [s\open\src\hotspot\share\prims\jni.cpp, line 516]
Event: 102.970 Thread 0x0000021a48dee960 Exception <a 'java/io/FileNotFoundException'{0x000000008a65fa80}> (0x000000008a65fa80) 
thrown [s\open\src\hotspot\share\prims\jni.cpp, line 516]
Event: 103.603 Thread 0x0000021a48dee960 Exception <a 'java/lang/NoSuchMethodError'{0x000000008ed59680}: 'void java.lang.invoke.DirectMethodHandle$Holder.invokeVirtual(java.lang.Object, java.lang.Object, java.lang.Object, int)'> (0x000000008ed59680) 
thrown [s\open\src\hotspot\share\interpreter\linkResolver.cpp, line 759]
Event: 103.666 Thread 0x0000021a48dee960 Exception <a 'java/lang/NoSuchMethodError'{0x000000008ed9ba80}: 'void java.lang.invoke.DirectMethodHandle$Holder.invokeStatic(java.lang.Object, java.lang.Object, java.lang.Object, int)'> (0x000000008ed9ba80) 
thrown [s\open\src\hotspot\share\interpreter\linkResolver.cpp, line 759]
Event: 103.667 Thread 0x0000021a48dee960 Exception <a 'java/lang/NoSuchMethodError'{0x000000008ed9f9e0}: 'void java.lang.invoke.DirectMethodHandle$Holder.invokeStaticInit(java.lang.Object, java.lang.Object, java.lang.Object, int)'> (0x000000008ed9f9e0) 
thrown [s\open\src\hotspot\share\interpreter\linkResolver.cpp, line 759]
Event: 103.710 Thread 0x0000021a48dee960 Exception <a 'java/lang/ClassNotFoundException'{0x000000008ec59110}: com/sun/org/apache/xalan/internal/xsltc/compiler/util/spi/ErrorMessagesProvider> (0x000000008ec59110) 
thrown [s\open\src\hotspot\share\classfile\systemDictionary.cpp, line 256]
Event: 103.726 Thread 0x0000021a48dee960 Exception <a 'java/lang/ClassNotFoundException'{0x000000008ec6f1c8}: com/sun/org/apache/xml/internal/serializer/spi/XMLEntitiesProvider> (0x000000008ec6f1c8) 
thrown [s\open\src\hotspot\share\classfile\systemDictionary.cpp, line 256]

VM Operations (20 events):
Event: 195.530 Executing VM operation: Cleanup done
Event: 242.703 Executing VM operation: G1CollectForAllocation
Event: 242.864 Executing VM operation: G1CollectForAllocation done
Event: 243.866 Executing VM operation: Cleanup
Event: 243.866 Executing VM operation: Cleanup done
Event: 246.616 Executing VM operation: G1CollectForAllocation
Event: 246.740 Executing VM operation: G1CollectForAllocation done
Event: 247.744 Executing VM operation: Cleanup
Event: 247.744 Executing VM operation: Cleanup done
Event: 248.744 Executing VM operation: Cleanup
Event: 248.744 Executing VM operation: Cleanup done
Event: 251.780 Executing VM operation: Cleanup
Event: 251.827 Executing VM operation: Cleanup done
Event: 252.836 Executing VM operation: Cleanup
Event: 252.853 Executing VM operation: Cleanup done
Event: 253.862 Executing VM operation: Cleanup
Event: 253.877 Executing VM operation: Cleanup done
Event: 270.026 Executing VM operation: Cleanup
Event: 270.026 Executing VM operation: Cleanup done
Event: 289.856 Executing VM operation: G1CollectForAllocation

Events (20 events):
Event: 162.051 Thread 0x0000021a4f1a2870 Thread added: 0x0000021a4f1a2870
Event: 163.014 Thread 0x0000021a4f1a2870 Thread exited: 0x0000021a4f1a2870
Event: 164.101 Thread 0x0000021a4f1a2870 Thread added: 0x0000021a4f1a2870
Event: 164.101 Thread 0x0000021a4f3dbad0 Thread added: 0x0000021a4f3dbad0
Event: 167.413 Thread 0x0000021a4f3dbad0 Thread exited: 0x0000021a4f3dbad0
Event: 167.696 Thread 0x0000021a4f22adc0 Thread added: 0x0000021a4f22adc0
Event: 167.872 Thread 0x0000021a4a52cd20 Thread added: 0x0000021a4a52cd20
Event: 171.102 Thread 0x0000021a4a52cd20 Thread exited: 0x0000021a4a52cd20
Event: 172.106 Thread 0x0000021a4f1a2870 Thread exited: 0x0000021a4f1a2870
Event: 172.106 Thread 0x0000021a4f22adc0 Thread exited: 0x0000021a4f22adc0
Event: 173.295 Thread 0x0000021a47df35a0 Thread exited: 0x0000021a47df35a0
Event: 175.024 Thread 0x0000021a47df1230 Thread exited: 0x0000021a47df1230
Event: 246.588 Thread 0x0000021a47df1230 Thread added: 0x0000021a47df1230
Event: 247.519 Thread 0x0000021a4a52cd20 Thread added: 0x0000021a4a52cd20
Event: 251.658 Thread 0x0000021a4a52cd20 Thread exited: 0x0000021a4a52cd20
Event: 251.927 Thread 0x0000021a4a52cd20 Thread added: 0x0000021a4a52cd20
Event: 252.148 Thread 0x0000021a4a2c3560 Thread added: 0x0000021a4a2c3560
Event: 258.228 Thread 0x0000021a4a2c3560 Thread exited: 0x0000021a4a2c3560
Event: 261.618 Thread 0x0000021a47df1230 Thread exited: 0x0000021a47df1230
Event: 263.228 Thread 0x0000021a4a52cd20 Thread exited: 0x0000021a4a52cd20


Dynamic libraries:
0x00007ff79cb90000 - 0x00007ff79cba0000 	C:\Program Files\Java\jdk-17\bin\java.exe
0x00007fff83dd0000 - 0x00007fff83fe7000 	C:\Windows\SYSTEM32\ntdll.dll
0x00007fff83270000 - 0x00007fff83334000 	C:\Windows\System32\KERNEL32.DLL
0x00007fff81150000 - 0x00007fff814f7000 	C:\Windows\System32\KERNELBASE.dll
0x00007fff81670000 - 0x00007fff81781000 	C:\Windows\System32\ucrtbase.dll
0x00007ffecd8f0000 - 0x00007ffecd90b000 	C:\Program Files\Java\jdk-17\bin\VCRUNTIME140.dll
0x00007ffecd910000 - 0x00007ffecd929000 	C:\Program Files\Java\jdk-17\bin\jli.dll
0x00007fff828f0000 - 0x00007fff829a0000 	C:\Windows\System32\ADVAPI32.dll
0x00007fff83ac0000 - 0x00007fff83b67000 	C:\Windows\System32\msvcrt.dll
0x00007fff83b70000 - 0x00007fff83c16000 	C:\Windows\System32\sechost.dll
0x00007fff83830000 - 0x00007fff83947000 	C:\Windows\System32\RPCRT4.dll
0x00007fff82e70000 - 0x00007fff8301e000 	C:\Windows\System32\USER32.dll
0x00007fff81b00000 - 0x00007fff81b26000 	C:\Windows\System32\win32u.dll
0x00007fff82060000 - 0x00007fff82089000 	C:\Windows\System32\GDI32.dll
0x00007fff819e0000 - 0x00007fff81af9000 	C:\Windows\System32\gdi32full.dll
0x00007fff5ee60000 - 0x00007fff5f0f3000 	C:\Windows\WinSxS\amd64_microsoft.windows.common-controls_6595b64144ccf1df_6.0.22621.2506_none_270c5ae97388e100\COMCTL32.dll
0x00007fff81940000 - 0x00007fff819da000 	C:\Windows\System32\msvcp_win.dll
0x00007fff7af70000 - 0x00007fff7af7a000 	C:\Windows\SYSTEM32\VERSION.dll
0x00007fff83a80000 - 0x00007fff83ab1000 	C:\Windows\System32\IMM32.DLL
0x00007ffecd8e0000 - 0x00007ffecd8ec000 	C:\Program Files\Java\jdk-17\bin\vcruntime140_1.dll
0x00007ffecd850000 - 0x00007ffecd8de000 	C:\Program Files\Java\jdk-17\bin\msvcp140.dll
0x00007ffeccc60000 - 0x00007ffecd841000 	C:\Program Files\Java\jdk-17\bin\server\jvm.dll
0x00007fff83820000 - 0x00007fff83828000 	C:\Windows\System32\PSAPI.DLL
0x00007fff7a9f0000 - 0x00007fff7a9f9000 	C:\Windows\SYSTEM32\WSOCK32.dll
0x00007fff81c40000 - 0x00007fff81cb1000 	C:\Windows\System32\WS2_32.dll
0x00007fff7ab20000 - 0x00007fff7ab54000 	C:\Windows\SYSTEM32\WINMM.dll
0x00007fff80160000 - 0x00007fff80178000 	C:\Windows\SYSTEM32\kernel.appcore.dll
0x00007ffeccc50000 - 0x00007ffeccc5a000 	C:\Program Files\Java\jdk-17\bin\jimage.dll
0x00007fff7e9c0000 - 0x00007fff7ebf3000 	C:\Windows\SYSTEM32\DBGHELP.DLL
0x00007fff81cd0000 - 0x00007fff82059000 	C:\Windows\System32\combase.dll
0x00007fff83c90000 - 0x00007fff83d67000 	C:\Windows\System32\OLEAUT32.dll
0x00007fff78f10000 - 0x00007fff78f42000 	C:\Windows\SYSTEM32\dbgcore.DLL
0x00007fff81790000 - 0x00007fff8180a000 	C:\Windows\System32\bcryptPrimitives.dll
0x00007ffeccc40000 - 0x00007ffeccc4e000 	C:\Program Files\Java\jdk-17\bin\instrument.dll
0x00007ffeccc10000 - 0x00007ffeccc35000 	C:\Program Files\Java\jdk-17\bin\java.dll
0x00007ffeccb30000 - 0x00007ffeccc07000 	C:\Program Files\Java\jdk-17\bin\jsvml.dll
0x00007fff82090000 - 0x00007fff828e9000 	C:\Windows\System32\SHELL32.dll
0x00007fff7f020000 - 0x00007fff7f914000 	C:\Windows\SYSTEM32\windows.storage.dll
0x00007fff7eee0000 - 0x00007fff7f01e000 	C:\Windows\SYSTEM32\wintypes.dll
0x00007fff836a0000 - 0x00007fff83793000 	C:\Windows\System32\SHCORE.dll
0x00007fff83c30000 - 0x00007fff83c8e000 	C:\Windows\System32\shlwapi.dll
0x00007fff81080000 - 0x00007fff810a6000 	C:\Windows\SYSTEM32\profapi.dll
0x00007ffeccb10000 - 0x00007ffeccb28000 	C:\Program Files\Java\jdk-17\bin\zip.dll
0x00007ffeccaf0000 - 0x00007ffeccb09000 	C:\Program Files\Java\jdk-17\bin\net.dll
0x00007fff7ac20000 - 0x00007fff7ad57000 	C:\Windows\SYSTEM32\WINHTTP.dll
0x00007fff80680000 - 0x00007fff806e9000 	C:\Windows\system32\mswsock.dll
0x00007ffeccad0000 - 0x00007ffeccae6000 	C:\Program Files\Java\jdk-17\bin\nio.dll
0x00007fff79030000 - 0x00007fff7904a000 	C:\Program Files\JetBrains\IntelliJ IDEA 2021.1\bin\breakgen64.dll
0x00007fff7fc60000 - 0x00007fff7fd59000 	C:\Windows\SYSTEM32\DNSAPI.dll
0x00007fff7fbf0000 - 0x00007fff7fc1d000 	C:\Windows\SYSTEM32\IPHLPAPI.DLL
0x00007fff81cc0000 - 0x00007fff81cc9000 	C:\Windows\System32\NSI.dll
0x00007fff77bb0000 - 0x00007fff77bba000 	C:\Windows\System32\rasadhlp.dll
0x00007fff79690000 - 0x00007fff79713000 	C:\Windows\System32\fwpuclnt.dll
0x00007ffecc960000 - 0x00007ffecc96a000 	C:\Program Files\Java\jdk-17\bin\management.dll
0x00007ffecc950000 - 0x00007ffecc95b000 	C:\Program Files\Java\jdk-17\bin\management_ext.dll
0x00007fff808b0000 - 0x00007fff808cb000 	C:\Windows\SYSTEM32\CRYPTSP.dll
0x00007fff80180000 - 0x00007fff801b5000 	C:\Windows\system32\rsaenh.dll
0x00007fff80740000 - 0x00007fff8076c000 	C:\Windows\SYSTEM32\USERENV.dll
0x00007fff80b00000 - 0x00007fff80b28000 	C:\Windows\SYSTEM32\bcrypt.dll
0x00007fff808a0000 - 0x00007fff808ac000 	C:\Windows\SYSTEM32\CRYPTBASE.dll
0x00007fff7ade0000 - 0x00007fff7adf9000 	C:\Windows\SYSTEM32\dhcpcsvc6.DLL
0x00007fff7adc0000 - 0x00007fff7addf000 	C:\Windows\SYSTEM32\dhcpcsvc.DLL
0x00007fff713e0000 - 0x00007fff713f7000 	C:\Windows\system32\napinsp.dll
0x00007fff5d9b0000 - 0x00007fff5d9cb000 	C:\Windows\system32\pnrpnsp.dll
0x00007fff5d990000 - 0x00007fff5d9a1000 	C:\Windows\System32\winrnr.dll
0x00007fff5c2e0000 - 0x00007fff5c2f5000 	C:\Windows\system32\wshbth.dll
0x00007fff4f6d0000 - 0x00007fff4f6f1000 	C:\Windows\system32\nlansp_c.dll
0x00007ffecc940000 - 0x00007ffecc94e000 	C:\Program Files\Java\jdk-17\bin\sunmscapi.dll
0x00007fff81500000 - 0x00007fff81666000 	C:\Windows\System32\CRYPT32.dll
0x00007fff80ad0000 - 0x00007fff80afd000 	C:\Windows\SYSTEM32\ncrypt.dll
0x00007fff80a90000 - 0x00007fff80ac7000 	C:\Windows\SYSTEM32\NTASN1.dll
0x00007fff53d70000 - 0x00007fff53d78000 	C:\Windows\system32\wshunix.dll
0x00007fff0af80000 - 0x00007fff0b111000 	C:\Program Files\Java\jdk-17\bin\awt.dll
0x00007fff7de90000 - 0x00007fff7df27000 	C:\Windows\SYSTEM32\apphelp.dll
0x00007fff5d0f0000 - 0x00007fff5d177000 	C:\Program Files\Java\jdk-17\bin\freetype.dll
0x00007fff2ab60000 - 0x00007fff2ac33000 	C:\Program Files\Java\jdk-17\bin\fontmanager.dll

dbghelp: loaded successfully - version: 4.0.5 - missing functions: none
symbol engine: initialized successfully - sym options: 0x614 - pdb path: .;C:\Program Files\Java\jdk-17\bin;C:\Windows\SYSTEM32;C:\Windows\WinSxS\amd64_microsoft.windows.common-controls_6595b64144ccf1df_6.0.22621.2506_none_270c5ae97388e100;C:\Program Files\Java\jdk-17\bin\server;C:\Program Files\JetBrains\IntelliJ IDEA 2021.1\bin

VM Arguments:
jvm_args: -XX:TieredStopAtLevel=1 -Xverify:none -Dspring.output.ansi.enabled=always -javaagent:C:\Program Files\JetBrains\IntelliJ IDEA 2021.1\lib\idea_rt.jar=59628:C:\Program Files\JetBrains\IntelliJ IDEA 2021.1\bin -Dcom.sun.management.jmxremote -Dspring.jmx.enabled=true -Dspring.liveBeansView.mbeanDomain -Dspring.application.admin.enabled=true -Dfile.encoding=UTF-8 
java_command: com.labreportapp.ServerApplication
java_class_path (initial): D:\FPOLYK17\DATN\lab-report-app\udpm-lab-report-app\server\build\classes\java\main;D:\FPOLYK17\DATN\lab-report-app\udpm-lab-report-app\server\build\resources\main;C:\Users\duchi\.gradle\caches\modules-2\files-2.1\org.projectlombok\lombok\1.18.24\13a394eed5c4f9efb2a6d956e2086f1d81e857d9\lombok-1.18.24.jar;C:\Users\duchi\.gradle\caches\modules-2\files-2.1\org.springframework.boot\spring-boot-starter-data-jpa\3.0.2\fc0dbe82effb33d3d89b4cf2ec6b7968ad2af558\spring-boot-starter-data-jpa-3.0.2.jar;C:\Users\duchi\.gradle\caches\modules-2\files-2.1\org.springframework.boot\spring-boot-starter-websocket\3.0.2\5821185ac80a248c407f610cb2038e1e7ce5430a\spring-boot-starter-websocket-3.0.2.jar;C:\Users\duchi\.gradle\caches\modules-2\files-2.1\org.springframework.boot\spring-boot-starter-web\3.0.2\3f6a2cb4cb11bac3611f5a95e234589eb190dd29\spring-boot-starter-web-3.0.2.jar;C:\Users\duchi\.gradle\caches\modules-2\files-2.1\org.springframework.boot\spring-boot-starter-cache\3.0.2\342d4d33bd50bbfd6c9dc02fe414d60ea0537682\spring-boot-starter-cache-3.0.2.jar;C:\Users\duchi\.gradle\caches\modules-2\files-2.1\org.springframework.boot\spring-boot-starter-actuator\3.0.2\7d884d7edd505b6d419e86cfaa90c6ec7e847cc7\spring-boot-starter-actuator-3.0.2.jar;C:\Users\duchi\.gradle\caches\modules-2\files-2.1\org.springframework.boot\spring-boot-starter-validation\3.0.4\c3f185a4d31634c0bd92956a13ffd718d1026b33\spring-boot-starter-validation-3.0.4.jar;C:\Users\duchi\.gradle\caches\modules-2\files-2.1\com.google.code.gson\gson\2.9.0\8a1167e089096758b49f9b34066ef98b2f4b37aa\gson-2.9.0.jar;C:\Users\duchi\.gradle\caches\modules-2\files-2.1\log4j\log4j\1.2.17\5af35056b4d257e4b64b9e8069c0746e8b08629f\log4j-1.2.17.jar;C:\Users\duchi\.gradle\caches\modules-2\files-2.1\org.springframework.data\spring-data-rest-core\2.1.0.RELEASE\ecb92788af223b63897476045b973fbebeeaf454\spring-data-rest-core-2.1.0.RELEASE.jar;C:\Users\duchi\.gradle\caches\modules-2\files-2.1\com.github.pjfanning\excel-s
Launcher Type: SUN_STANDARD

[Global flags]
     intx CICompilerCount                          = 4                                         {product} {ergonomic}
     uint ConcGCThreads                            = 3                                         {product} {ergonomic}
     uint G1ConcRefinementThreads                  = 10                                        {product} {ergonomic}
   size_t G1HeapRegionSize                         = 1048576                                   {product} {ergonomic}
    uintx GCDrainStackTargetSize                   = 64                                        {product} {ergonomic}
   size_t InitialHeapSize                          = 132120576                                 {product} {ergonomic}
     bool ManagementServer                         = true                                      {product} {command line}
   size_t MarkStackSize                            = 4194304                                   {product} {ergonomic}
   size_t MaxHeapSize                              = 2086666240                                {product} {ergonomic}
   size_t MaxNewSize                               = 1251999744                                {product} {ergonomic}
   size_t MinHeapDeltaBytes                        = 1048576                                   {product} {ergonomic}
   size_t MinHeapSize                              = 8388608                                   {product} {ergonomic}
    uintx NonProfiledCodeHeapSize                  = 0                                      {pd product} {ergonomic}
     bool ProfileInterpreter                       = false                                  {pd product} {command line}
    uintx ProfiledCodeHeapSize                     = 0                                      {pd product} {ergonomic}
   size_t SoftMaxHeapSize                          = 2086666240                             {manageable} {ergonomic}
     intx TieredStopAtLevel                        = 1                                         {product} {command line}
     bool UseCompressedClassPointers               = true                           {product lp64_product} {ergonomic}
     bool UseCompressedOops                        = true                           {product lp64_product} {ergonomic}
     bool UseG1GC                                  = true                                      {product} {ergonomic}
     bool UseLargePagesIndividualAllocation        = false                                  {pd product} {ergonomic}

Logging:
Log output configuration:
 #0: stdout all=warning uptime,level,tags
 #1: stderr all=off uptime,level,tags

Environment Variables:
JAVA_HOME=C:\Program Files\Java\jdk-17
PATH=C:\Program Files\Common Files\Oracle\Java\javapath;C:\Windows\system32;C:\Windows;C:\Windows\System32\Wbem;C:\Windows\System32\WindowsPowerShell\v1.0\;C:\Windows\System32\OpenSSH\;C:\Program Files (x86)\Microsoft SQL Server\160\Tools\Binn\;C:\Program Files\Microsoft SQL Server\160\Tools\Binn\;C:\Program Files\Microsoft SQL Server\Client SDK\ODBC\170\Tools\Binn\;C:\Program Files\Microsoft SQL Server\160\DTS\Binn\;C:\Program Files (x86)\Microsoft SQL Server\160\DTS\Binn\;C:\Program Files\Azure Data Studio\bin;C:\Program Files\Java\jdk-17\bin;C:\Program Files\nodejs\;C:\Program Files\Git\cmd;C:\Program Files\dotnet;C:\Program Files\MySQL\MySQL Shell 8.0\bin\;C:\Users\duchi\AppData\Local\Microsoft\WindowsApps;C:\Program Files\Azure Data Studio\bin;C:\Users\duchi\.dotnet\tools;C:\Users\duchi\AppData\Local\Programs\Microsoft VS Code\bin;C:\Users\duchi\AppData\Roaming\npm;C:\Users\duchi\AppData\Local\GitHubDesktop\bin
USERNAME=duchi
OS=Windows_NT
PROCESSOR_IDENTIFIER=Intel64 Family 6 Model 141 Stepping 1, GenuineIntel



---------------  S Y S T E M  ---------------

OS:
 Windows 11 , 64 bit Build 22621 (10.0.22621.2506)
OS uptime: 2 days 13:00 hours
Hyper-V role detected

CPU: total 12 (initial active 12) (6 cores per cpu, 2 threads per core) family 6 model 141 stepping 1 microcode 0x3c, cx8, cmov, fxsr, ht, mmx, 3dnowpref, sse, sse2, sse3, ssse3, sse4.1, sse4.2, popcnt, lzcnt, tsc, tscinvbit, avx, avx2, aes, erms, clmul, bmi1, bmi2, adx, avx512f, avx512dq, avx512cd, avx512bw, avx512vl, sha, fma, vzeroupper, avx512_vpopcntdq, avx512_vpclmulqdq, avx512_vaes, avx512_vnni, clflush, clflushopt, clwb, avx512_vbmi2, avx512_vbmi, hv

Memory: 4k page, system-wide physical 7955M (391M free)
TotalPageFile size 20925M (AvailPageFile size 17M)
current process WorkingSet (physical memory assigned to process): 156M, peak: 391M
current process commit charge ("private bytes"): 469M, peak: 821M

vm_info: Java HotSpot(TM) 64-Bit Server VM (17.0.9+11-LTS-201) for windows-amd64 JRE (17.0.9+11-LTS-201), built on Oct 10 2023 23:16:06 by "mach5one" with MS VC++ 17.1 (VS2022)

END.
