#
# There is insufficient memory for the Java Runtime Environment to continue.
# Native memory allocation (mmap) failed to map 132120576 bytes for G1 virtual space
# Possible reasons:
#   The system is out of physical RAM or swap space
#   The process is running with CompressedOops enabled, and the Java Heap may be blocking the growth of the native heap
# Possible solutions:
#   Reduce memory load on the system
#   Increase physical memory or swap space
#   Check if swap backing store is full
#   Decrease Java heap size (-Xmx/-Xms)
#   Decrease number of Java threads
#   Decrease Java thread stack sizes (-Xss)
#   Set larger code cache with -XX:ReservedCodeCacheSize=
#   JVM is running with Unscaled Compressed Oops mode in which the Java heap is
#     placed in the first 4GB address space. The Java Heap base address is the
#     maximum limit for the native heap growth. Please use -XX:HeapBaseMinAddress
#     to set the Java Heap base and to place the Java Heap above 4GB virtual address.
# This output file may be truncated or incomplete.
#
#  Out of Memory Error (os_windows.cpp:3552), pid=18992, tid=18404
#
# JRE version:  (17.0.9+11) (build )
# Java VM: Java HotSpot(TM) 64-Bit Server VM (17.0.9+11-LTS-201, mixed mode, emulated-client, sharing, tiered, compressed oops, compressed class ptrs, g1 gc, windows-amd64)
# No core dump will be written. Minidumps are not enabled by default on client versions of Windows
#

---------------  S U M M A R Y ------------

Command Line: -XX:TieredStopAtLevel=1 -Xverify:none -Dspring.output.ansi.enabled=always -javaagent:C:\Program Files\JetBrains\IntelliJ IDEA 2021.1\lib\idea_rt.jar=53881:C:\Program Files\JetBrains\IntelliJ IDEA 2021.1\bin -Dcom.sun.management.jmxremote -Dspring.jmx.enabled=true -Dspring.liveBeansView.mbeanDomain -Dspring.application.admin.enabled=true -Dfile.encoding=UTF-8 com.labreportapp.ServerApplication

Host: 11th Gen Intel(R) Core(TM) i5-11400H @ 2.70GHz, 12 cores, 7G,  Windows 11 , 64 bit Build 22621 (10.0.22621.2506)
Time: Wed Nov 15 14:28:36 2023 SE Asia Standard Time elapsed time: 0.010709 seconds (0d 0h 0m 0s)

---------------  T H R E A D  ---------------

Current thread (0x00000214bd3c5720):  JavaThread "Unknown thread" [_thread_in_vm, id=18404, stack(0x000000dc82a00000,0x000000dc82b00000)]

Stack: [0x000000dc82a00000,0x000000dc82b00000]
Native frames: (J=compiled Java code, j=interpreted, Vv=VM code, C=native code)
V  [jvm.dll+0x678a4a]
V  [jvm.dll+0x7d9cfd]
V  [jvm.dll+0x7db60e]
V  [jvm.dll+0x7dbc73]
V  [jvm.dll+0x245e1f]
V  [jvm.dll+0x6758f9]
V  [jvm.dll+0x66a2a2]
V  [jvm.dll+0x303686]
V  [jvm.dll+0x30ac06]
V  [jvm.dll+0x35a48e]
V  [jvm.dll+0x35a6bf]
V  [jvm.dll+0x2da678]
V  [jvm.dll+0x2db5e4]
V  [jvm.dll+0x7ab6b1]
V  [jvm.dll+0x368041]
V  [jvm.dll+0x78a749]
V  [jvm.dll+0x3ebd4f]
V  [jvm.dll+0x3ed7d1]
C  [jli.dll+0x5297]
C  [ucrtbase.dll+0x29363]
C  [KERNEL32.DLL+0x1257d]
C  [ntdll.dll+0x5aa58]


---------------  P R O C E S S  ---------------

Threads class SMR info:
_java_thread_list=0x00007ffe17b589d8, length=0, elements={
}

Java Threads: ( => current thread )

Other Threads:
  0x00000214bd41b6d0 GCTaskThread "GC Thread#0" [stack: 0x000000dc82b00000,0x000000dc82c00000] [id=8340]
  0x00000214bd42bee0 ConcurrentGCThread "G1 Main Marker" [stack: 0x000000dc82c00000,0x000000dc82d00000] [id=6968]
  0x00000214bd42c8f0 ConcurrentGCThread "G1 Conc#0" [stack: 0x000000dc82d00000,0x000000dc82e00000] [id=6332]

[error occurred during error reporting (printing all threads), id 0xc0000005, EXCEPTION_ACCESS_VIOLATION (0xc0000005) at pc=0x00007ffe1738b2d7]

VM state: not at safepoint (not fully initialized)

VM Mutex/Monitor currently owned by a thread:  ([mutex/lock_event])
[0x00000214bd3c3410] Heap_lock - owner thread: 0x00000214bd3c5720

Heap address: 0x0000000083a00000, size: 1990 MB, Compressed Oops mode: 32-bit

CDS archive(s) mapped at: [0x0000000000000000-0x0000000000000000-0x0000000000000000), size 0, SharedBaseAddress: 0x0000000800000000, ArchiveRelocationMode: 1.
Narrow klass base: 0x0000000000000000, Narrow klass shift: 0, Narrow klass range: 0x0

GC Precious Log:
<Empty>

Heap:
 garbage-first heap   total 0K, used 0K [0x0000000083a00000, 0x0000000100000000)
  region size 1024K, 0 young (0K), 0 survivors (0K)

[error occurred during error reporting (printing heap information), id 0xc0000005, EXCEPTION_ACCESS_VIOLATION (0xc0000005) at pc=0x00007ffe17772229]

GC Heap History (0 events):
No events

Deoptimization events (0 events):
No events

Classes unloaded (0 events):
No events

Classes redefined (0 events):
No events

Internal exceptions (0 events):
No events

VM Operations (0 events):
No events

Events (1 events):
Event: 0.006 Loaded shared library C:\Program Files\Java\jdk-17\bin\java.dll


Dynamic libraries:
0x00007ff776ff0000 - 0x00007ff777000000 	C:\Program Files\Java\jdk-17\bin\java.exe
0x00007ffeb6cf0000 - 0x00007ffeb6f07000 	C:\Windows\SYSTEM32\ntdll.dll
0x00007ffeb6300000 - 0x00007ffeb63c4000 	C:\Windows\System32\KERNEL32.DLL
0x00007ffeb43d0000 - 0x00007ffeb4775000 	C:\Windows\System32\KERNELBASE.dll
0x00007ffeb4060000 - 0x00007ffeb4171000 	C:\Windows\System32\ucrtbase.dll
0x00007ffe17d30000 - 0x00007ffe17d49000 	C:\Program Files\Java\jdk-17\bin\jli.dll
0x00007ffe17d50000 - 0x00007ffe17d6b000 	C:\Program Files\Java\jdk-17\bin\VCRUNTIME140.dll
0x00007ffeb63d0000 - 0x00007ffeb6481000 	C:\Windows\System32\ADVAPI32.dll
0x00007ffeb5dd0000 - 0x00007ffeb5e77000 	C:\Windows\System32\msvcrt.dll
0x00007ffeb6c00000 - 0x00007ffeb6ca6000 	C:\Windows\System32\sechost.dll
0x00007ffeb6aa0000 - 0x00007ffeb6bb7000 	C:\Windows\System32\RPCRT4.dll
0x00007ffeb56c0000 - 0x00007ffeb586e000 	C:\Windows\System32\USER32.dll
0x00007ffeb4780000 - 0x00007ffeb47a6000 	C:\Windows\System32\win32u.dll
0x00007ffeb4a40000 - 0x00007ffeb4a69000 	C:\Windows\System32\GDI32.dll
0x00007ffe99910000 - 0x00007ffe99ba3000 	C:\Windows\WinSxS\amd64_microsoft.windows.common-controls_6595b64144ccf1df_6.0.22621.2506_none_270c5ae97388e100\COMCTL32.dll
0x00007ffeb47b0000 - 0x00007ffeb48c9000 	C:\Windows\System32\gdi32full.dll
0x00007ffeb4180000 - 0x00007ffeb421a000 	C:\Windows\System32\msvcp_win.dll
0x00007ffeadde0000 - 0x00007ffeaddea000 	C:\Windows\SYSTEM32\VERSION.dll
0x00007ffeb6bc0000 - 0x00007ffeb6bf1000 	C:\Windows\System32\IMM32.DLL
0x00007ffe17d20000 - 0x00007ffe17d2c000 	C:\Program Files\Java\jdk-17\bin\vcruntime140_1.dll
0x00007ffe17c90000 - 0x00007ffe17d1e000 	C:\Program Files\Java\jdk-17\bin\msvcp140.dll
0x00007ffe170a0000 - 0x00007ffe17c81000 	C:\Program Files\Java\jdk-17\bin\server\jvm.dll
0x00007ffeb5440000 - 0x00007ffeb5448000 	C:\Windows\System32\PSAPI.DLL
0x00007ffeb0d30000 - 0x00007ffeb0d39000 	C:\Windows\SYSTEM32\WSOCK32.dll
0x00007ffeadaa0000 - 0x00007ffeadad4000 	C:\Windows\SYSTEM32\WINMM.dll
0x00007ffeb5870000 - 0x00007ffeb58e1000 	C:\Windows\System32\WS2_32.dll
0x00007ffeb30b0000 - 0x00007ffeb30c8000 	C:\Windows\SYSTEM32\kernel.appcore.dll
0x00007ffe17090000 - 0x00007ffe1709a000 	C:\Program Files\Java\jdk-17\bin\jimage.dll
0x00007ffeb1ad0000 - 0x00007ffeb1d03000 	C:\Windows\SYSTEM32\DBGHELP.DLL
0x00007ffeb58f0000 - 0x00007ffeb5c79000 	C:\Windows\System32\combase.dll
0x00007ffeb64a0000 - 0x00007ffeb6577000 	C:\Windows\System32\OLEAUT32.dll
0x00007ffea48c0000 - 0x00007ffea48f2000 	C:\Windows\SYSTEM32\dbgcore.DLL
0x00007ffeb4350000 - 0x00007ffeb43ca000 	C:\Windows\System32\bcryptPrimitives.dll
0x00007ffe17080000 - 0x00007ffe1708e000 	C:\Program Files\Java\jdk-17\bin\instrument.dll
0x00007ffe17050000 - 0x00007ffe17075000 	C:\Program Files\Java\jdk-17\bin\java.dll

dbghelp: loaded successfully - version: 4.0.5 - missing functions: none
symbol engine: initialized successfully - sym options: 0x614 - pdb path: .;C:\Program Files\Java\jdk-17\bin;C:\Windows\SYSTEM32;C:\Windows\WinSxS\amd64_microsoft.windows.common-controls_6595b64144ccf1df_6.0.22621.2506_none_270c5ae97388e100;C:\Program Files\Java\jdk-17\bin\server

VM Arguments:
jvm_args: -XX:TieredStopAtLevel=1 -Xverify:none -Dspring.output.ansi.enabled=always -javaagent:C:\Program Files\JetBrains\IntelliJ IDEA 2021.1\lib\idea_rt.jar=53881:C:\Program Files\JetBrains\IntelliJ IDEA 2021.1\bin -Dcom.sun.management.jmxremote -Dspring.jmx.enabled=true -Dspring.liveBeansView.mbeanDomain -Dspring.application.admin.enabled=true -Dfile.encoding=UTF-8 
java_command: com.labreportapp.ServerApplication
java_class_path (initial): D:\FPOLYK17\DATN\lab-report-app\udpm-lab-report-app\server\build\classes\java\main;D:\FPOLYK17\DATN\lab-report-app\udpm-lab-report-app\server\build\resources\main;C:\Users\duchi\.gradle\caches\modules-2\files-2.1\org.projectlombok\lombok\1.18.24\13a394eed5c4f9efb2a6d956e2086f1d81e857d9\lombok-1.18.24.jar;C:\Users\duchi\.gradle\caches\modules-2\files-2.1\org.springframework.boot\spring-boot-starter-data-jpa\3.0.2\fc0dbe82effb33d3d89b4cf2ec6b7968ad2af558\spring-boot-starter-data-jpa-3.0.2.jar;C:\Users\duchi\.gradle\caches\modules-2\files-2.1\org.springframework.boot\spring-boot-starter-websocket\3.0.2\5821185ac80a248c407f610cb2038e1e7ce5430a\spring-boot-starter-websocket-3.0.2.jar;C:\Users\duchi\.gradle\caches\modules-2\files-2.1\org.springframework.boot\spring-boot-starter-web\3.0.2\3f6a2cb4cb11bac3611f5a95e234589eb190dd29\spring-boot-starter-web-3.0.2.jar;C:\Users\duchi\.gradle\caches\modules-2\files-2.1\org.springframework.boot\spring-boot-starter-cache\3.0.2\342d4d33bd50bbfd6c9dc02fe414d60ea0537682\spring-boot-starter-cache-3.0.2.jar;C:\Users\duchi\.gradle\caches\modules-2\files-2.1\org.springframework.boot\spring-boot-starter-actuator\3.0.2\7d884d7edd505b6d419e86cfaa90c6ec7e847cc7\spring-boot-starter-actuator-3.0.2.jar;C:\Users\duchi\.gradle\caches\modules-2\files-2.1\org.springframework.boot\spring-boot-starter-validation\3.0.4\c3f185a4d31634c0bd92956a13ffd718d1026b33\spring-boot-starter-validation-3.0.4.jar;C:\Users\duchi\.gradle\caches\modules-2\files-2.1\log4j\log4j\1.2.17\5af35056b4d257e4b64b9e8069c0746e8b08629f\log4j-1.2.17.jar;C:\Users\duchi\.gradle\caches\modules-2\files-2.1\org.springframework.data\spring-data-rest-core\2.1.0.RELEASE\ecb92788af223b63897476045b973fbebeeaf454\spring-data-rest-core-2.1.0.RELEASE.jar;C:\Users\duchi\.gradle\caches\modules-2\files-2.1\com.github.pjfanning\excel-streaming-reader\4.0.1\cad6576b7e20e07329ed9c48bd453bbf15aa6e23\excel-streaming-reader-4.0.1.jar;C:\Users\duchi\.gradle\caches\modules-2\fi
Launcher Type: SUN_STANDARD

[Global flags]
     intx CICompilerCount                          = 4                                         {product} {ergonomic}
     uint ConcGCThreads                            = 3                                         {product} {ergonomic}
     uint G1ConcRefinementThreads                  = 10                                        {product} {ergonomic}
   size_t G1HeapRegionSize                         = 1048576                                   {product} {ergonomic}
    uintx GCDrainStackTargetSize                   = 64                                        {product} {ergonomic}
   size_t InitialHeapSize                          = 132120576                                 {product} {ergonomic}
     bool ManagementServer                         = true                                      {product} {command line}
   size_t MarkStackSize                            = 4194304                                   {product} {ergonomic}
   size_t MaxHeapSize                              = 2086666240                                {product} {ergonomic}
   size_t MinHeapDeltaBytes                        = 1048576                                   {product} {ergonomic}
   size_t MinHeapSize                              = 8388608                                   {product} {ergonomic}
    uintx NonProfiledCodeHeapSize                  = 0                                      {pd product} {ergonomic}
     bool ProfileInterpreter                       = false                                  {pd product} {command line}
    uintx ProfiledCodeHeapSize                     = 0                                      {pd product} {ergonomic}
   size_t SoftMaxHeapSize                          = 2086666240                             {manageable} {ergonomic}
     intx TieredStopAtLevel                        = 1                                         {product} {command line}
     bool UseCompressedClassPointers               = true                           {product lp64_product} {ergonomic}
     bool UseCompressedOops                        = true                           {product lp64_product} {ergonomic}
     bool UseG1GC                                  = true                                      {product} {ergonomic}
     bool UseLargePagesIndividualAllocation        = false                                  {pd product} {ergonomic}

Logging:
Log output configuration:
 #0: stdout all=warning uptime,level,tags
 #1: stderr all=off uptime,level,tags

Environment Variables:
JAVA_HOME=C:\Program Files\Java\jdk-17
PATH=C:\Program Files\Common Files\Oracle\Java\javapath;C:\Windows\system32;C:\Windows;C:\Windows\System32\Wbem;C:\Windows\System32\WindowsPowerShell\v1.0\;C:\Windows\System32\OpenSSH\;C:\Program Files (x86)\Microsoft SQL Server\160\Tools\Binn\;C:\Program Files\Microsoft SQL Server\160\Tools\Binn\;C:\Program Files\Microsoft SQL Server\Client SDK\ODBC\170\Tools\Binn\;C:\Program Files\Microsoft SQL Server\160\DTS\Binn\;C:\Program Files (x86)\Microsoft SQL Server\160\DTS\Binn\;C:\Program Files\Azure Data Studio\bin;C:\Program Files\Java\jdk-17\bin;C:\Program Files\nodejs\;C:\Program Files\Git\cmd;C:\Program Files\dotnet;;C:\Program Files\Docker\Docker\resources\bin;C:\Program Files\MySQL\MySQL Shell 8.0\bin\;C:\Users\duchi\AppData\Local\Microsoft\WindowsApps;C:\Program Files\Azure Data Studio\bin;C:\Users\duchi\.dotnet\tools;C:\Users\duchi\AppData\Local\Programs\Microsoft VS Code\bin;C:\Users\duchi\AppData\Roaming\npm
USERNAME=duchi
OS=Windows_NT
PROCESSOR_IDENTIFIER=Intel64 Family 6 Model 141 Stepping 1, GenuineIntel



---------------  S Y S T E M  ---------------

OS:
 Windows 11 , 64 bit Build 22621 (10.0.22621.2506)
OS uptime: 0 days 1:32 hours
Hyper-V role detected

CPU: total 12 (initial active 12) (6 cores per cpu, 2 threads per core) family 6 model 141 stepping 1 microcode 0x3c, cx8, cmov, fxsr, ht, mmx, 3dnowpref, sse, sse2, sse3, ssse3, sse4.1, sse4.2, popcnt, lzcnt, tsc, tscinvbit, avx, avx2, aes, erms, clmul, bmi1, bmi2, adx, avx512f, avx512dq, avx512cd, avx512bw, avx512vl, sha, fma, vzeroupper, avx512_vpopcntdq, avx512_vpclmulqdq, avx512_vaes, avx512_vnni, clflush, clflushopt, clwb, avx512_vbmi2, avx512_vbmi, hv

Memory: 4k page, system-wide physical 7955M (235M free)
TotalPageFile size 20925M (AvailPageFile size 33M)
current process WorkingSet (physical memory assigned to process): 11M, peak: 11M
current process commit charge ("private bytes"): 59M, peak: 185M

vm_info: Java HotSpot(TM) 64-Bit Server VM (17.0.9+11-LTS-201) for windows-amd64 JRE (17.0.9+11-LTS-201), built on Oct 10 2023 23:16:06 by "mach5one" with MS VC++ 17.1 (VS2022)

END.
