#
# There is insufficient memory for the Java Runtime Environment to continue.
# Native memory allocation (mmap) failed to map 211812352 bytes for G1 virtual space
# Possible reasons:
#   The system is out of physical RAM or swap space
#   The process is running with CompressedOops enabled, and the Java Heap may be blocking the growth of the native heap
# Possible solutions:
#   Reduce memory load on the system
#   Increase physical memory or swap space
#   Check if swap backing store is full
#   Decrease Java heap size (-Xmx/-Xms)
#   Decrease number of Java threads
#   Decrease Java thread stack sizes (-Xss)
#   Set larger code cache with -XX:ReservedCodeCacheSize=
#   JVM is running with Unscaled Compressed Oops mode in which the Java heap is
#     placed in the first 4GB address space. The Java Heap base address is the
#     maximum limit for the native heap growth. Please use -XX:HeapBaseMinAddress
#     to set the Java Heap base and to place the Java Heap above 4GB virtual address.
# This output file may be truncated or incomplete.
#
#  Out of Memory Error (os_windows.cpp:3552), pid=16676, tid=23432
#
# JRE version: Java(TM) SE Runtime Environment (17.0.9+11) (build 17.0.9+11-LTS-201)
# Java VM: Java HotSpot(TM) 64-Bit Server VM (17.0.9+11-LTS-201, mixed mode, emulated-client, sharing, tiered, compressed oops, compressed class ptrs, g1 gc, windows-amd64)
# No core dump will be written. Minidumps are not enabled by default on client versions of Windows
#

---------------  S U M M A R Y ------------

Command Line: -XX:TieredStopAtLevel=1 -Xverify:none -Dspring.output.ansi.enabled=always -javaagent:C:\Program Files\JetBrains\IntelliJ IDEA 2021.1\lib\idea_rt.jar=62597:C:\Program Files\JetBrains\IntelliJ IDEA 2021.1\bin -Dcom.sun.management.jmxremote -Dspring.jmx.enabled=true -Dspring.liveBeansView.mbeanDomain -Dspring.application.admin.enabled=true -Dfile.encoding=UTF-8 com.labreportapp.ServerApplication

Host: 11th Gen Intel(R) Core(TM) i5-11400H @ 2.70GHz, 12 cores, 7G,  Windows 11 , 64 bit Build 22621 (10.0.22621.2506)
Time: Mon Nov 13 14:39:59 2023 SE Asia Standard Time elapsed time: 1682.547109 seconds (0d 0h 28m 2s)

---------------  T H R E A D  ---------------

Current thread (0x000001c150e3aa80):  VMThread "VM Thread" [stack: 0x0000008338100000,0x0000008338200000] [id=23432]

Stack: [0x0000008338100000,0x0000008338200000]
Native frames: (J=compiled Java code, j=interpreted, Vv=VM code, C=native code)
V  [jvm.dll+0x678a4a]
V  [jvm.dll+0x7d9cfd]
V  [jvm.dll+0x7db60e]
V  [jvm.dll+0x7dbc73]
V  [jvm.dll+0x245e1f]
V  [jvm.dll+0x6758f9]
V  [jvm.dll+0x66a2a2]
V  [jvm.dll+0x303686]
V  [jvm.dll+0x30ac06]
V  [jvm.dll+0x35a48e]
V  [jvm.dll+0x35a6bf]
V  [jvm.dll+0x2da678]
V  [jvm.dll+0x2d8a85]
V  [jvm.dll+0x2d808c]
V  [jvm.dll+0x31b97b]
V  [jvm.dll+0x7e048b]
V  [jvm.dll+0x7e11c4]
V  [jvm.dll+0x7e16dd]
V  [jvm.dll+0x7e1ab4]
V  [jvm.dll+0x7e1b80]
V  [jvm.dll+0x78998a]
V  [jvm.dll+0x677875]
C  [ucrtbase.dll+0x29363]
C  [KERNEL32.DLL+0x1257d]
C  [ntdll.dll+0x5aa58]

VM_Operation (0x000000833dcf64e0): G1CollectForAllocation, mode: safepoint, requested by thread 0x000001c199b52a60


---------------  P R O C E S S  ---------------

Threads class SMR info:
_java_thread_list=0x000001c199b5dd60, length=71, elements={
0x000001c150e40530, 0x000001c150e410f0, 0x000001c150e51830, 0x000001c150e52800,
0x000001c150e575e0, 0x000001c150e58fb0, 0x000001c150e59d80, 0x000001c150e5ab90,
0x000001c150e2a030, 0x000001c1967546f0, 0x000001c19675b7d0, 0x000001c1968458d0,
0x000001c197aef770, 0x000001c197aeed50, 0x000001c197af0190, 0x000001c197af06a0,
0x000001c197aede20, 0x000001c197aee330, 0x000001c199242ac0, 0x000001c1992420a0,
0x000001c19923f310, 0x000001c1992439f0, 0x000001c19923c580, 0x000001c19923fd30,
0x000001c19923f820, 0x000001c19923ca90, 0x000001c199240c60, 0x000001c199241b90,
0x000001c19923d4b0, 0x000001c199240750, 0x000001c199241170, 0x000001c198c9a530,
0x000001c1998cdde0, 0x000001c1998cba70, 0x000001c199b52f70, 0x000001c199b53480,
0x000001c199b51b30, 0x000001c199b52a60, 0x000001c199b58580, 0x000001c198c99600,
0x000001c198c99b10, 0x000001c198c9be80, 0x000001c199f19180, 0x000001c199f16900,
0x000001c199f18250, 0x000001c1998cab40, 0x000001c1998cc9a0, 0x000001c19fa39770,
0x000001c199f15ee0, 0x000001c199f18c70, 0x000001c199f19ba0, 0x000001c199f18760,
0x000001c199f17d40, 0x000001c199f1a0b0, 0x000001c199f19690, 0x000001c199f1a5c0,
0x000001c199f1aad0, 0x000001c199f1afe0, 0x000001c199f1b4f0, 0x000001c199f163f0,
0x000001c199f14080, 0x000001c199f14aa0, 0x000001c199f14590, 0x000001c199f14fb0,
0x000001c199f154c0, 0x000001c199f17830, 0x000001c199f159d0, 0x000001c199f16e10,
0x000001c199f17320, 0x000001c150e8e460, 0x000001c150e8cf20
}

Java Threads: ( => current thread )
  0x000001c150e40530 JavaThread "Reference Handler" daemon [_thread_blocked, id=14228, stack(0x0000008338200000,0x0000008338300000)]
  0x000001c150e410f0 JavaThread "Finalizer" daemon [_thread_blocked, id=30364, stack(0x0000008338300000,0x0000008338400000)]
  0x000001c150e51830 JavaThread "Signal Dispatcher" daemon [_thread_blocked, id=18176, stack(0x0000008338400000,0x0000008338500000)]
  0x000001c150e52800 JavaThread "Attach Listener" daemon [_thread_blocked, id=22964, stack(0x0000008338500000,0x0000008338600000)]
  0x000001c150e575e0 JavaThread "Service Thread" daemon [_thread_blocked, id=15896, stack(0x0000008338600000,0x0000008338700000)]
  0x000001c150e58fb0 JavaThread "Monitor Deflation Thread" daemon [_thread_blocked, id=16016, stack(0x0000008338700000,0x0000008338800000)]
  0x000001c150e59d80 JavaThread "C1 CompilerThread0" daemon [_thread_blocked, id=17192, stack(0x0000008338800000,0x0000008338900000)]
  0x000001c150e5ab90 JavaThread "Sweeper thread" daemon [_thread_blocked, id=9296, stack(0x0000008338900000,0x0000008338a00000)]
  0x000001c150e2a030 JavaThread "Common-Cleaner" daemon [_thread_blocked, id=26088, stack(0x0000008338a00000,0x0000008338b00000)]
  0x000001c1967546f0 JavaThread "Monitor Ctrl-Break" daemon [_thread_in_native, id=22360, stack(0x0000008338d00000,0x0000008338e00000)]
  0x000001c19675b7d0 JavaThread "Notification Thread" daemon [_thread_blocked, id=5952, stack(0x0000008338e00000,0x0000008338f00000)]
  0x000001c1968458d0 JavaThread "RMI TCP Accept-0" daemon [_thread_in_native, id=29680, stack(0x0000008338f00000,0x0000008339000000)]
  0x000001c197aef770 JavaThread "RMI Scheduler(0)" daemon [_thread_blocked, id=8428, stack(0x000000833a100000,0x000000833a200000)]
  0x000001c197aeed50 JavaThread "mysql-cj-abandoned-connection-cleanup" daemon [_thread_blocked, id=4720, stack(0x000000833a200000,0x000000833a300000)]
  0x000001c197af0190 JavaThread "HikariPool-1 housekeeper" daemon [_thread_blocked, id=18908, stack(0x000000833a400000,0x000000833a500000)]
  0x000001c197af06a0 JavaThread "Catalina-utility-1" [_thread_blocked, id=18712, stack(0x000000833a600000,0x000000833a700000)]
  0x000001c197aede20 JavaThread "Catalina-utility-2" [_thread_blocked, id=19668, stack(0x000000833a700000,0x000000833a800000)]
  0x000001c197aee330 JavaThread "container-0" [_thread_blocked, id=18048, stack(0x000000833a800000,0x000000833a900000)]
  0x000001c199242ac0 JavaThread "MessageBroker-1" [_thread_blocked, id=15404, stack(0x000000833a500000,0x000000833a600000)]
  0x000001c1992420a0 JavaThread "File Watcher" daemon [_thread_blocked, id=24536, stack(0x000000833a900000,0x000000833aa00000)]
  0x000001c19923f310 JavaThread "http-nio-2509-Poller" daemon [_thread_in_native, id=21044, stack(0x000000833b400000,0x000000833b500000)]
  0x000001c1992439f0 JavaThread "http-nio-2509-Acceptor" daemon [_thread_in_native, id=8320, stack(0x000000833b500000,0x000000833b600000)]
  0x000001c19923c580 JavaThread "MessageBroker-2" [_thread_blocked, id=9968, stack(0x000000833b600000,0x000000833b700000)]
  0x000001c19923fd30 JavaThread "MessageBroker-3" [_thread_blocked, id=19408, stack(0x000000833b700000,0x000000833b800000)]
  0x000001c19923f820 JavaThread "MessageBroker-4" [_thread_blocked, id=5956, stack(0x000000833b800000,0x000000833b900000)]
  0x000001c19923ca90 JavaThread "DestroyJavaVM" [_thread_blocked, id=29192, stack(0x0000008337b00000,0x0000008337c00000)]
  0x000001c199240c60 JavaThread "AMQP Connection 127.0.0.1:5672" [_thread_in_native, id=26936, stack(0x000000833b900000,0x000000833ba00000)]
  0x000001c199241b90 JavaThread "pool-1-thread-2" [_thread_blocked, id=30352, stack(0x000000833ba00000,0x000000833bb00000)]
  0x000001c19923d4b0 JavaThread "MessageBroker-5" [_thread_blocked, id=16024, stack(0x0000008339800000,0x0000008339900000)]
  0x000001c199240750 JavaThread "MessageBroker-6" [_thread_blocked, id=30768, stack(0x0000008339c00000,0x0000008339d00000)]
  0x000001c199241170 JavaThread "MessageBroker-7" [_thread_blocked, id=13112, stack(0x000000833bb00000,0x000000833bc00000)]
  0x000001c198c9a530 JavaThread "MessageBroker-8" [_thread_blocked, id=2060, stack(0x000000833c100000,0x000000833c200000)]
  0x000001c1998cdde0 JavaThread "MessageBroker-9" [_thread_blocked, id=14724, stack(0x000000833cd00000,0x000000833ce00000)]
  0x000001c1998cba70 JavaThread "MessageBroker-10" [_thread_blocked, id=13200, stack(0x000000833d300000,0x000000833d400000)]
  0x000001c199b52f70 JavaThread "MessageBroker-11" [_thread_blocked, id=22028, stack(0x000000833bc00000,0x000000833bd00000)]
  0x000001c199b53480 JavaThread "MessageBroker-12" [_thread_blocked, id=16480, stack(0x000000833c800000,0x000000833c900000)]
  0x000001c199b51b30 JavaThread "http-nio-2509-exec-20" daemon [_thread_blocked, id=23264, stack(0x000000833d400000,0x000000833d500000)]
  0x000001c199b52a60 JavaThread "http-nio-2509-exec-28" daemon [_thread_blocked, id=12604, stack(0x000000833dc00000,0x000000833dd00000)]
  0x000001c199b58580 JavaThread "Java2D Disposer" daemon [_thread_blocked, id=27472, stack(0x000000833f500000,0x000000833f600000)]
  0x000001c198c99600 JavaThread "http-nio-2509-exec-31" daemon [_thread_blocked, id=28736, stack(0x0000008337900000,0x0000008337a00000)]
  0x000001c198c99b10 JavaThread "http-nio-2509-exec-33" daemon [_thread_blocked, id=19560, stack(0x0000008339900000,0x0000008339a00000)]
  0x000001c198c9be80 JavaThread "http-nio-2509-exec-36" daemon [_thread_blocked, id=17940, stack(0x000000833af00000,0x000000833b000000)]
  0x000001c199f19180 JavaThread "http-nio-2509-exec-39" daemon [_thread_blocked, id=1264, stack(0x000000833c200000,0x000000833c300000)]
  0x000001c199f16900 JavaThread "http-nio-2509-exec-40" daemon [_thread_blocked, id=15408, stack(0x000000833c700000,0x000000833c800000)]
  0x000001c199f18250 JavaThread "http-nio-2509-exec-44" daemon [_thread_blocked, id=27452, stack(0x000000833d100000,0x000000833d200000)]
  0x000001c1998cab40 JavaThread "http-nio-2509-exec-50" daemon [_thread_blocked, id=9356, stack(0x000000833e000000,0x000000833e100000)]
  0x000001c1998cc9a0 JavaThread "http-nio-2509-exec-53" daemon [_thread_blocked, id=15956, stack(0x000000833e500000,0x000000833e600000)]
  0x000001c19fa39770 JavaThread "WebSocket background processing" daemon [_thread_blocked, id=25720, stack(0x000000833aa00000,0x000000833ab00000)]
  0x000001c199f15ee0 JavaThread "Keep-Alive-Timer" daemon [_thread_blocked, id=24980, stack(0x0000008337800000,0x0000008337900000)]
  0x000001c199f18c70 JavaThread "clientInboundChannel-275" [_thread_blocked, id=31568, stack(0x0000008337a00000,0x0000008337b00000)]
  0x000001c199f19ba0 JavaThread "clientInboundChannel-276" [_thread_blocked, id=7848, stack(0x0000008338b00000,0x0000008338c00000)]
  0x000001c199f18760 JavaThread "clientInboundChannel-277" [_thread_blocked, id=30804, stack(0x0000008338c00000,0x0000008338d00000)]
  0x000001c199f17d40 JavaThread "clientOutboundChannel-147" [_thread_blocked, id=18960, stack(0x000000833a000000,0x000000833a100000)]
  0x000001c199f1a0b0 JavaThread "clientInboundChannel-278" [_thread_blocked, id=9884, stack(0x000000833a300000,0x000000833a400000)]
  0x000001c199f19690 JavaThread "clientInboundChannel-279" [_thread_blocked, id=29060, stack(0x000000833ab00000,0x000000833ac00000)]
  0x000001c199f1a5c0 JavaThread "clientInboundChannel-280" [_thread_blocked, id=10244, stack(0x000000833ac00000,0x000000833ad00000)]
  0x000001c199f1aad0 JavaThread "clientInboundChannel-281" [_thread_blocked, id=19092, stack(0x000000833ad00000,0x000000833ae00000)]
  0x000001c199f1afe0 JavaThread "clientInboundChannel-282" [_thread_blocked, id=20924, stack(0x000000833ae00000,0x000000833af00000)]
  0x000001c199f1b4f0 JavaThread "clientInboundChannel-283" [_thread_blocked, id=14992, stack(0x000000833b000000,0x000000833b100000)]
  0x000001c199f163f0 JavaThread "clientInboundChannel-284" [_thread_blocked, id=5612, stack(0x000000833b100000,0x000000833b200000)]
  0x000001c199f14080 JavaThread "clientInboundChannel-285" [_thread_blocked, id=13800, stack(0x000000833b200000,0x000000833b300000)]
  0x000001c199f14aa0 JavaThread "clientInboundChannel-286" [_thread_blocked, id=13728, stack(0x000000833b300000,0x000000833b400000)]
  0x000001c199f14590 JavaThread "clientOutboundChannel-148" [_thread_blocked, id=21868, stack(0x000000833bd00000,0x000000833be00000)]
  0x000001c199f14fb0 JavaThread "clientInboundChannel-287" [_thread_blocked, id=7912, stack(0x000000833be00000,0x000000833bf00000)]
  0x000001c199f154c0 JavaThread "clientInboundChannel-288" [_thread_blocked, id=26808, stack(0x000000833bf00000,0x000000833c000000)]
  0x000001c199f17830 JavaThread "clientInboundChannel-289" [_thread_blocked, id=3132, stack(0x000000833c000000,0x000000833c100000)]
  0x000001c199f159d0 JavaThread "clientInboundChannel-290" [_thread_blocked, id=12612, stack(0x000000833c300000,0x000000833c400000)]
  0x000001c199f16e10 JavaThread "clientInboundChannel-291" [_thread_blocked, id=16192, stack(0x000000833c400000,0x000000833c500000)]
  0x000001c199f17320 JavaThread "clientInboundChannel-292" [_thread_blocked, id=32016, stack(0x000000833c500000,0x000000833c600000)]
  0x000001c150e8e460 JavaThread "C1 CompilerThread1" daemon [_thread_blocked, id=21128, stack(0x000000833c600000,0x000000833c700000)]
  0x000001c150e8cf20 JavaThread "C1 CompilerThread2" daemon [_thread_blocked, id=4340, stack(0x000000833c900000,0x000000833ca00000)]

Other Threads:
=>0x000001c150e3aa80 VMThread "VM Thread" [stack: 0x0000008338100000,0x0000008338200000] [id=23432]
  0x000001c13cc6c770 WatcherThread [stack: 0x0000008339000000,0x0000008339100000] [id=11432]
  0x000001c13cc42b10 GCTaskThread "GC Thread#0" [stack: 0x0000008337c00000,0x0000008337d00000] [id=24328]
  0x000001c196b1eae0 GCTaskThread "GC Thread#1" [stack: 0x0000008339100000,0x0000008339200000] [id=7944]
  0x000001c196b4e5e0 GCTaskThread "GC Thread#2" [stack: 0x0000008339200000,0x0000008339300000] [id=24896]
  0x000001c196b80870 GCTaskThread "GC Thread#3" [stack: 0x0000008339300000,0x0000008339400000] [id=30072]
  0x000001c196b81d50 GCTaskThread "GC Thread#4" [stack: 0x0000008339400000,0x0000008339500000] [id=17788]
  0x000001c196b82010 GCTaskThread "GC Thread#5" [stack: 0x0000008339500000,0x0000008339600000] [id=2600]
  0x000001c196b822d0 GCTaskThread "GC Thread#6" [stack: 0x0000008339600000,0x0000008339700000] [id=14428]
  0x000001c197289110 GCTaskThread "GC Thread#7" [stack: 0x0000008339a00000,0x0000008339b00000] [id=7128]
  0x000001c19763f480 GCTaskThread "GC Thread#8" [stack: 0x0000008339b00000,0x0000008339c00000] [id=10884]
  0x000001c1975eb480 GCTaskThread "GC Thread#9" [stack: 0x0000008339d00000,0x0000008339e00000] [id=17952]
  0x000001c13cc4ecc0 ConcurrentGCThread "G1 Main Marker" [stack: 0x0000008337d00000,0x0000008337e00000] [id=7756]
  0x000001c13cc4ef90 ConcurrentGCThread "G1 Conc#0" [stack: 0x0000008337e00000,0x0000008337f00000] [id=24668]
  0x000001c197a5f000 ConcurrentGCThread "G1 Conc#1" [stack: 0x0000008339e00000,0x0000008339f00000] [id=17448]
  0x000001c197a11fb0 ConcurrentGCThread "G1 Conc#2" [stack: 0x0000008339f00000,0x000000833a000000] [id=21032]
  0x000001c13cc8e740 ConcurrentGCThread "G1 Refine#0" [stack: 0x0000008337f00000,0x0000008338000000] [id=2384]
  0x000001c196b4f1c0 ConcurrentGCThread "G1 Refine#1" [stack: 0x0000008339700000,0x0000008339800000] [id=18248]
  0x000001c150cf63a0 ConcurrentGCThread "G1 Service" [stack: 0x0000008338000000,0x0000008338100000] [id=29536]

Threads with active compile tasks:

VM state: at safepoint (normal execution)

VM Mutex/Monitor currently owned by a thread:  ([mutex/lock_event])
[0x000001c13cbe4060] Threads_lock - owner thread: 0x000001c150e3aa80
[0x000001c13cbe2680] Heap_lock - owner thread: 0x000001c199b52a60

Heap address: 0x0000000083a00000, size: 1990 MB, Compressed Oops mode: 32-bit

CDS archive(s) mapped at: [0x000001c151000000-0x000001c151bd0000-0x000001c151bd0000), size 12386304, SharedBaseAddress: 0x000001c151000000, ArchiveRelocationMode: 1.
Compressed class space mapped at: 0x000001c152000000-0x000001c192000000, reserved size: 1073741824
Narrow klass base: 0x000001c151000000, Narrow klass shift: 0, Narrow klass range: 0x100000000

GC Precious Log:
 CPUs: 12 total, 12 available
 Memory: 7955M
 Large Page Support: Disabled
 NUMA Support: Disabled
 Compressed Oops: Enabled (32-bit)
 Heap Region Size: 1M
 Heap Min Capacity: 8M
 Heap Initial Capacity: 126M
 Heap Max Capacity: 1990M
 Pre-touch: Disabled
 Parallel Workers: 10
 Concurrent Workers: 3
 Concurrent Refinement Workers: 10
 Periodic GC: Disabled

Heap:
 garbage-first heap   total 206848K, used 94901K [0x0000000083a00000, 0x0000000100000000)
  region size 1024K, 1 young (1024K), 1 survivors (1024K)
 Metaspace       used 97582K, committed 99200K, reserved 1179648K
  class space    used 13296K, committed 13888K, reserved 1048576K

Heap Regions: E=young(eden), S=young(survivor), O=old, HS=humongous(starts), HC=humongous(continues), CS=collection set, F=free, OA=open archive, CA=closed archive, TAMS=top-at-mark-start (previous, next)
|   0|0x0000000083a00000, 0x0000000083b00000, 0x0000000083b00000|100%|HS|  |TAMS 0x0000000083b00000, 0x0000000083b00000| Complete 
|   1|0x0000000083b00000, 0x0000000083c00000, 0x0000000083c00000|100%| O|  |TAMS 0x0000000083c00000, 0x0000000083c00000| Untracked 
|   2|0x0000000083c00000, 0x0000000083d00000, 0x0000000083d00000|100%| O|  |TAMS 0x0000000083d00000, 0x0000000083d00000| Untracked 
|   3|0x0000000083d00000, 0x0000000083e00000, 0x0000000083e00000|100%| O|  |TAMS 0x0000000083e00000, 0x0000000083e00000| Untracked 
|   4|0x0000000083e00000, 0x0000000083f00000, 0x0000000083f00000|100%| O|  |TAMS 0x0000000083f00000, 0x0000000083f00000| Untracked 
|   5|0x0000000083f00000, 0x0000000084000000, 0x0000000084000000|100%| O|  |TAMS 0x0000000084000000, 0x0000000084000000| Untracked 
|   6|0x0000000084000000, 0x0000000084100000, 0x0000000084100000|100%| O|  |TAMS 0x0000000084100000, 0x0000000084100000| Untracked 
|   7|0x0000000084100000, 0x0000000084200000, 0x0000000084200000|100%| O|  |TAMS 0x0000000084200000, 0x0000000084200000| Untracked 
|   8|0x0000000084200000, 0x0000000084300000, 0x0000000084300000|100%| O|  |TAMS 0x0000000084300000, 0x0000000084300000| Untracked 
|   9|0x0000000084300000, 0x0000000084400000, 0x0000000084400000|100%| O|  |TAMS 0x0000000084400000, 0x0000000084400000| Untracked 
|  10|0x0000000084400000, 0x0000000084500000, 0x0000000084500000|100%| O|  |TAMS 0x0000000084400000, 0x0000000084500000| Untracked 
|  11|0x0000000084500000, 0x0000000084600000, 0x0000000084600000|100%| O|  |TAMS 0x0000000084500000, 0x0000000084600000| Untracked 
|  12|0x0000000084600000, 0x0000000084700000, 0x0000000084700000|100%| O|  |TAMS 0x0000000084700000, 0x0000000084700000| Untracked 
|  13|0x0000000084700000, 0x0000000084800000, 0x0000000084800000|100%| O|  |TAMS 0x0000000084800000, 0x0000000084800000| Untracked 
|  14|0x0000000084800000, 0x0000000084900000, 0x0000000084900000|100%| O|  |TAMS 0x0000000084800000, 0x0000000084900000| Untracked 
|  15|0x0000000084900000, 0x0000000084a00000, 0x0000000084a00000|100%| O|  |TAMS 0x0000000084900000, 0x0000000084a00000| Untracked 
|  16|0x0000000084a00000, 0x0000000084b00000, 0x0000000084b00000|100%| O|  |TAMS 0x0000000084a00000, 0x0000000084b00000| Untracked 
|  17|0x0000000084b00000, 0x0000000084c00000, 0x0000000084c00000|100%| O|  |TAMS 0x0000000084b00000, 0x0000000084c00000| Untracked 
|  18|0x0000000084c00000, 0x0000000084d00000, 0x0000000084d00000|100%| O|  |TAMS 0x0000000084c00000, 0x0000000084d00000| Untracked 
|  19|0x0000000084d00000, 0x0000000084e00000, 0x0000000084e00000|100%| O|  |TAMS 0x0000000084d00000, 0x0000000084e00000| Untracked 
|  20|0x0000000084e00000, 0x0000000084f00000, 0x0000000084f00000|100%| O|  |TAMS 0x0000000084e00000, 0x0000000084f00000| Untracked 
|  21|0x0000000084f00000, 0x0000000085000000, 0x0000000085000000|100%| O|  |TAMS 0x0000000084f00000, 0x0000000085000000| Untracked 
|  22|0x0000000085000000, 0x0000000085100000, 0x0000000085100000|100%| O|  |TAMS 0x0000000085100000, 0x0000000085100000| Untracked 
|  23|0x0000000085100000, 0x0000000085200000, 0x0000000085200000|100%| O|  |TAMS 0x0000000085100000, 0x0000000085200000| Untracked 
|  24|0x0000000085200000, 0x0000000085300000, 0x0000000085300000|100%| O|  |TAMS 0x0000000085200000, 0x0000000085300000| Untracked 
|  25|0x0000000085300000, 0x0000000085400000, 0x0000000085400000|100%| O|  |TAMS 0x0000000085300000, 0x0000000085400000| Untracked 
|  26|0x0000000085400000, 0x0000000085500000, 0x0000000085500000|100%| O|  |TAMS 0x0000000085500000, 0x0000000085500000| Untracked 
|  27|0x0000000085500000, 0x0000000085590a00, 0x0000000085600000| 56%| O|  |TAMS 0x0000000085500000, 0x0000000085590a00| Untracked 
|  28|0x0000000085600000, 0x0000000085600000, 0x0000000085700000|  0%| F|  |TAMS 0x0000000085600000, 0x0000000085600000| Untracked 
|  29|0x0000000085700000, 0x0000000085800000, 0x0000000085800000|100%| O|  |TAMS 0x0000000085800000, 0x0000000085800000| Untracked 
|  30|0x0000000085800000, 0x0000000085800000, 0x0000000085900000|  0%| F|  |TAMS 0x0000000085800000, 0x0000000085800000| Untracked 
|  31|0x0000000085900000, 0x0000000085900000, 0x0000000085a00000|  0%| F|  |TAMS 0x0000000085900000, 0x0000000085900000| Untracked 
|  32|0x0000000085a00000, 0x0000000085b00000, 0x0000000085b00000|100%| O|  |TAMS 0x0000000085b00000, 0x0000000085b00000| Untracked 
|  33|0x0000000085b00000, 0x0000000085c00000, 0x0000000085c00000|100%| O|  |TAMS 0x0000000085c00000, 0x0000000085c00000| Untracked 
|  34|0x0000000085c00000, 0x0000000085d00000, 0x0000000085d00000|100%| O|  |TAMS 0x0000000085d00000, 0x0000000085d00000| Untracked 
|  35|0x0000000085d00000, 0x0000000085e00000, 0x0000000085e00000|100%| O|  |TAMS 0x0000000085e00000, 0x0000000085e00000| Untracked 
|  36|0x0000000085e00000, 0x0000000085f00000, 0x0000000085f00000|100%| O|  |TAMS 0x0000000085f00000, 0x0000000085f00000| Untracked 
|  37|0x0000000085f00000, 0x0000000086000000, 0x0000000086000000|100%| O|  |TAMS 0x0000000086000000, 0x0000000086000000| Untracked 
|  38|0x0000000086000000, 0x0000000086100000, 0x0000000086100000|100%| O|  |TAMS 0x0000000086100000, 0x0000000086100000| Untracked 
|  39|0x0000000086100000, 0x0000000086200000, 0x0000000086200000|100%| O|  |TAMS 0x0000000086200000, 0x0000000086200000| Untracked 
|  40|0x0000000086200000, 0x0000000086300000, 0x0000000086300000|100%| O|  |TAMS 0x0000000086300000, 0x0000000086300000| Untracked 
|  41|0x0000000086300000, 0x0000000086400000, 0x0000000086400000|100%| O|  |TAMS 0x0000000086400000, 0x0000000086400000| Untracked 
|  42|0x0000000086400000, 0x0000000086500000, 0x0000000086500000|100%| O|  |TAMS 0x0000000086500000, 0x0000000086500000| Untracked 
|  43|0x0000000086500000, 0x0000000086600000, 0x0000000086600000|100%| O|  |TAMS 0x0000000086600000, 0x0000000086600000| Untracked 
|  44|0x0000000086600000, 0x0000000086700000, 0x0000000086700000|100%| O|  |TAMS 0x0000000086700000, 0x0000000086700000| Untracked 
|  45|0x0000000086700000, 0x0000000086800000, 0x0000000086800000|100%| O|  |TAMS 0x0000000086800000, 0x0000000086800000| Untracked 
|  46|0x0000000086800000, 0x0000000086900000, 0x0000000086900000|100%| O|  |TAMS 0x0000000086900000, 0x0000000086900000| Untracked 
|  47|0x0000000086900000, 0x0000000086a00000, 0x0000000086a00000|100%| O|  |TAMS 0x0000000086a00000, 0x0000000086a00000| Untracked 
|  48|0x0000000086a00000, 0x0000000086b00000, 0x0000000086b00000|100%| O|  |TAMS 0x0000000086b00000, 0x0000000086b00000| Untracked 
|  49|0x0000000086b00000, 0x0000000086b00000, 0x0000000086c00000|  0%| F|  |TAMS 0x0000000086b00000, 0x0000000086b00000| Untracked 
|  50|0x0000000086c00000, 0x0000000086d00000, 0x0000000086d00000|100%| O|  |TAMS 0x0000000086d00000, 0x0000000086d00000| Untracked 
|  51|0x0000000086d00000, 0x0000000086e00000, 0x0000000086e00000|100%| O|  |TAMS 0x0000000086e00000, 0x0000000086e00000| Untracked 
|  52|0x0000000086e00000, 0x0000000086f00000, 0x0000000086f00000|100%| O|  |TAMS 0x0000000086f00000, 0x0000000086f00000| Untracked 
|  53|0x0000000086f00000, 0x0000000087000000, 0x0000000087000000|100%| O|  |TAMS 0x0000000087000000, 0x0000000087000000| Untracked 
|  54|0x0000000087000000, 0x0000000087100000, 0x0000000087100000|100%| O|  |TAMS 0x0000000087100000, 0x0000000087100000| Untracked 
|  55|0x0000000087100000, 0x0000000087200000, 0x0000000087200000|100%| O|  |TAMS 0x0000000087200000, 0x0000000087200000| Untracked 
|  56|0x0000000087200000, 0x0000000087300000, 0x0000000087300000|100%| O|  |TAMS 0x0000000087300000, 0x0000000087300000| Untracked 
|  57|0x0000000087300000, 0x0000000087300000, 0x0000000087400000|  0%| F|  |TAMS 0x0000000087300000, 0x0000000087300000| Untracked 
|  58|0x0000000087400000, 0x0000000087500000, 0x0000000087500000|100%| O|  |TAMS 0x0000000087500000, 0x0000000087500000| Untracked 
|  59|0x0000000087500000, 0x0000000087600000, 0x0000000087600000|100%| O|  |TAMS 0x0000000087600000, 0x0000000087600000| Untracked 
|  60|0x0000000087600000, 0x0000000087700000, 0x0000000087700000|100%| O|  |TAMS 0x0000000087700000, 0x0000000087700000| Untracked 
|  61|0x0000000087700000, 0x0000000087800000, 0x0000000087800000|100%| O|  |TAMS 0x0000000087800000, 0x0000000087800000| Untracked 
|  62|0x0000000087800000, 0x0000000087800000, 0x0000000087900000|  0%| F|  |TAMS 0x0000000087800000, 0x0000000087800000| Untracked 
|  63|0x0000000087900000, 0x0000000087a00000, 0x0000000087a00000|100%| O|  |TAMS 0x0000000087a00000, 0x0000000087a00000| Untracked 
|  64|0x0000000087a00000, 0x0000000087b00000, 0x0000000087b00000|100%| O|  |TAMS 0x0000000087b00000, 0x0000000087b00000| Untracked 
|  65|0x0000000087b00000, 0x0000000087c00000, 0x0000000087c00000|100%| O|  |TAMS 0x0000000087c00000, 0x0000000087c00000| Untracked 
|  66|0x0000000087c00000, 0x0000000087d00000, 0x0000000087d00000|100%| O|  |TAMS 0x0000000087d00000, 0x0000000087d00000| Untracked 
|  67|0x0000000087d00000, 0x0000000087e00000, 0x0000000087e00000|100%| O|  |TAMS 0x0000000087e00000, 0x0000000087e00000| Untracked 
|  68|0x0000000087e00000, 0x0000000087f00000, 0x0000000087f00000|100%| O|  |TAMS 0x0000000087f00000, 0x0000000087f00000| Untracked 
|  69|0x0000000087f00000, 0x0000000088000000, 0x0000000088000000|100%| O|  |TAMS 0x0000000088000000, 0x0000000088000000| Untracked 
|  70|0x0000000088000000, 0x0000000088000000, 0x0000000088100000|  0%| F|  |TAMS 0x0000000088000000, 0x0000000088000000| Untracked 
|  71|0x0000000088100000, 0x0000000088200000, 0x0000000088200000|100%| O|  |TAMS 0x0000000088200000, 0x0000000088200000| Untracked 
|  72|0x0000000088200000, 0x0000000088300000, 0x0000000088300000|100%| O|  |TAMS 0x0000000088300000, 0x0000000088300000| Untracked 
|  73|0x0000000088300000, 0x0000000088300000, 0x0000000088400000|  0%| F|  |TAMS 0x0000000088300000, 0x0000000088300000| Untracked 
|  74|0x0000000088400000, 0x0000000088500000, 0x0000000088500000|100%| O|  |TAMS 0x0000000088500000, 0x0000000088500000| Untracked 
|  75|0x0000000088500000, 0x0000000088600000, 0x0000000088600000|100%| O|  |TAMS 0x0000000088600000, 0x0000000088600000| Untracked 
|  76|0x0000000088600000, 0x0000000088600000, 0x0000000088700000|  0%| F|  |TAMS 0x0000000088600000, 0x0000000088600000| Untracked 
|  77|0x0000000088700000, 0x0000000088800000, 0x0000000088800000|100%| O|  |TAMS 0x0000000088800000, 0x0000000088800000| Untracked 
|  78|0x0000000088800000, 0x0000000088900000, 0x0000000088900000|100%| O|  |TAMS 0x0000000088900000, 0x0000000088900000| Untracked 
|  79|0x0000000088900000, 0x0000000088a00000, 0x0000000088a00000|100%| O|  |TAMS 0x0000000088a00000, 0x0000000088a00000| Untracked 
|  80|0x0000000088a00000, 0x0000000088b00000, 0x0000000088b00000|100%| O|  |TAMS 0x0000000088b00000, 0x0000000088b00000| Untracked 
|  81|0x0000000088b00000, 0x0000000088c00000, 0x0000000088c00000|100%| O|  |TAMS 0x0000000088c00000, 0x0000000088c00000| Untracked 
|  82|0x0000000088c00000, 0x0000000088d00000, 0x0000000088d00000|100%| O|  |TAMS 0x0000000088d00000, 0x0000000088d00000| Untracked 
|  83|0x0000000088d00000, 0x0000000088e00000, 0x0000000088e00000|100%| O|  |TAMS 0x0000000088e00000, 0x0000000088e00000| Untracked 
|  84|0x0000000088e00000, 0x0000000088f00000, 0x0000000088f00000|100%| O|  |TAMS 0x0000000088f00000, 0x0000000088f00000| Untracked 
|  85|0x0000000088f00000, 0x0000000089000000, 0x0000000089000000|100%| O|  |TAMS 0x0000000089000000, 0x0000000089000000| Untracked 
|  86|0x0000000089000000, 0x0000000089000000, 0x0000000089100000|  0%| F|  |TAMS 0x0000000089000000, 0x0000000089000000| Untracked 
|  87|0x0000000089100000, 0x0000000089200000, 0x0000000089200000|100%| O|  |TAMS 0x0000000089200000, 0x0000000089200000| Untracked 
|  88|0x0000000089200000, 0x0000000089300000, 0x0000000089300000|100%| O|  |TAMS 0x0000000089300000, 0x0000000089300000| Untracked 
|  89|0x0000000089300000, 0x0000000089400000, 0x0000000089400000|100%| O|  |TAMS 0x0000000089400000, 0x0000000089400000| Untracked 
|  90|0x0000000089400000, 0x0000000089500000, 0x0000000089500000|100%| O|  |TAMS 0x0000000089500000, 0x0000000089500000| Untracked 
|  91|0x0000000089500000, 0x0000000089600000, 0x0000000089600000|100%| O|  |TAMS 0x0000000089539000, 0x0000000089600000| Untracked 
|  92|0x0000000089600000, 0x0000000089700000, 0x0000000089700000|100%| O|  |TAMS 0x0000000089600000, 0x0000000089700000| Untracked 
|  93|0x0000000089700000, 0x0000000089800000, 0x0000000089800000|100%| O|  |TAMS 0x0000000089700000, 0x0000000089800000| Untracked 
|  94|0x0000000089800000, 0x0000000089900000, 0x0000000089900000|100%| O|  |TAMS 0x0000000089800000, 0x0000000089900000| Untracked 
|  95|0x0000000089900000, 0x0000000089a00000, 0x0000000089a00000|100%| O|  |TAMS 0x0000000089900000, 0x0000000089a00000| Untracked 
|  96|0x0000000089a00000, 0x0000000089b00000, 0x0000000089b00000|100%| O|  |TAMS 0x0000000089a00000, 0x0000000089b00000| Untracked 
|  97|0x0000000089b00000, 0x0000000089c00000, 0x0000000089c00000|100%| O|  |TAMS 0x0000000089b00000, 0x0000000089c00000| Untracked 
|  98|0x0000000089c00000, 0x0000000089d00000, 0x0000000089d00000|100%| O|  |TAMS 0x0000000089c00000, 0x0000000089d00000| Untracked 
|  99|0x0000000089d00000, 0x0000000089e00000, 0x0000000089e00000|100%| O|  |TAMS 0x0000000089d00000, 0x0000000089e00000| Untracked 
| 100|0x0000000089e00000, 0x0000000089f00000, 0x0000000089f00000|100%| O|  |TAMS 0x0000000089e00000, 0x0000000089f00000| Untracked 
| 101|0x0000000089f00000, 0x000000008a000000, 0x000000008a000000|100%| O|  |TAMS 0x0000000089f00000, 0x000000008a000000| Untracked 
| 102|0x000000008a000000, 0x000000008a100000, 0x000000008a100000|100%| O|  |TAMS 0x000000008a000000, 0x000000008a100000| Untracked 
| 103|0x000000008a100000, 0x000000008a100000, 0x000000008a200000|  0%| F|  |TAMS 0x000000008a100000, 0x000000008a100000| Untracked 
| 104|0x000000008a200000, 0x000000008a200000, 0x000000008a300000|  0%| F|  |TAMS 0x000000008a200000, 0x000000008a200000| Untracked 
| 105|0x000000008a300000, 0x000000008a300000, 0x000000008a400000|  0%| F|  |TAMS 0x000000008a300000, 0x000000008a300000| Untracked 
| 106|0x000000008a400000, 0x000000008a400000, 0x000000008a500000|  0%| F|  |TAMS 0x000000008a400000, 0x000000008a400000| Untracked 
| 107|0x000000008a500000, 0x000000008a500000, 0x000000008a600000|  0%| F|  |TAMS 0x000000008a500000, 0x000000008a500000| Untracked 
| 108|0x000000008a600000, 0x000000008a600000, 0x000000008a700000|  0%| F|  |TAMS 0x000000008a600000, 0x000000008a600000| Untracked 
| 109|0x000000008a700000, 0x000000008a700000, 0x000000008a800000|  0%| F|  |TAMS 0x000000008a700000, 0x000000008a700000| Untracked 
| 110|0x000000008a800000, 0x000000008a800000, 0x000000008a900000|  0%| F|  |TAMS 0x000000008a800000, 0x000000008a800000| Untracked 
| 111|0x000000008a900000, 0x000000008a900000, 0x000000008aa00000|  0%| F|  |TAMS 0x000000008a900000, 0x000000008a900000| Untracked 
| 112|0x000000008aa00000, 0x000000008aa00000, 0x000000008ab00000|  0%| F|  |TAMS 0x000000008aa00000, 0x000000008aa00000| Untracked 
| 113|0x000000008ab00000, 0x000000008ab00000, 0x000000008ac00000|  0%| F|  |TAMS 0x000000008ab00000, 0x000000008ab00000| Untracked 
| 114|0x000000008ac00000, 0x000000008ac00000, 0x000000008ad00000|  0%| F|  |TAMS 0x000000008ac00000, 0x000000008ac00000| Untracked 
| 115|0x000000008ad00000, 0x000000008ad00000, 0x000000008ae00000|  0%| F|  |TAMS 0x000000008ad00000, 0x000000008ad00000| Untracked 
| 116|0x000000008ae00000, 0x000000008ae00000, 0x000000008af00000|  0%| F|  |TAMS 0x000000008ae00000, 0x000000008ae00000| Untracked 
| 117|0x000000008af00000, 0x000000008af00000, 0x000000008b000000|  0%| F|  |TAMS 0x000000008af00000, 0x000000008af00000| Untracked 
| 118|0x000000008b000000, 0x000000008b000000, 0x000000008b100000|  0%| F|  |TAMS 0x000000008b000000, 0x000000008b000000| Untracked 
| 119|0x000000008b100000, 0x000000008b100000, 0x000000008b200000|  0%| F|  |TAMS 0x000000008b100000, 0x000000008b100000| Untracked 
| 120|0x000000008b200000, 0x000000008b200000, 0x000000008b300000|  0%| F|  |TAMS 0x000000008b200000, 0x000000008b200000| Untracked 
| 121|0x000000008b300000, 0x000000008b31cbd0, 0x000000008b400000| 11%| S|CS|TAMS 0x000000008b300000, 0x000000008b300000| Complete 
| 122|0x000000008b400000, 0x000000008b400000, 0x000000008b500000|  0%| F|  |TAMS 0x000000008b400000, 0x000000008b400000| Untracked 
| 123|0x000000008b500000, 0x000000008b500000, 0x000000008b600000|  0%| F|  |TAMS 0x000000008b500000, 0x000000008b500000| Untracked 
| 124|0x000000008b600000, 0x000000008b600000, 0x000000008b700000|  0%| F|  |TAMS 0x000000008b600000, 0x000000008b600000| Untracked 
| 125|0x000000008b700000, 0x000000008b700000, 0x000000008b800000|  0%| F|  |TAMS 0x000000008b700000, 0x000000008b700000| Untracked 
| 126|0x000000008b800000, 0x000000008b800000, 0x000000008b900000|  0%| F|  |TAMS 0x000000008b800000, 0x000000008b800000| Untracked 
| 127|0x000000008b900000, 0x000000008b900000, 0x000000008ba00000|  0%| F|  |TAMS 0x000000008b900000, 0x000000008b900000| Untracked 
| 128|0x000000008ba00000, 0x000000008ba00000, 0x000000008bb00000|  0%| F|  |TAMS 0x000000008ba00000, 0x000000008ba00000| Untracked 
| 129|0x000000008bb00000, 0x000000008bb00000, 0x000000008bc00000|  0%| F|  |TAMS 0x000000008bb00000, 0x000000008bb00000| Untracked 
| 130|0x000000008bc00000, 0x000000008bc00000, 0x000000008bd00000|  0%| F|  |TAMS 0x000000008bc00000, 0x000000008bc00000| Untracked 
| 131|0x000000008bd00000, 0x000000008bd00000, 0x000000008be00000|  0%| F|  |TAMS 0x000000008bd00000, 0x000000008bd00000| Untracked 
| 132|0x000000008be00000, 0x000000008be00000, 0x000000008bf00000|  0%| F|  |TAMS 0x000000008be00000, 0x000000008be00000| Untracked 
| 133|0x000000008bf00000, 0x000000008bf00000, 0x000000008c000000|  0%| F|  |TAMS 0x000000008bf00000, 0x000000008bf00000| Untracked 
| 134|0x000000008c000000, 0x000000008c000000, 0x000000008c100000|  0%| F|  |TAMS 0x000000008c000000, 0x000000008c000000| Untracked 
| 135|0x000000008c100000, 0x000000008c100000, 0x000000008c200000|  0%| F|  |TAMS 0x000000008c100000, 0x000000008c100000| Untracked 
| 136|0x000000008c200000, 0x000000008c200000, 0x000000008c300000|  0%| F|  |TAMS 0x000000008c200000, 0x000000008c200000| Untracked 
| 137|0x000000008c300000, 0x000000008c300000, 0x000000008c400000|  0%| F|  |TAMS 0x000000008c300000, 0x000000008c300000| Untracked 
| 138|0x000000008c400000, 0x000000008c400000, 0x000000008c500000|  0%| F|  |TAMS 0x000000008c400000, 0x000000008c400000| Untracked 
| 139|0x000000008c500000, 0x000000008c500000, 0x000000008c600000|  0%| F|  |TAMS 0x000000008c500000, 0x000000008c500000| Untracked 
| 140|0x000000008c600000, 0x000000008c600000, 0x000000008c700000|  0%| F|  |TAMS 0x000000008c600000, 0x000000008c600000| Untracked 
| 141|0x000000008c700000, 0x000000008c700000, 0x000000008c800000|  0%| F|  |TAMS 0x000000008c700000, 0x000000008c700000| Untracked 
| 142|0x000000008c800000, 0x000000008c800000, 0x000000008c900000|  0%| F|  |TAMS 0x000000008c800000, 0x000000008c800000| Untracked 
| 143|0x000000008c900000, 0x000000008c900000, 0x000000008ca00000|  0%| F|  |TAMS 0x000000008c900000, 0x000000008c900000| Untracked 
| 144|0x000000008ca00000, 0x000000008ca00000, 0x000000008cb00000|  0%| F|  |TAMS 0x000000008ca00000, 0x000000008ca00000| Untracked 
| 145|0x000000008cb00000, 0x000000008cb00000, 0x000000008cc00000|  0%| F|  |TAMS 0x000000008cb00000, 0x000000008cb00000| Untracked 
| 146|0x000000008cc00000, 0x000000008cc00000, 0x000000008cd00000|  0%| F|  |TAMS 0x000000008cc00000, 0x000000008cc00000| Untracked 
| 147|0x000000008cd00000, 0x000000008cd00000, 0x000000008ce00000|  0%| F|  |TAMS 0x000000008cd00000, 0x000000008cd00000| Untracked 
| 148|0x000000008ce00000, 0x000000008ce00000, 0x000000008cf00000|  0%| F|  |TAMS 0x000000008ce00000, 0x000000008ce00000| Untracked 
| 149|0x000000008cf00000, 0x000000008cf00000, 0x000000008d000000|  0%| F|  |TAMS 0x000000008cf00000, 0x000000008cf00000| Untracked 
| 150|0x000000008d000000, 0x000000008d000000, 0x000000008d100000|  0%| F|  |TAMS 0x000000008d000000, 0x000000008d000000| Untracked 
| 151|0x000000008d100000, 0x000000008d100000, 0x000000008d200000|  0%| F|  |TAMS 0x000000008d100000, 0x000000008d100000| Untracked 
| 152|0x000000008d200000, 0x000000008d200000, 0x000000008d300000|  0%| F|  |TAMS 0x000000008d200000, 0x000000008d200000| Untracked 
| 153|0x000000008d300000, 0x000000008d300000, 0x000000008d400000|  0%| F|  |TAMS 0x000000008d300000, 0x000000008d300000| Untracked 
| 154|0x000000008d400000, 0x000000008d400000, 0x000000008d500000|  0%| F|  |TAMS 0x000000008d400000, 0x000000008d400000| Untracked 
| 155|0x000000008d500000, 0x000000008d500000, 0x000000008d600000|  0%| F|  |TAMS 0x000000008d500000, 0x000000008d500000| Untracked 
| 156|0x000000008d600000, 0x000000008d600000, 0x000000008d700000|  0%| F|  |TAMS 0x000000008d600000, 0x000000008d600000| Untracked 
| 157|0x000000008d700000, 0x000000008d700000, 0x000000008d800000|  0%| F|  |TAMS 0x000000008d700000, 0x000000008d700000| Untracked 
| 158|0x000000008d800000, 0x000000008d800000, 0x000000008d900000|  0%| F|  |TAMS 0x000000008d800000, 0x000000008d800000| Untracked 
| 159|0x000000008d900000, 0x000000008d900000, 0x000000008da00000|  0%| F|  |TAMS 0x000000008d900000, 0x000000008d900000| Untracked 
| 160|0x000000008da00000, 0x000000008da00000, 0x000000008db00000|  0%| F|  |TAMS 0x000000008da00000, 0x000000008da00000| Untracked 
| 161|0x000000008db00000, 0x000000008db00000, 0x000000008dc00000|  0%| F|  |TAMS 0x000000008db00000, 0x000000008db00000| Untracked 
| 162|0x000000008dc00000, 0x000000008dc00000, 0x000000008dd00000|  0%| F|  |TAMS 0x000000008dc00000, 0x000000008dc00000| Untracked 
| 163|0x000000008dd00000, 0x000000008dd00000, 0x000000008de00000|  0%| F|  |TAMS 0x000000008dd00000, 0x000000008dd00000| Untracked 
| 164|0x000000008de00000, 0x000000008de00000, 0x000000008df00000|  0%| F|  |TAMS 0x000000008de00000, 0x000000008de00000| Untracked 
| 165|0x000000008df00000, 0x000000008df00000, 0x000000008e000000|  0%| F|  |TAMS 0x000000008df00000, 0x000000008df00000| Untracked 
| 166|0x000000008e000000, 0x000000008e000000, 0x000000008e100000|  0%| F|  |TAMS 0x000000008e000000, 0x000000008e000000| Untracked 
| 167|0x000000008e100000, 0x000000008e100000, 0x000000008e200000|  0%| F|  |TAMS 0x000000008e100000, 0x000000008e100000| Untracked 
| 168|0x000000008e200000, 0x000000008e200000, 0x000000008e300000|  0%| F|  |TAMS 0x000000008e200000, 0x000000008e200000| Untracked 
| 169|0x000000008e300000, 0x000000008e300000, 0x000000008e400000|  0%| F|  |TAMS 0x000000008e300000, 0x000000008e300000| Untracked 
| 170|0x000000008e400000, 0x000000008e400000, 0x000000008e500000|  0%| F|  |TAMS 0x000000008e400000, 0x000000008e400000| Untracked 
| 171|0x000000008e500000, 0x000000008e500000, 0x000000008e600000|  0%| F|  |TAMS 0x000000008e500000, 0x000000008e500000| Untracked 
| 172|0x000000008e600000, 0x000000008e600000, 0x000000008e700000|  0%| F|  |TAMS 0x000000008e600000, 0x000000008e600000| Untracked 
| 173|0x000000008e700000, 0x000000008e700000, 0x000000008e800000|  0%| F|  |TAMS 0x000000008e700000, 0x000000008e700000| Untracked 
| 174|0x000000008e800000, 0x000000008e800000, 0x000000008e900000|  0%| F|  |TAMS 0x000000008e800000, 0x000000008e800000| Untracked 
| 175|0x000000008e900000, 0x000000008e900000, 0x000000008ea00000|  0%| F|  |TAMS 0x000000008e900000, 0x000000008e900000| Untracked 
| 176|0x000000008ea00000, 0x000000008ea00000, 0x000000008eb00000|  0%| F|  |TAMS 0x000000008ea00000, 0x000000008ea00000| Untracked 
| 177|0x000000008eb00000, 0x000000008eb00000, 0x000000008ec00000|  0%| F|  |TAMS 0x000000008eb00000, 0x000000008eb00000| Untracked 
| 178|0x000000008ec00000, 0x000000008ec00000, 0x000000008ed00000|  0%| F|  |TAMS 0x000000008ec00000, 0x000000008ec00000| Untracked 
| 179|0x000000008ed00000, 0x000000008ed00000, 0x000000008ee00000|  0%| F|  |TAMS 0x000000008ed00000, 0x000000008ed00000| Untracked 
| 180|0x000000008ee00000, 0x000000008ee00000, 0x000000008ef00000|  0%| F|  |TAMS 0x000000008ee00000, 0x000000008ee00000| Untracked 
| 181|0x000000008ef00000, 0x000000008ef00000, 0x000000008f000000|  0%| F|  |TAMS 0x000000008ef00000, 0x000000008ef00000| Untracked 
| 182|0x000000008f000000, 0x000000008f000000, 0x000000008f100000|  0%| F|  |TAMS 0x000000008f000000, 0x000000008f000000| Untracked 
| 183|0x000000008f100000, 0x000000008f100000, 0x000000008f200000|  0%| F|  |TAMS 0x000000008f100000, 0x000000008f100000| Untracked 
| 184|0x000000008f200000, 0x000000008f200000, 0x000000008f300000|  0%| F|  |TAMS 0x000000008f200000, 0x000000008f200000| Untracked 
| 185|0x000000008f300000, 0x000000008f300000, 0x000000008f400000|  0%| F|  |TAMS 0x000000008f300000, 0x000000008f300000| Untracked 
| 186|0x000000008f400000, 0x000000008f400000, 0x000000008f500000|  0%| F|  |TAMS 0x000000008f400000, 0x000000008f400000| Untracked 
| 187|0x000000008f500000, 0x000000008f500000, 0x000000008f600000|  0%| F|  |TAMS 0x000000008f500000, 0x000000008f500000| Untracked 
| 188|0x000000008f600000, 0x000000008f600000, 0x000000008f700000|  0%| F|  |TAMS 0x000000008f600000, 0x000000008f600000| Untracked 
| 189|0x000000008f700000, 0x000000008f700000, 0x000000008f800000|  0%| F|  |TAMS 0x000000008f700000, 0x000000008f700000| Untracked 
| 190|0x000000008f800000, 0x000000008f800000, 0x000000008f900000|  0%| F|  |TAMS 0x000000008f800000, 0x000000008f800000| Untracked 
| 191|0x000000008f900000, 0x000000008f900000, 0x000000008fa00000|  0%| F|  |TAMS 0x000000008f900000, 0x000000008f900000| Untracked 
| 192|0x000000008fa00000, 0x000000008fa00000, 0x000000008fb00000|  0%| F|  |TAMS 0x000000008fa00000, 0x000000008fa00000| Untracked 
| 193|0x000000008fb00000, 0x000000008fb00000, 0x000000008fc00000|  0%| F|  |TAMS 0x000000008fb00000, 0x000000008fb00000| Untracked 
| 194|0x000000008fc00000, 0x000000008fc00000, 0x000000008fd00000|  0%| F|  |TAMS 0x000000008fc00000, 0x000000008fc00000| Untracked 
| 195|0x000000008fd00000, 0x000000008fd00000, 0x000000008fe00000|  0%| F|  |TAMS 0x000000008fd00000, 0x000000008fd00000| Untracked 
| 196|0x000000008fe00000, 0x000000008fe00000, 0x000000008ff00000|  0%| F|  |TAMS 0x000000008fe00000, 0x000000008fe00000| Untracked 
| 197|0x000000008ff00000, 0x000000008ff00000, 0x0000000090000000|  0%| F|  |TAMS 0x000000008ff00000, 0x000000008ff00000| Untracked 
| 198|0x0000000090000000, 0x0000000090000000, 0x0000000090100000|  0%| F|  |TAMS 0x0000000090000000, 0x0000000090000000| Untracked 
| 199|0x0000000090100000, 0x0000000090100000, 0x0000000090200000|  0%| F|  |TAMS 0x0000000090100000, 0x0000000090100000| Untracked 
| 200|0x0000000090200000, 0x0000000090200000, 0x0000000090300000|  0%| F|  |TAMS 0x0000000090200000, 0x0000000090200000| Untracked 
| 201|0x0000000090300000, 0x0000000090300000, 0x0000000090400000|  0%| F|  |TAMS 0x0000000090300000, 0x0000000090300000| Untracked 

Card table byte_map: [0x000001c149b40000,0x000001c149f30000] _byte_map_base: 0x000001c149723000

Marking Bits (Prev, Next): (CMBitMap*) 0x000001c13ca1a160, (CMBitMap*) 0x000001c13ca1a120
 Prev Bits: [0x000001c14c240000, 0x000001c14e158000)
 Next Bits: [0x000001c14a320000, 0x000001c14c238000)

Polling page: 0x000001c13cc90000

Metaspace:

Usage:
  Non-class:     82.31 MB used.
      Class:     12.99 MB used.
       Both:     95.29 MB used.

Virtual space:
  Non-class space:      128.00 MB reserved,      83.31 MB ( 65%) committed,  2 nodes.
      Class space:        1.00 GB reserved,      13.56 MB (  1%) committed,  1 nodes.
             Both:        1.12 GB reserved,      96.88 MB (  8%) committed. 

Chunk freelists:
   Non-Class:  13.15 MB
       Class:  2.69 MB
        Both:  15.83 MB

MaxMetaspaceSize: unlimited
CompressedClassSpaceSize: 1.00 GB
Initial GC threshold: 21.00 MB
Current GC threshold: 160.12 MB
CDS: on
MetaspaceReclaimPolicy: balanced
 - commit_granule_bytes: 65536.
 - commit_granule_words: 8192.
 - virtual_space_node_default_size: 8388608.
 - enlarge_chunks_in_place: 1.
 - new_chunks_are_fully_committed: 0.
 - uncommit_free_chunks: 1.
 - use_allocation_guard: 0.
 - handle_deallocations: 1.


Internal statistics:

num_allocs_failed_limit: 12.
num_arena_births: 1828.
num_arena_deaths: 554.
num_vsnodes_births: 3.
num_vsnodes_deaths: 0.
num_space_committed: 1550.
num_space_uncommitted: 0.
num_chunks_returned_to_freelist: 706.
num_chunks_taken_from_freelist: 5783.
num_chunk_merges: 217.
num_chunk_splits: 3759.
num_chunks_enlarged: 2482.
num_inconsistent_stats: 0.

CodeCache: size=49152Kb used=34899Kb max_used=34899Kb free=14252Kb
 bounds [0x000001c145c50000, 0x000001c147e70000, 0x000001c148c50000]
 total_blobs=20092 nmethods=19282 adapters=734
 compilation: enabled
              stopped_count=0, restarted_count=0
 full_count=0

Compilation events (20 events):
Event: 1681.715 Thread 0x000001c150e8cf20 19509       1       org.apache.poi.ss.util.RegionUtil$CellPropertySetter::<init> (15 bytes)
Event: 1681.715 Thread 0x000001c150e8cf20 nmethod 19509 0x000001c147c95590 code [0x000001c147c95720, 0x000001c147c95878]
Event: 1681.808 Thread 0x000001c150e8cf20 19510       1       org.apache.poi.xssf.usermodel.XSSFCell::isPartOfArrayFormulaGroup (9 bytes)
Event: 1681.808 Thread 0x000001c150e8cf20 nmethod 19510 0x000001c147c95210 code [0x000001c147c953a0, 0x000001c147c954a8]
Event: 1682.032 Thread 0x000001c150e8cf20 19511       1       java.util.Collections$UnmodifiableCollection::containsAll (11 bytes)
Event: 1682.032 Thread 0x000001c150e8e460 19512       1       java.util.TreeMap$KeySet::spliterator (8 bytes)
Event: 1682.032 Thread 0x000001c150e59d80 19513       1       java.util.TreeMap::keySpliteratorFor (59 bytes)
Event: 1682.032 Thread 0x000001c150e8cf20 nmethod 19511 0x000001c147c94f10 code [0x000001c147c950a0, 0x000001c147c95188]
Event: 1682.032 Thread 0x000001c150e8cf20 19514       1       java.util.TreeMap::keySpliterator (14 bytes)
Event: 1682.032 Thread 0x000001c150e8e460 nmethod 19512 0x000001c147c94c10 code [0x000001c147c94da0, 0x000001c147c94e88]
Event: 1682.032 Thread 0x000001c150e8e460 19515       1       java.util.TreeMap$KeySpliterator::<init> (14 bytes)
Event: 1682.032 Thread 0x000001c150e8cf20 nmethod 19514 0x000001c147c94810 code [0x000001c147c949a0, 0x000001c147c94b28]
Event: 1682.032 Thread 0x000001c150e8cf20 19516       1       java.util.TreeMap$KeySpliterator::getComparator (8 bytes)
Event: 1682.032 Thread 0x000001c150e8e460 nmethod 19515 0x000001c147c94510 code [0x000001c147c946a0, 0x000001c147c94788]
Event: 1682.032 Thread 0x000001c150e8cf20 nmethod 19516 0x000001c147c94210 code [0x000001c147c943a0, 0x000001c147c94478]
Event: 1682.032 Thread 0x000001c150e8e460 19517       1       sun.management.LazyCompositeData::getString (25 bytes)
Event: 1682.032 Thread 0x000001c150e59d80 nmethod 19513 0x000001c147c93910 code [0x000001c147c93b00, 0x000001c147c93fa8]
Event: 1682.033 Thread 0x000001c150e8e460 nmethod 19517 0x000001c147c93510 code [0x000001c147c936c0, 0x000001c147c93858]
Event: 1682.457 Thread 0x000001c150e8e460 19518       1       org.apache.poi.xssf.usermodel.XSSFSheet::validateMergedRegions (88 bytes)
Event: 1682.459 Thread 0x000001c150e8e460 nmethod 19518 0x000001c147c92990 code [0x000001c147c92c00, 0x000001c147c93198]

GC Heap History (20 events):
Event: 1460.016 GC heap after
{Heap after GC invocations=77 (full 0):
 garbage-first heap   total 206848K, used 94794K [0x0000000083a00000, 0x0000000100000000)
  region size 1024K, 2 young (2048K), 2 survivors (2048K)
 Metaspace       used 97298K, committed 99072K, reserved 1179648K
  class space    used 13232K, committed 13888K, reserved 1048576K
}
Event: 1465.774 GC heap before
{Heap before GC invocations=77 (full 0):
 garbage-first heap   total 206848K, used 102986K [0x0000000083a00000, 0x0000000100000000)
  region size 1024K, 10 young (10240K), 2 survivors (2048K)
 Metaspace       used 97298K, committed 99072K, reserved 1179648K
  class space    used 13232K, committed 13888K, reserved 1048576K
}
Event: 1465.904 GC heap after
{Heap after GC invocations=78 (full 0):
 garbage-first heap   total 206848K, used 84308K [0x0000000083a00000, 0x0000000100000000)
  region size 1024K, 2 young (2048K), 2 survivors (2048K)
 Metaspace       used 97298K, committed 99072K, reserved 1179648K
  class space    used 13232K, committed 13888K, reserved 1048576K
}
Event: 1471.862 GC heap before
{Heap before GC invocations=78 (full 0):
 garbage-first heap   total 206848K, used 92500K [0x0000000083a00000, 0x0000000100000000)
  region size 1024K, 10 young (10240K), 2 survivors (2048K)
 Metaspace       used 97299K, committed 99072K, reserved 1179648K
  class space    used 13232K, committed 13888K, reserved 1048576K
}
Event: 1471.869 GC heap after
{Heap after GC invocations=79 (full 0):
 garbage-first heap   total 206848K, used 83915K [0x0000000083a00000, 0x0000000100000000)
  region size 1024K, 1 young (1024K), 1 survivors (1024K)
 Metaspace       used 97299K, committed 99072K, reserved 1179648K
  class space    used 13232K, committed 13888K, reserved 1048576K
}
Event: 1545.560 GC heap before
{Heap before GC invocations=79 (full 0):
 garbage-first heap   total 206848K, used 180171K [0x0000000083a00000, 0x0000000100000000)
  region size 1024K, 95 young (97280K), 1 survivors (1024K)
 Metaspace       used 97299K, committed 99072K, reserved 1179648K
  class space    used 13232K, committed 13888K, reserved 1048576K
}
Event: 1545.583 GC heap after
{Heap after GC invocations=80 (full 0):
 garbage-first heap   total 206848K, used 83722K [0x0000000083a00000, 0x0000000100000000)
  region size 1024K, 1 young (1024K), 1 survivors (1024K)
 Metaspace       used 97299K, committed 99072K, reserved 1179648K
  class space    used 13232K, committed 13888K, reserved 1048576K
}
Event: 1591.114 GC heap before
{Heap before GC invocations=80 (full 0):
 garbage-first heap   total 206848K, used 179978K [0x0000000083a00000, 0x0000000100000000)
  region size 1024K, 96 young (98304K), 1 survivors (1024K)
 Metaspace       used 97346K, committed 99136K, reserved 1179648K
  class space    used 13239K, committed 13888K, reserved 1048576K
}
Event: 1591.130 GC heap after
{Heap after GC invocations=81 (full 0):
 garbage-first heap   total 206848K, used 84684K [0x0000000083a00000, 0x0000000100000000)
  region size 1024K, 2 young (2048K), 2 survivors (2048K)
 Metaspace       used 97346K, committed 99136K, reserved 1179648K
  class space    used 13239K, committed 13888K, reserved 1048576K
}
Event: 1662.532 GC heap before
{Heap before GC invocations=81 (full 0):
 garbage-first heap   total 206848K, used 179916K [0x0000000083a00000, 0x0000000100000000)
  region size 1024K, 95 young (97280K), 2 survivors (2048K)
 Metaspace       used 97346K, committed 99136K, reserved 1179648K
  class space    used 13239K, committed 13888K, reserved 1048576K
}
Event: 1662.562 GC heap after
{Heap after GC invocations=82 (full 0):
 garbage-first heap   total 206848K, used 84586K [0x0000000083a00000, 0x0000000100000000)
  region size 1024K, 2 young (2048K), 2 survivors (2048K)
 Metaspace       used 97346K, committed 99136K, reserved 1179648K
  class space    used 13239K, committed 13888K, reserved 1048576K
}
Event: 1680.498 GC heap before
{Heap before GC invocations=82 (full 0):
 garbage-first heap   total 206848K, used 179818K [0x0000000083a00000, 0x0000000100000000)
  region size 1024K, 96 young (98304K), 2 survivors (2048K)
 Metaspace       used 97580K, committed 99200K, reserved 1179648K
  class space    used 13296K, committed 13888K, reserved 1048576K
}
Event: 1680.519 GC heap after
{Heap after GC invocations=83 (full 0):
 garbage-first heap   total 206848K, used 89242K [0x0000000083a00000, 0x0000000100000000)
  region size 1024K, 7 young (7168K), 7 survivors (7168K)
 Metaspace       used 97580K, committed 99200K, reserved 1179648K
  class space    used 13296K, committed 13888K, reserved 1048576K
}
Event: 1680.977 GC heap before
{Heap before GC invocations=83 (full 0):
 garbage-first heap   total 206848K, used 176282K [0x0000000083a00000, 0x0000000100000000)
  region size 1024K, 92 young (94208K), 7 survivors (7168K)
 Metaspace       used 97582K, committed 99200K, reserved 1179648K
  class space    used 13296K, committed 13888K, reserved 1048576K
}
Event: 1680.985 GC heap after
{Heap after GC invocations=84 (full 0):
 garbage-first heap   total 206848K, used 95064K [0x0000000083a00000, 0x0000000100000000)
  region size 1024K, 12 young (12288K), 12 survivors (12288K)
 Metaspace       used 97582K, committed 99200K, reserved 1179648K
  class space    used 13296K, committed 13888K, reserved 1048576K
}
Event: 1681.379 GC heap before
{Heap before GC invocations=84 (full 0):
 garbage-first heap   total 206848K, used 172888K [0x0000000083a00000, 0x0000000100000000)
  region size 1024K, 88 young (90112K), 12 survivors (12288K)
 Metaspace       used 97582K, committed 99200K, reserved 1179648K
  class space    used 13296K, committed 13888K, reserved 1048576K
}
Event: 1681.503 GC heap after
{Heap after GC invocations=85 (full 0):
 garbage-first heap   total 206848K, used 95810K [0x0000000083a00000, 0x0000000100000000)
  region size 1024K, 1 young (1024K), 1 survivors (1024K)
 Metaspace       used 97582K, committed 99200K, reserved 1179648K
  class space    used 13296K, committed 13888K, reserved 1048576K
}
Event: 1681.950 GC heap before
{Heap before GC invocations=85 (full 0):
 garbage-first heap   total 206848K, used 175682K [0x0000000083a00000, 0x0000000100000000)
  region size 1024K, 79 young (80896K), 1 survivors (1024K)
 Metaspace       used 97582K, committed 99200K, reserved 1179648K
  class space    used 13296K, committed 13888K, reserved 1048576K
}
Event: 1682.028 GC heap after
{Heap after GC invocations=86 (full 0):
 garbage-first heap   total 206848K, used 95294K [0x0000000083a00000, 0x0000000100000000)
  region size 1024K, 1 young (1024K), 1 survivors (1024K)
 Metaspace       used 97582K, committed 99200K, reserved 1179648K
  class space    used 13296K, committed 13888K, reserved 1048576K
}
Event: 1682.529 GC heap before
{Heap before GC invocations=86 (full 0):
 garbage-first heap   total 206848K, used 176190K [0x0000000083a00000, 0x0000000100000000)
  region size 1024K, 80 young (81920K), 1 survivors (1024K)
 Metaspace       used 97582K, committed 99200K, reserved 1179648K
  class space    used 13296K, committed 13888K, reserved 1048576K
}

Deoptimization events (20 events):
Event: 6.935 Thread 0x000001c196bb4f70 DEOPT PACKING pc=0x000001c1462c0e22 sp=0x00000083399fc010
Event: 6.935 Thread 0x000001c196bb4f70 DEOPT UNPACKING pc=0x000001c145ca66e3 sp=0x00000083399fb518 mode 3
Event: 6.936 Thread 0x000001c196bb4f70 DEOPT PACKING pc=0x000001c1461a9f95 sp=0x00000083399fbfd0
Event: 6.936 Thread 0x000001c196bb4f70 DEOPT UNPACKING pc=0x000001c145ca66e3 sp=0x00000083399fb518 mode 3
Event: 9.451 Thread 0x000001c196bb4f70 DEOPT PACKING pc=0x000001c146e18344 sp=0x00000083399fce40
Event: 9.451 Thread 0x000001c196bb4f70 DEOPT UNPACKING pc=0x000001c145ca66e3 sp=0x00000083399fc2d8 mode 3
Event: 11.166 Thread 0x000001c196bb4f70 DEOPT PACKING pc=0x000001c146c97c23 sp=0x00000083399fb110
Event: 11.166 Thread 0x000001c196bb4f70 DEOPT UNPACKING pc=0x000001c145ca66e3 sp=0x00000083399fa528 mode 0
Event: 11.179 Thread 0x000001c196bb4f70 DEOPT PACKING pc=0x000001c146cca9dc sp=0x00000083399fd7c0
Event: 11.179 Thread 0x000001c196bb4f70 DEOPT UNPACKING pc=0x000001c145ca66e3 sp=0x00000083399fcce0 mode 0
Event: 20.839 Thread 0x000001c19923e8f0 DEOPT PACKING pc=0x000001c14634aab4 sp=0x000000833aff8410
Event: 20.839 Thread 0x000001c19923e8f0 DEOPT UNPACKING pc=0x000001c145ca66e3 sp=0x000000833aff78f8 mode 0
Event: 35.041 Thread 0x000001c19923c070 DEOPT PACKING pc=0x000001c14706d4b3 sp=0x000000833b3f7cc0
Event: 35.041 Thread 0x000001c19923c070 DEOPT UNPACKING pc=0x000001c145ca66e3 sp=0x000000833b3f71e8 mode 3
Event: 46.979 Thread 0x000001c199242fd0 DEOPT PACKING pc=0x000001c14719d563 sp=0x000000833adf7f90
Event: 46.979 Thread 0x000001c199242fd0 DEOPT UNPACKING pc=0x000001c145ca66e3 sp=0x000000833adf74a0 mode 3
Event: 383.024 Thread 0x000001c19923d9c0 DEOPT PACKING pc=0x000001c1474118b5 sp=0x000000833abf6680
Event: 383.026 Thread 0x000001c19923d9c0 DEOPT UNPACKING pc=0x000001c145ca66e3 sp=0x000000833abf5ba8 mode 3
Event: 1570.305 Thread 0x000001c19fa39260 DEOPT PACKING pc=0x000001c147c48a4a sp=0x0000008338cfeda0
Event: 1570.307 Thread 0x000001c19fa39260 DEOPT UNPACKING pc=0x000001c145ca66e3 sp=0x0000008338cfe2e0 mode 3

Classes unloaded (20 events):
Event: 1414.581 Thread 0x000001c150e3aa80 Unloading class 0x000001c152134000 'java/lang/invoke/LambdaForm$MH+0x000001c152134000'
Event: 1414.581 Thread 0x000001c150e3aa80 Unloading class 0x000001c1520c0800 'jdk/internal/reflect/GeneratedSerializationConstructorAccessor3'
Event: 1414.581 Thread 0x000001c150e3aa80 Unloading class 0x000001c1520c0400 'jdk/internal/reflect/GeneratedSerializationConstructorAccessor2'
Event: 1414.581 Thread 0x000001c150e3aa80 Unloading class 0x000001c1520c0000 'jdk/internal/reflect/GeneratedSerializationConstructorAccessor1'
Event: 1414.581 Thread 0x000001c150e3aa80 Unloading class 0x000001c152009000 'java/lang/invoke/LambdaForm$DMH+0x000001c152009000'
Event: 1414.581 Thread 0x000001c150e3aa80 Unloading class 0x000001c152008800 'java/lang/invoke/LambdaForm$DMH+0x000001c152008800'
Event: 1414.581 Thread 0x000001c150e3aa80 Unloading class 0x000001c152007c00 'jdk/internal/reflect/GeneratedConstructorAccessor1'
Event: 1414.582 Thread 0x000001c150e3aa80 Unloading class 0x000001c152007400 'java/lang/invoke/LambdaForm$MH+0x000001c152007400'
Event: 1414.582 Thread 0x000001c150e3aa80 Unloading class 0x000001c152007000 'java/lang/invoke/LambdaForm$MH+0x000001c152007000'
Event: 1414.582 Thread 0x000001c150e3aa80 Unloading class 0x000001c152006c00 'java/lang/invoke/LambdaForm$MH+0x000001c152006c00'
Event: 1414.582 Thread 0x000001c150e3aa80 Unloading class 0x000001c152006800 'java/lang/invoke/LambdaForm$MH+0x000001c152006800'
Event: 1414.582 Thread 0x000001c150e3aa80 Unloading class 0x000001c152006400 'java/lang/invoke/LambdaForm$MH+0x000001c152006400'
Event: 1414.582 Thread 0x000001c150e3aa80 Unloading class 0x000001c152006000 'java/lang/invoke/LambdaForm$MH+0x000001c152006000'
Event: 1414.582 Thread 0x000001c150e3aa80 Unloading class 0x000001c152005000 'java/lang/invoke/LambdaForm$MH+0x000001c152005000'
Event: 1414.582 Thread 0x000001c150e3aa80 Unloading class 0x000001c152004c00 'java/lang/invoke/LambdaForm$MH+0x000001c152004c00'
Event: 1414.582 Thread 0x000001c150e3aa80 Unloading class 0x000001c152004400 'java/lang/invoke/LambdaForm$MH+0x000001c152004400'
Event: 1414.582 Thread 0x000001c150e3aa80 Unloading class 0x000001c152003800 'java/lang/invoke/LambdaForm$MH+0x000001c152003800'
Event: 1414.582 Thread 0x000001c150e3aa80 Unloading class 0x000001c152003000 'java/lang/invoke/LambdaForm$MH+0x000001c152003000'
Event: 1414.582 Thread 0x000001c150e3aa80 Unloading class 0x000001c152002800 'java/lang/invoke/LambdaForm$MH+0x000001c152002800'
Event: 1414.582 Thread 0x000001c150e3aa80 Unloading class 0x000001c152002000 'java/lang/invoke/LambdaForm$MH+0x000001c152002000'

Classes redefined (0 events):
No events

Internal exceptions (20 events):
Event: 786.928 Thread 0x000001c199b53990 Exception <a 'java/io/FileNotFoundException'{0x000000008e6a7d30}> (0x000000008e6a7d30) 
thrown [s\open\src\hotspot\share\prims\jni.cpp, line 516]
Event: 786.928 Thread 0x000001c199b53990 Exception <a 'java/io/FileNotFoundException'{0x000000008e6a8840}> (0x000000008e6a8840) 
thrown [s\open\src\hotspot\share\prims\jni.cpp, line 516]
Event: 938.600 Thread 0x000001c19923ded0 Exception <a 'java/net/SocketException'{0x000000008df75ff0}: Connection reset by peer: shutdown> (0x000000008df75ff0) 
thrown [s\open\src\hotspot\share\prims\jni.cpp, line 535]
Event: 1169.345 Thread 0x000001c199b57650 Exception <a 'java/lang/IncompatibleClassChangeError'{0x000000008b600528}: Found class java.lang.Object, but interface was expected> (0x000000008b600528) 
thrown [s\open\src\hotspot\share\interpreter\linkResolver.cpp, line 826]
Event: 1169.645 Thread 0x000001c199b57650 Exception <a 'java/lang/NoSuchMethodError'{0x000000008b157170}: 'java.lang.Object java.lang.invoke.DirectMethodHandle$Holder.invokeStatic(java.lang.Object, java.lang.Object, int, int)'> (0x000000008b157170) 
thrown [s\open\src\hotspot\share\interpreter\linkResolver.cpp, line 759]
Event: 1169.646 Thread 0x000001c199b57650 Exception <a 'java/lang/NoSuchMethodError'{0x000000008b15b6d0}: 'java.lang.Object java.lang.invoke.DirectMethodHandle$Holder.invokeStaticInit(java.lang.Object, java.lang.Object, int, int)'> (0x000000008b15b6d0) 
thrown [s\open\src\hotspot\share\interpreter\linkResolver.cpp, line 759]
Event: 1169.805 Thread 0x000001c199b57650 Exception <a 'java/lang/NoSuchMethodError'{0x0000000090387b38}: 'java.lang.Object java.lang.invoke.DirectMethodHandle$Holder.newInvokeSpecial(java.lang.Object, java.lang.Object, int, java.lang.Object)'> (0x0000000090387b38) 
thrown [s\open\src\hotspot\share\interpreter\linkResolver.cpp, line 759]
Event: 1169.806 Thread 0x000001c199b57650 Exception <a 'java/lang/NoSuchMethodError'{0x000000009038c448}: 'java.lang.Object java.lang.invoke.Invokers$Holder.linkToTargetMethod(java.lang.Object, int, java.lang.Object, java.lang.Object)'> (0x000000009038c448) 
thrown [s\open\src\hotspot\share\interpreter\linkResolver.cpp, line 759]
Event: 1171.122 Thread 0x000001c199b57650 Exception <a 'java/lang/ClassNotFoundException'{0x000000008c589f40}: sun/awt/resources/spi/awtProvider> (0x000000008c589f40) 
thrown [s\open\src\hotspot\share\classfile\systemDictionary.cpp, line 256]
Event: 1171.156 Thread 0x000001c199b57650 Exception <a 'java/io/FileNotFoundException'{0x000000008c5948c8}> (0x000000008c5948c8) 
thrown [s\open\src\hotspot\share\prims\jni.cpp, line 516]
Event: 1171.157 Thread 0x000001c199b57650 Exception <a 'java/io/FileNotFoundException'{0x000000008c596628}> (0x000000008c596628) 
thrown [s\open\src\hotspot\share\prims\jni.cpp, line 516]
Event: 1171.500 Thread 0x000001c199b57650 Exception <a 'java/lang/NoSuchMethodError'{0x000000008be0da88}: 'void java.lang.invoke.DirectMethodHandle$Holder.invokeVirtual(java.lang.Object, java.lang.Object, java.lang.Object, int)'> (0x000000008be0da88) 
thrown [s\open\src\hotspot\share\interpreter\linkResolver.cpp, line 759]
Event: 1171.531 Thread 0x000001c199b57650 Exception <a 'java/lang/NoSuchMethodError'{0x000000008be4cfd0}: 'void java.lang.invoke.DirectMethodHandle$Holder.invokeStatic(java.lang.Object, java.lang.Object, java.lang.Object, int)'> (0x000000008be4cfd0) 
thrown [s\open\src\hotspot\share\interpreter\linkResolver.cpp, line 759]
Event: 1171.531 Thread 0x000001c199b57650 Exception <a 'java/lang/NoSuchMethodError'{0x000000008be511d8}: 'void java.lang.invoke.DirectMethodHandle$Holder.invokeStaticInit(java.lang.Object, java.lang.Object, java.lang.Object, int)'> (0x000000008be511d8) 
thrown [s\open\src\hotspot\share\interpreter\linkResolver.cpp, line 759]
Event: 1171.565 Thread 0x000001c199b57650 Exception <a 'java/lang/ClassNotFoundException'{0x000000008bd0aac8}: com/sun/org/apache/xalan/internal/xsltc/compiler/util/spi/ErrorMessagesProvider> (0x000000008bd0aac8) 
thrown [s\open\src\hotspot\share\classfile\systemDictionary.cpp, line 256]
Event: 1171.590 Thread 0x000001c199b57650 Exception <a 'java/lang/ClassNotFoundException'{0x000000008bd20ba0}: com/sun/org/apache/xml/internal/serializer/spi/XMLEntitiesProvider> (0x000000008bd20ba0) 
thrown [s\open\src\hotspot\share\classfile\systemDictionary.cpp, line 256]
Event: 1368.047 Thread 0x000001c1998cc9a0 Exception <a 'java/net/SocketException'{0x00000000900a27d8}: Connection reset by peer: shutdown> (0x00000000900a27d8) 
thrown [s\open\src\hotspot\share\prims\jni.cpp, line 535]
Event: 1587.067 Thread 0x000001c198c9be80 Exception <a 'java/io/IOException'{0x000000008bd12f68}> (0x000000008bd12f68) 
thrown [s\open\src\hotspot\share\prims\jni.cpp, line 516]
Event: 1587.180 Thread 0x000001c1998cc9a0 Exception <a 'java/io/IOException'{0x000000008bda9d38}> (0x000000008bda9d38) 
thrown [s\open\src\hotspot\share\prims\jni.cpp, line 516]
Event: 1679.645 Thread 0x000001c199b52a60 Exception <a 'java/lang/NoSuchMethodError'{0x000000008d71a330}: 'void java.lang.invoke.DirectMethodHandle$Holder.invokeSpecial(java.lang.Object, java.lang.Object, java.lang.Object, java.lang.Object, java.lang.Object, java.lang.Object, java.lang.Object, java.lang.Object, java.lang.Object)'> (0x000000008d71a330) 
thrown [s\open\src\hotspot\share\interpreter\linkResolver.cpp, line 759]

VM Operations (20 events):
Event: 1590.970 Executing VM operation: Cleanup done
Event: 1591.112 Executing VM operation: G1CollectForAllocation
Event: 1591.130 Executing VM operation: G1CollectForAllocation done
Event: 1662.525 Executing VM operation: G1CollectForAllocation
Event: 1662.563 Executing VM operation: G1CollectForAllocation done
Event: 1679.687 Executing VM operation: Cleanup
Event: 1679.688 Executing VM operation: Cleanup done
Event: 1680.051 Executing VM operation: HandshakeAllThreads
Event: 1680.052 Executing VM operation: HandshakeAllThreads done
Event: 1680.052 Executing VM operation: HandshakeAllThreads
Event: 1680.061 Executing VM operation: HandshakeAllThreads done
Event: 1680.498 Executing VM operation: G1CollectForAllocation
Event: 1680.520 Executing VM operation: G1CollectForAllocation done
Event: 1680.977 Executing VM operation: G1CollectForAllocation
Event: 1680.985 Executing VM operation: G1CollectForAllocation done
Event: 1681.379 Executing VM operation: G1CollectForAllocation
Event: 1681.503 Executing VM operation: G1CollectForAllocation done
Event: 1681.950 Executing VM operation: G1CollectForAllocation
Event: 1682.029 Executing VM operation: G1CollectForAllocation done
Event: 1682.527 Executing VM operation: G1CollectForAllocation

Events (20 events):
Event: 1678.495 Thread 0x000001c199f1a0b0 Thread added: 0x000001c199f1a0b0
Event: 1678.495 Thread 0x000001c199f19690 Thread added: 0x000001c199f19690
Event: 1678.495 Thread 0x000001c199f1a5c0 Thread added: 0x000001c199f1a5c0
Event: 1678.496 Thread 0x000001c199f1aad0 Thread added: 0x000001c199f1aad0
Event: 1678.497 Thread 0x000001c199f1afe0 Thread added: 0x000001c199f1afe0
Event: 1678.497 Thread 0x000001c199f1b4f0 Thread added: 0x000001c199f1b4f0
Event: 1678.506 Thread 0x000001c199f163f0 Thread added: 0x000001c199f163f0
Event: 1678.507 Thread 0x000001c199f14080 Thread added: 0x000001c199f14080
Event: 1678.507 Thread 0x000001c199f14aa0 Thread added: 0x000001c199f14aa0
Event: 1678.507 Thread 0x000001c199f14590 Thread added: 0x000001c199f14590
Event: 1678.509 Thread 0x000001c199f14fb0 Thread added: 0x000001c199f14fb0
Event: 1678.509 Thread 0x000001c199f154c0 Thread added: 0x000001c199f154c0
Event: 1678.509 Thread 0x000001c199f17830 Thread added: 0x000001c199f17830
Event: 1678.510 Thread 0x000001c199f159d0 Thread added: 0x000001c199f159d0
Event: 1678.510 Thread 0x000001c199f16e10 Thread added: 0x000001c199f16e10
Event: 1678.510 Thread 0x000001c199f17320 Thread added: 0x000001c199f17320
Event: 1680.138 Thread 0x000001c150e8e460 Thread added: 0x000001c150e8e460
Event: 1680.138 Thread 0x000001c150e8cf20 Thread added: 0x000001c150e8cf20
Event: 1680.264 Thread 0x000001c150e5ab90 flushing nmethod 0x000001c1464c1890
Event: 1680.561 Thread 0x000001c150e5ab90 flushing nmethod 0x000001c146d1db90


Dynamic libraries:
0x00007ff6c67e0000 - 0x00007ff6c67f0000 	C:\Program Files\Java\jdk-17\bin\java.exe
0x00007ff9f1ff0000 - 0x00007ff9f2207000 	C:\Windows\SYSTEM32\ntdll.dll
0x00007ff9f0460000 - 0x00007ff9f0524000 	C:\Windows\System32\KERNEL32.DLL
0x00007ff9ef630000 - 0x00007ff9ef9d7000 	C:\Windows\System32\KERNELBASE.dll
0x00007ff9ef3f0000 - 0x00007ff9ef501000 	C:\Windows\System32\ucrtbase.dll
0x00007ff97d500000 - 0x00007ff97d51b000 	C:\Program Files\Java\jdk-17\bin\VCRUNTIME140.dll
0x00007ff97d520000 - 0x00007ff97d539000 	C:\Program Files\Java\jdk-17\bin\jli.dll
0x00007ff9f1f00000 - 0x00007ff9f1fb0000 	C:\Windows\System32\ADVAPI32.dll
0x00007ff9f0de0000 - 0x00007ff9f0e87000 	C:\Windows\System32\msvcrt.dll
0x00007ff9f0240000 - 0x00007ff9f02e6000 	C:\Windows\System32\sechost.dll
0x00007ff9f0f40000 - 0x00007ff9f1057000 	C:\Windows\System32\RPCRT4.dll
0x00007ff9f0930000 - 0x00007ff9f0ade000 	C:\Windows\System32\USER32.dll
0x00007ff9efc60000 - 0x00007ff9efc86000 	C:\Windows\System32\win32u.dll
0x00007ff9f02f0000 - 0x00007ff9f0319000 	C:\Windows\System32\GDI32.dll
0x00007ff9ef510000 - 0x00007ff9ef629000 	C:\Windows\System32\gdi32full.dll
0x00007ff9efa50000 - 0x00007ff9efaea000 	C:\Windows\System32\msvcp_win.dll
0x00007ff9d2190000 - 0x00007ff9d2423000 	C:\Windows\WinSxS\amd64_microsoft.windows.common-controls_6595b64144ccf1df_6.0.22621.2506_none_270c5ae97388e100\COMCTL32.dll
0x00007ff9e9010000 - 0x00007ff9e901a000 	C:\Windows\SYSTEM32\VERSION.dll
0x00007ff9f0da0000 - 0x00007ff9f0dd1000 	C:\Windows\System32\IMM32.DLL
0x00007ff986a20000 - 0x00007ff986a2c000 	C:\Program Files\Java\jdk-17\bin\vcruntime140_1.dll
0x00007ff97d470000 - 0x00007ff97d4fe000 	C:\Program Files\Java\jdk-17\bin\msvcp140.dll
0x00007ff97aa70000 - 0x00007ff97b651000 	C:\Program Files\Java\jdk-17\bin\server\jvm.dll
0x00007ff9f0450000 - 0x00007ff9f0458000 	C:\Windows\System32\PSAPI.DLL
0x00007ff9ebfd0000 - 0x00007ff9ebfd9000 	C:\Windows\SYSTEM32\WSOCK32.dll
0x00007ff9e8dc0000 - 0x00007ff9e8df4000 	C:\Windows\SYSTEM32\WINMM.dll
0x00007ff9f1e80000 - 0x00007ff9f1ef1000 	C:\Windows\System32\WS2_32.dll
0x00007ff9ee380000 - 0x00007ff9ee398000 	C:\Windows\SYSTEM32\kernel.appcore.dll
0x00007ff97d460000 - 0x00007ff97d46a000 	C:\Program Files\Java\jdk-17\bin\jimage.dll
0x00007ff9ecde0000 - 0x00007ff9ed013000 	C:\Windows\SYSTEM32\DBGHELP.DLL
0x00007ff9f1af0000 - 0x00007ff9f1e79000 	C:\Windows\System32\combase.dll
0x00007ff9f06f0000 - 0x00007ff9f07c7000 	C:\Windows\System32\OLEAUT32.dll
0x00007ff9e3210000 - 0x00007ff9e3242000 	C:\Windows\SYSTEM32\dbgcore.DLL
0x00007ff9ef370000 - 0x00007ff9ef3ea000 	C:\Windows\System32\bcryptPrimitives.dll
0x00007ff97d450000 - 0x00007ff97d45e000 	C:\Program Files\Java\jdk-17\bin\instrument.dll
0x00007ff97d420000 - 0x00007ff97d445000 	C:\Program Files\Java\jdk-17\bin\java.dll
0x00007ff97d340000 - 0x00007ff97d417000 	C:\Program Files\Java\jdk-17\bin\jsvml.dll
0x00007ff9f1060000 - 0x00007ff9f18b9000 	C:\Windows\System32\SHELL32.dll
0x00007ff9ed240000 - 0x00007ff9edb34000 	C:\Windows\SYSTEM32\windows.storage.dll
0x00007ff9ed100000 - 0x00007ff9ed23e000 	C:\Windows\SYSTEM32\wintypes.dll
0x00007ff9f19f0000 - 0x00007ff9f1ae3000 	C:\Windows\System32\SHCORE.dll
0x00007ff9f0370000 - 0x00007ff9f03ce000 	C:\Windows\System32\shlwapi.dll
0x00007ff9ef2a0000 - 0x00007ff9ef2c6000 	C:\Windows\SYSTEM32\profapi.dll
0x00007ff97d320000 - 0x00007ff97d338000 	C:\Program Files\Java\jdk-17\bin\zip.dll
0x00007ff97d300000 - 0x00007ff97d319000 	C:\Program Files\Java\jdk-17\bin\net.dll
0x00007ff9e8c30000 - 0x00007ff9e8d67000 	C:\Windows\SYSTEM32\WINHTTP.dll
0x00007ff9ee8a0000 - 0x00007ff9ee909000 	C:\Windows\system32\mswsock.dll
0x00007ff97d2e0000 - 0x00007ff97d2f6000 	C:\Program Files\Java\jdk-17\bin\nio.dll
0x00007ff9af060000 - 0x00007ff9af07a000 	C:\Program Files\JetBrains\IntelliJ IDEA 2021.1\bin\breakgen64.dll
0x00007ff9ede10000 - 0x00007ff9edf09000 	C:\Windows\SYSTEM32\DNSAPI.dll
0x00007ff9edda0000 - 0x00007ff9eddcd000 	C:\Windows\SYSTEM32\IPHLPAPI.DLL
0x00007ff9f0bf0000 - 0x00007ff9f0bf9000 	C:\Windows\System32\NSI.dll
0x00007ff9e7490000 - 0x00007ff9e749a000 	C:\Windows\System32\rasadhlp.dll
0x00007ff9e7df0000 - 0x00007ff9e7e73000 	C:\Windows\System32\fwpuclnt.dll
0x00007ff97d170000 - 0x00007ff97d17a000 	C:\Program Files\Java\jdk-17\bin\management.dll
0x00007ff97d160000 - 0x00007ff97d16b000 	C:\Program Files\Java\jdk-17\bin\management_ext.dll
0x00007ff9eeac0000 - 0x00007ff9eeadb000 	C:\Windows\SYSTEM32\CRYPTSP.dll
0x00007ff9ee3a0000 - 0x00007ff9ee3d5000 	C:\Windows\system32\rsaenh.dll
0x00007ff9ee960000 - 0x00007ff9ee98c000 	C:\Windows\SYSTEM32\USERENV.dll
0x00007ff9eed20000 - 0x00007ff9eed48000 	C:\Windows\SYSTEM32\bcrypt.dll
0x00007ff9eeae0000 - 0x00007ff9eeaec000 	C:\Windows\SYSTEM32\CRYPTBASE.dll
0x00007ff9e8ff0000 - 0x00007ff9e9009000 	C:\Windows\SYSTEM32\dhcpcsvc6.DLL
0x00007ff9e8a80000 - 0x00007ff9e8a9f000 	C:\Windows\SYSTEM32\dhcpcsvc.DLL
0x00007ff9cd600000 - 0x00007ff9cd617000 	C:\Windows\system32\napinsp.dll
0x00007ff9cc510000 - 0x00007ff9cc52b000 	C:\Windows\system32\pnrpnsp.dll
0x00007ff9cc440000 - 0x00007ff9cc451000 	C:\Windows\System32\winrnr.dll
0x00007ff9cc400000 - 0x00007ff9cc415000 	C:\Windows\system32\wshbth.dll
0x00007ff9cbbd0000 - 0x00007ff9cbbf1000 	C:\Windows\system32\nlansp_c.dll
0x00007ff97d150000 - 0x00007ff97d15e000 	C:\Program Files\Java\jdk-17\bin\sunmscapi.dll
0x00007ff9efaf0000 - 0x00007ff9efc56000 	C:\Windows\System32\CRYPT32.dll
0x00007ff9eecf0000 - 0x00007ff9eed1d000 	C:\Windows\SYSTEM32\ncrypt.dll
0x00007ff9eecb0000 - 0x00007ff9eece7000 	C:\Windows\SYSTEM32\NTASN1.dll
0x00007ff9bac40000 - 0x00007ff9bac48000 	C:\Windows\system32\wshunix.dll
0x00007ff9947f0000 - 0x00007ff994981000 	C:\Program Files\Java\jdk-17\bin\awt.dll
0x00007ff9ec0b0000 - 0x00007ff9ec147000 	C:\Windows\SYSTEM32\apphelp.dll
0x00007ff99b580000 - 0x00007ff99b607000 	C:\Program Files\Java\jdk-17\bin\freetype.dll
0x00007ff9968e0000 - 0x00007ff9969b3000 	C:\Program Files\Java\jdk-17\bin\fontmanager.dll
0x00007ff9ec790000 - 0x00007ff9ec7bb000 	C:\Windows\system32\DWMAPI.DLL
0x00007ff9ec280000 - 0x00007ff9ec32b000 	C:\Windows\system32\uxtheme.dll

dbghelp: loaded successfully - version: 4.0.5 - missing functions: none
symbol engine: initialized successfully - sym options: 0x614 - pdb path: .;C:\Program Files\Java\jdk-17\bin;C:\Windows\SYSTEM32;C:\Windows\WinSxS\amd64_microsoft.windows.common-controls_6595b64144ccf1df_6.0.22621.2506_none_270c5ae97388e100;C:\Program Files\Java\jdk-17\bin\server;C:\Program Files\JetBrains\IntelliJ IDEA 2021.1\bin

VM Arguments:
jvm_args: -XX:TieredStopAtLevel=1 -Xverify:none -Dspring.output.ansi.enabled=always -javaagent:C:\Program Files\JetBrains\IntelliJ IDEA 2021.1\lib\idea_rt.jar=62597:C:\Program Files\JetBrains\IntelliJ IDEA 2021.1\bin -Dcom.sun.management.jmxremote -Dspring.jmx.enabled=true -Dspring.liveBeansView.mbeanDomain -Dspring.application.admin.enabled=true -Dfile.encoding=UTF-8 
java_command: com.labreportapp.ServerApplication
java_class_path (initial): D:\FPOLYK17\DATN\lab-report-app\udpm-lab-report-app\server\build\classes\java\main;D:\FPOLYK17\DATN\lab-report-app\udpm-lab-report-app\server\build\resources\main;C:\Users\duchi\.gradle\caches\modules-2\files-2.1\org.projectlombok\lombok\1.18.24\13a394eed5c4f9efb2a6d956e2086f1d81e857d9\lombok-1.18.24.jar;C:\Users\duchi\.gradle\caches\modules-2\files-2.1\org.springframework.boot\spring-boot-starter-data-jpa\3.0.2\fc0dbe82effb33d3d89b4cf2ec6b7968ad2af558\spring-boot-starter-data-jpa-3.0.2.jar;C:\Users\duchi\.gradle\caches\modules-2\files-2.1\org.springframework.boot\spring-boot-starter-websocket\3.0.2\5821185ac80a248c407f610cb2038e1e7ce5430a\spring-boot-starter-websocket-3.0.2.jar;C:\Users\duchi\.gradle\caches\modules-2\files-2.1\org.springframework.boot\spring-boot-starter-web\3.0.2\3f6a2cb4cb11bac3611f5a95e234589eb190dd29\spring-boot-starter-web-3.0.2.jar;C:\Users\duchi\.gradle\caches\modules-2\files-2.1\org.springframework.boot\spring-boot-starter-cache\3.0.2\342d4d33bd50bbfd6c9dc02fe414d60ea0537682\spring-boot-starter-cache-3.0.2.jar;C:\Users\duchi\.gradle\caches\modules-2\files-2.1\org.springframework.boot\spring-boot-starter-actuator\3.0.2\7d884d7edd505b6d419e86cfaa90c6ec7e847cc7\spring-boot-starter-actuator-3.0.2.jar;C:\Users\duchi\.gradle\caches\modules-2\files-2.1\org.springframework.boot\spring-boot-starter-validation\3.0.4\c3f185a4d31634c0bd92956a13ffd718d1026b33\spring-boot-starter-validation-3.0.4.jar;C:\Users\duchi\.gradle\caches\modules-2\files-2.1\log4j\log4j\1.2.17\5af35056b4d257e4b64b9e8069c0746e8b08629f\log4j-1.2.17.jar;C:\Users\duchi\.gradle\caches\modules-2\files-2.1\org.springframework.data\spring-data-rest-core\2.1.0.RELEASE\ecb92788af223b63897476045b973fbebeeaf454\spring-data-rest-core-2.1.0.RELEASE.jar;C:\Users\duchi\.gradle\caches\modules-2\files-2.1\com.github.pjfanning\excel-streaming-reader\4.0.1\cad6576b7e20e07329ed9c48bd453bbf15aa6e23\excel-streaming-reader-4.0.1.jar;C:\Users\duchi\.gradle\caches\modules-2\fi
Launcher Type: SUN_STANDARD

[Global flags]
     intx CICompilerCount                          = 4                                         {product} {ergonomic}
     uint ConcGCThreads                            = 3                                         {product} {ergonomic}
     uint G1ConcRefinementThreads                  = 10                                        {product} {ergonomic}
   size_t G1HeapRegionSize                         = 1048576                                   {product} {ergonomic}
    uintx GCDrainStackTargetSize                   = 64                                        {product} {ergonomic}
   size_t InitialHeapSize                          = 132120576                                 {product} {ergonomic}
     bool ManagementServer                         = true                                      {product} {command line}
   size_t MarkStackSize                            = 4194304                                   {product} {ergonomic}
   size_t MaxHeapSize                              = 2086666240                                {product} {ergonomic}
   size_t MaxNewSize                               = 1251999744                                {product} {ergonomic}
   size_t MinHeapDeltaBytes                        = 1048576                                   {product} {ergonomic}
   size_t MinHeapSize                              = 8388608                                   {product} {ergonomic}
    uintx NonProfiledCodeHeapSize                  = 0                                      {pd product} {ergonomic}
     bool ProfileInterpreter                       = false                                  {pd product} {command line}
    uintx ProfiledCodeHeapSize                     = 0                                      {pd product} {ergonomic}
   size_t SoftMaxHeapSize                          = 2086666240                             {manageable} {ergonomic}
     intx TieredStopAtLevel                        = 1                                         {product} {command line}
     bool UseCompressedClassPointers               = true                           {product lp64_product} {ergonomic}
     bool UseCompressedOops                        = true                           {product lp64_product} {ergonomic}
     bool UseG1GC                                  = true                                      {product} {ergonomic}
     bool UseLargePagesIndividualAllocation        = false                                  {pd product} {ergonomic}

Logging:
Log output configuration:
 #0: stdout all=warning uptime,level,tags
 #1: stderr all=off uptime,level,tags

Environment Variables:
JAVA_HOME=C:\Program Files\Java\jdk-17
PATH=C:\Program Files\Common Files\Oracle\Java\javapath;C:\Windows\system32;C:\Windows;C:\Windows\System32\Wbem;C:\Windows\System32\WindowsPowerShell\v1.0\;C:\Windows\System32\OpenSSH\;C:\Program Files (x86)\Microsoft SQL Server\160\Tools\Binn\;C:\Program Files\Microsoft SQL Server\160\Tools\Binn\;C:\Program Files\Microsoft SQL Server\Client SDK\ODBC\170\Tools\Binn\;C:\Program Files\Microsoft SQL Server\160\DTS\Binn\;C:\Program Files (x86)\Microsoft SQL Server\160\DTS\Binn\;C:\Program Files\Azure Data Studio\bin;C:\Program Files\Java\jdk-17\bin;C:\Program Files\nodejs\;C:\Program Files\Git\cmd;C:\Program Files\dotnet;;C:\Program Files\Docker\Docker\resources\bin;C:\Program Files\MySQL\MySQL Shell 8.0\bin\;C:\Users\duchi\AppData\Local\Microsoft\WindowsApps;C:\Program Files\Azure Data Studio\bin;C:\Users\duchi\.dotnet\tools;C:\Users\duchi\AppData\Local\Programs\Microsoft VS Code\bin;C:\Users\duchi\AppData\Roaming\npm
USERNAME=duchi
OS=Windows_NT
PROCESSOR_IDENTIFIER=Intel64 Family 6 Model 141 Stepping 1, GenuineIntel



---------------  S Y S T E M  ---------------

OS:
 Windows 11 , 64 bit Build 22621 (10.0.22621.2506)
OS uptime: 4 days 2:54 hours
Hyper-V role detected

CPU: total 12 (initial active 12) (6 cores per cpu, 2 threads per core) family 6 model 141 stepping 1 microcode 0x3c, cx8, cmov, fxsr, ht, mmx, 3dnowpref, sse, sse2, sse3, ssse3, sse4.1, sse4.2, popcnt, lzcnt, tsc, tscinvbit, avx, avx2, aes, erms, clmul, bmi1, bmi2, adx, avx512f, avx512dq, avx512cd, avx512bw, avx512vl, sha, fma, vzeroupper, avx512_vpopcntdq, avx512_vpclmulqdq, avx512_vaes, avx512_vnni, clflush, clflushopt, clwb, avx512_vbmi2, avx512_vbmi, hv

Memory: 4k page, system-wide physical 7955M (327M free)
TotalPageFile size 25413M (AvailPageFile size 179M)
current process WorkingSet (physical memory assigned to process): 317M, peak: 371M
current process commit charge ("private bytes"): 499M, peak: 701M

vm_info: Java HotSpot(TM) 64-Bit Server VM (17.0.9+11-LTS-201) for windows-amd64 JRE (17.0.9+11-LTS-201), built on Oct 10 2023 23:16:06 by "mach5one" with MS VC++ 17.1 (VS2022)

END.
