#
# There is insufficient memory for the Java Runtime Environment to continue.
# Native memory allocation (mmap) failed to map 65536 bytes for Failed to commit metaspace.
# Possible reasons:
#   The system is out of physical RAM or swap space
#   The process is running with CompressedOops enabled, and the Java Heap may be blocking the growth of the native heap
# Possible solutions:
#   Reduce memory load on the system
#   Increase physical memory or swap space
#   Check if swap backing store is full
#   Decrease Java heap size (-Xmx/-Xms)
#   Decrease number of Java threads
#   Decrease Java thread stack sizes (-Xss)
#   Set larger code cache with -XX:ReservedCodeCacheSize=
#   JVM is running with Unscaled Compressed Oops mode in which the Java heap is
#     placed in the first 4GB address space. The Java Heap base address is the
#     maximum limit for the native heap growth. Please use -XX:HeapBaseMinAddress
#     to set the Java Heap base and to place the Java Heap above 4GB virtual address.
# This output file may be truncated or incomplete.
#
#  Out of Memory Error (virtualSpaceNode.cpp:110), pid=23288, tid=23484
#
# JRE version: Java(TM) SE Runtime Environment (17.0.9+11) (build 17.0.9+11-LTS-201)
# Java VM: Java HotSpot(TM) 64-Bit Server VM (17.0.9+11-LTS-201, mixed mode, emulated-client, sharing, tiered, compressed oops, compressed class ptrs, g1 gc, windows-amd64)
# No core dump will be written. Minidumps are not enabled by default on client versions of Windows
#

---------------  S U M M A R Y ------------

Command Line: -XX:TieredStopAtLevel=1 -Xverify:none -Dspring.output.ansi.enabled=always -javaagent:C:\Program Files\JetBrains\IntelliJ IDEA 2021.1\lib\idea_rt.jar=54722:C:\Program Files\JetBrains\IntelliJ IDEA 2021.1\bin -Dcom.sun.management.jmxremote -Dspring.jmx.enabled=true -Dspring.liveBeansView.mbeanDomain -Dspring.application.admin.enabled=true -Dfile.encoding=UTF-8 com.labreportapp.ServerApplication

Host: 11th Gen Intel(R) Core(TM) i5-11400H @ 2.70GHz, 12 cores, 7G,  Windows 11 , 64 bit Build 22621 (10.0.22621.2506)
Time: Wed Nov 15 14:37:37 2023 SE Asia Standard Time elapsed time: 11.871775 seconds (0d 0h 0m 11s)

---------------  T H R E A D  ---------------

Current thread (0x0000020947ba27a0):  JavaThread "restartedMain" [_thread_in_vm, id=23484, stack(0x0000005b36400000,0x0000005b36500000)]

Stack: [0x0000005b36400000,0x0000005b36500000]
Native frames: (J=compiled Java code, j=interpreted, Vv=VM code, C=native code)
V  [jvm.dll+0x678a4a]
V  [jvm.dll+0x7d9cfd]
V  [jvm.dll+0x7db60e]
V  [jvm.dll+0x7dbc73]
V  [jvm.dll+0x245e1f]
V  [jvm.dll+0x7d5a0b]
V  [jvm.dll+0x61ebc6]
V  [jvm.dll+0x1c01f7]
V  [jvm.dll+0x621530]
V  [jvm.dll+0x61f586]
V  [jvm.dll+0x36a3c2]
V  [jvm.dll+0x1e1b4b]
V  [jvm.dll+0x53eb15]
V  [jvm.dll+0x754538]
V  [jvm.dll+0x754624]
V  [jvm.dll+0x40c73f]
V  [jvm.dll+0x412759]
C  [java.dll+0x17ec]

Java frames: (J=compiled Java code, j=interpreted, Vv=VM code)
J 1144  java.lang.ClassLoader.defineClass1(Ljava/lang/ClassLoader;Ljava/lang/String;[BIILjava/security/ProtectionDomain;Ljava/lang/String;)Ljava/lang/Class; java.base@17.0.9 (0 bytes) @ 0x000002093d21b463 [0x000002093d21b3a0+0x00000000000000c3]
J 9618 c1 java.lang.reflect.Proxy$ProxyBuilder.defineProxyClass(Ljava/lang/Module;Ljava/util/List;)Ljava/lang/Class; java.base@17.0.9 (440 bytes) @ 0x000002093e0de6ac [0x000002093e0dda60+0x0000000000000c4c]
J 9617 c1 java.lang.reflect.Proxy$ProxyBuilder.build()Ljava/lang/reflect/Constructor; java.base@17.0.9 (95 bytes) @ 0x000002093e0da8ac [0x000002093e0da860+0x000000000000004c]
j  java.lang.reflect.Proxy.lambda$getProxyConstructor$1(Ljava/lang/ClassLoader;Ljdk/internal/loader/AbstractClassLoaderValue$Sub;)Ljava/lang/reflect/Constructor;+15 java.base@17.0.9
j  java.lang.reflect.Proxy$$Lambda$227+0x00000209490ab910.apply(Ljava/lang/Object;Ljava/lang/Object;)Ljava/lang/Object;+8 java.base@17.0.9
J 9600 c1 jdk.internal.loader.AbstractClassLoaderValue$Memoizer.get()Ljava/lang/Object; java.base@17.0.9 (175 bytes) @ 0x000002093e0d30fc [0x000002093e0d3020+0x00000000000000dc]
J 2376 c1 jdk.internal.loader.AbstractClassLoaderValue.computeIfAbsent(Ljava/lang/ClassLoader;Ljava/util/function/BiFunction;)Ljava/lang/Object; java.base@17.0.9 (113 bytes) @ 0x000002093d413794 [0x000002093d4134a0+0x00000000000002f4]
J 2455 c1 java.lang.reflect.Proxy.getProxyConstructor(Ljava/lang/Class;Ljava/lang/ClassLoader;[Ljava/lang/Class;)Ljava/lang/reflect/Constructor; java.base@17.0.9 (92 bytes) @ 0x000002093d438074 [0x000002093d437e40+0x0000000000000234]
J 9589 c1 org.springframework.aop.framework.JdkDynamicAopProxy.getProxy(Ljava/lang/ClassLoader;)Ljava/lang/Object; (41 bytes) @ 0x000002093e0cf2bc [0x000002093e0cf180+0x000000000000013c]
J 9482 c1 org.springframework.aop.framework.ProxyFactory.getProxy(Ljava/lang/ClassLoader;)Ljava/lang/Object; (11 bytes) @ 0x000002093e09b1cc [0x000002093e09b0c0+0x000000000000010c]
j  org.springframework.data.repository.core.support.RepositoryFactorySupport.getRepository(Ljava/lang/Class;Lorg/springframework/data/repository/core/support/RepositoryComposition$RepositoryFragments;)Ljava/lang/Object;+447
j  org.springframework.data.repository.core.support.RepositoryFactoryBeanSupport.lambda$afterPropertiesSet$5(Lorg/springframework/data/repository/core/support/RepositoryComposition$RepositoryFragments;)Lorg/springframework/data/repository/Repository;+9
j  org.springframework.data.repository.core.support.RepositoryFactoryBeanSupport$$Lambda$1235+0x00000209497ffa90.get()Ljava/lang/Object;+8
J 4031 c1 org.springframework.data.util.Lazy.get()Ljava/lang/Object; (21 bytes) @ 0x000002093d7e599c [0x000002093d7e5940+0x000000000000005c]
j  org.springframework.data.repository.core.support.RepositoryFactoryBeanSupport.afterPropertiesSet()V+232
j  org.springframework.data.jpa.repository.support.JpaRepositoryFactoryBean.afterPropertiesSet()V+18
J 8726 c1 org.springframework.beans.factory.support.AbstractAutowireCapableBeanFactory.invokeInitMethods(Ljava/lang/String;Ljava/lang/Object;Lorg/springframework/beans/factory/support/RootBeanDefinition;)V (161 bytes) @ 0x000002093df4ad5c [0x000002093df4aba0+0x00000000000001bc]
J 8724 c1 org.springframework.beans.factory.support.AbstractAutowireCapableBeanFactory.initializeBean(Ljava/lang/String;Ljava/lang/Object;Lorg/springframework/beans/factory/support/RootBeanDefinition;)Ljava/lang/Object; (93 bytes) @ 0x000002093df4a44c [0x000002093df4a380+0x00000000000000cc]
J 8701 c1 org.springframework.beans.factory.support.AbstractAutowireCapableBeanFactory.doCreateBean(Ljava/lang/String;Lorg/springframework/beans/factory/support/RootBeanDefinition;[Ljava/lang/Object;)Ljava/lang/Object; (469 bytes) @ 0x000002093df3e9c4 [0x000002093df3e420+0x00000000000005a4]
J 8700 c1 org.springframework.beans.factory.support.AbstractAutowireCapableBeanFactory.createBean(Ljava/lang/String;Lorg/springframework/beans/factory/support/RootBeanDefinition;[Ljava/lang/Object;)Ljava/lang/Object; (214 bytes) @ 0x000002093df3c95c [0x000002093df3c500+0x000000000000045c]
J 8739 c1 org.springframework.beans.factory.support.AbstractBeanFactory$$Lambda$326+0x00000209491e7588.getObject()Ljava/lang/Object; (20 bytes) @ 0x000002093df5045c [0x000002093df50400+0x000000000000005c]
J 8738 c1 org.springframework.beans.factory.support.DefaultSingletonBeanRegistry.getSingleton(Ljava/lang/String;Lorg/springframework/beans/factory/ObjectFactory;)Ljava/lang/Object; (279 bytes) @ 0x000002093df51d14 [0x000002093df51a20+0x00000000000002f4]
J 3583 c1 org.springframework.beans.factory.support.AbstractBeanFactory.doGetBean(Ljava/lang/String;Ljava/lang/Class;[Ljava/lang/Object;Z)Ljava/lang/Object; (714 bytes) @ 0x000002093d61872c [0x000002093d618100+0x000000000000062c]
J 8472 c1 org.springframework.beans.factory.support.AbstractBeanFactory.getBean(Ljava/lang/String;)Ljava/lang/Object; (9 bytes) @ 0x000002093dee5d6c [0x000002093dee5d20+0x000000000000004c]
J 9233 c1 org.springframework.beans.factory.config.DependencyDescriptor.resolveCandidate(Ljava/lang/String;Ljava/lang/Class;Lorg/springframework/beans/factory/BeanFactory;)Ljava/lang/Object; (8 bytes) @ 0x000002093e033d64 [0x000002093e033d20+0x0000000000000044]
J 8823 c1 org.springframework.beans.factory.support.DefaultListableBeanFactory.doResolveDependency(Lorg/springframework/beans/factory/config/DependencyDescriptor;Ljava/lang/String;Ljava/util/Set;Lorg/springframework/beans/TypeConverter;)Ljava/lang/Object; (534 bytes) @ 0x000002093df7a414 [0x000002093df79160+0x00000000000012b4]
J 8742 c1 org.springframework.beans.factory.support.DefaultListableBeanFactory.resolveDependency(Lorg/springframework/beans/factory/config/DependencyDescriptor;Ljava/lang/String;Ljava/util/Set;Lorg/springframework/beans/TypeConverter;)Ljava/lang/Object; (115 bytes) @ 0x000002093df536dc [0x000002093df53560+0x000000000000017c]
J 9456 c1 org.springframework.beans.factory.annotation.AutowiredAnnotationBeanPostProcessor$AutowiredFieldElement.resolveFieldValue(Ljava/lang/reflect/Field;Ljava/lang/Object;Ljava/lang/String;)Ljava/lang/Object; (265 bytes) @ 0x000002093e092b7c [0x000002093e0925a0+0x00000000000005dc]
J 9455 c1 org.springframework.beans.factory.annotation.AutowiredAnnotationBeanPostProcessor$AutowiredFieldElement.inject(Ljava/lang/Object;Ljava/lang/String;Lorg/springframework/beans/PropertyValues;)V (77 bytes) @ 0x000002093e091e44 [0x000002093e091d80+0x00000000000000c4]
J 5695 c1 org.springframework.beans.factory.annotation.InjectionMetadata.inject(Ljava/lang/Object;Ljava/lang/String;Lorg/springframework/beans/PropertyValues;)V (75 bytes) @ 0x000002093daaa264 [0x000002093daaa160+0x0000000000000104]
J 8871 c1 org.springframework.beans.factory.annotation.AutowiredAnnotationBeanPostProcessor.postProcessProperties(Lorg/springframework/beans/PropertyValues;Ljava/lang/Object;Ljava/lang/String;)Lorg/springframework/beans/PropertyValues; (46 bytes) @ 0x000002093df902cc [0x000002093df90240+0x000000000000008c]
J 8360 c1 org.springframework.beans.factory.support.AbstractAutowireCapableBeanFactory.populateBean(Ljava/lang/String;Lorg/springframework/beans/factory/support/RootBeanDefinition;Lorg/springframework/beans/BeanWrapper;)V (319 bytes) @ 0x000002093deba0c4 [0x000002093deb9800+0x00000000000008c4]
J 8701 c1 org.springframework.beans.factory.support.AbstractAutowireCapableBeanFactory.doCreateBean(Ljava/lang/String;Lorg/springframework/beans/factory/support/RootBeanDefinition;[Ljava/lang/Object;)Ljava/lang/Object; (469 bytes) @ 0x000002093df3e99c [0x000002093df3e420+0x000000000000057c]
J 8700 c1 org.springframework.beans.factory.support.AbstractAutowireCapableBeanFactory.createBean(Ljava/lang/String;Lorg/springframework/beans/factory/support/RootBeanDefinition;[Ljava/lang/Object;)Ljava/lang/Object; (214 bytes) @ 0x000002093df3c95c [0x000002093df3c500+0x000000000000045c]
J 8739 c1 org.springframework.beans.factory.support.AbstractBeanFactory$$Lambda$326+0x00000209491e7588.getObject()Ljava/lang/Object; (20 bytes) @ 0x000002093df5045c [0x000002093df50400+0x000000000000005c]
J 8738 c1 org.springframework.beans.factory.support.DefaultSingletonBeanRegistry.getSingleton(Ljava/lang/String;Lorg/springframework/beans/factory/ObjectFactory;)Ljava/lang/Object; (279 bytes) @ 0x000002093df51d14 [0x000002093df51a20+0x00000000000002f4]
J 3583 c1 org.springframework.beans.factory.support.AbstractBeanFactory.doGetBean(Ljava/lang/String;Ljava/lang/Class;[Ljava/lang/Object;Z)Ljava/lang/Object; (714 bytes) @ 0x000002093d61872c [0x000002093d618100+0x000000000000062c]
J 8472 c1 org.springframework.beans.factory.support.AbstractBeanFactory.getBean(Ljava/lang/String;)Ljava/lang/Object; (9 bytes) @ 0x000002093dee5d6c [0x000002093dee5d20+0x000000000000004c]
J 9233 c1 org.springframework.beans.factory.config.DependencyDescriptor.resolveCandidate(Ljava/lang/String;Ljava/lang/Class;Lorg/springframework/beans/factory/BeanFactory;)Ljava/lang/Object; (8 bytes) @ 0x000002093e033d64 [0x000002093e033d20+0x0000000000000044]
J 8823 c1 org.springframework.beans.factory.support.DefaultListableBeanFactory.doResolveDependency(Lorg/springframework/beans/factory/config/DependencyDescriptor;Ljava/lang/String;Ljava/util/Set;Lorg/springframework/beans/TypeConverter;)Ljava/lang/Object; (534 bytes) @ 0x000002093df7a414 [0x000002093df79160+0x00000000000012b4]
J 8742 c1 org.springframework.beans.factory.support.DefaultListableBeanFactory.resolveDependency(Lorg/springframework/beans/factory/config/DependencyDescriptor;Ljava/lang/String;Ljava/util/Set;Lorg/springframework/beans/TypeConverter;)Ljava/lang/Object; (115 bytes) @ 0x000002093df536dc [0x000002093df53560+0x000000000000017c]
J 9456 c1 org.springframework.beans.factory.annotation.AutowiredAnnotationBeanPostProcessor$AutowiredFieldElement.resolveFieldValue(Ljava/lang/reflect/Field;Ljava/lang/Object;Ljava/lang/String;)Ljava/lang/Object; (265 bytes) @ 0x000002093e092b7c [0x000002093e0925a0+0x00000000000005dc]
J 9455 c1 org.springframework.beans.factory.annotation.AutowiredAnnotationBeanPostProcessor$AutowiredFieldElement.inject(Ljava/lang/Object;Ljava/lang/String;Lorg/springframework/beans/PropertyValues;)V (77 bytes) @ 0x000002093e091e44 [0x000002093e091d80+0x00000000000000c4]
J 5695 c1 org.springframework.beans.factory.annotation.InjectionMetadata.inject(Ljava/lang/Object;Ljava/lang/String;Lorg/springframework/beans/PropertyValues;)V (75 bytes) @ 0x000002093daaa264 [0x000002093daaa160+0x0000000000000104]
J 8871 c1 org.springframework.beans.factory.annotation.AutowiredAnnotationBeanPostProcessor.postProcessProperties(Lorg/springframework/beans/PropertyValues;Ljava/lang/Object;Ljava/lang/String;)Lorg/springframework/beans/PropertyValues; (46 bytes) @ 0x000002093df902cc [0x000002093df90240+0x000000000000008c]
J 8360 c1 org.springframework.beans.factory.support.AbstractAutowireCapableBeanFactory.populateBean(Ljava/lang/String;Lorg/springframework/beans/factory/support/RootBeanDefinition;Lorg/springframework/beans/BeanWrapper;)V (319 bytes) @ 0x000002093deba0c4 [0x000002093deb9800+0x00000000000008c4]
J 8701 c1 org.springframework.beans.factory.support.AbstractAutowireCapableBeanFactory.doCreateBean(Ljava/lang/String;Lorg/springframework/beans/factory/support/RootBeanDefinition;[Ljava/lang/Object;)Ljava/lang/Object; (469 bytes) @ 0x000002093df3e99c [0x000002093df3e420+0x000000000000057c]
J 8700 c1 org.springframework.beans.factory.support.AbstractAutowireCapableBeanFactory.createBean(Ljava/lang/String;Lorg/springframework/beans/factory/support/RootBeanDefinition;[Ljava/lang/Object;)Ljava/lang/Object; (214 bytes) @ 0x000002093df3c95c [0x000002093df3c500+0x000000000000045c]
J 8739 c1 org.springframework.beans.factory.support.AbstractBeanFactory$$Lambda$326+0x00000209491e7588.getObject()Ljava/lang/Object; (20 bytes) @ 0x000002093df5045c [0x000002093df50400+0x000000000000005c]
J 8738 c1 org.springframework.beans.factory.support.DefaultSingletonBeanRegistry.getSingleton(Ljava/lang/String;Lorg/springframework/beans/factory/ObjectFactory;)Ljava/lang/Object; (279 bytes) @ 0x000002093df51d14 [0x000002093df51a20+0x00000000000002f4]
J 3583 c1 org.springframework.beans.factory.support.AbstractBeanFactory.doGetBean(Ljava/lang/String;Ljava/lang/Class;[Ljava/lang/Object;Z)Ljava/lang/Object; (714 bytes) @ 0x000002093d61872c [0x000002093d618100+0x000000000000062c]
J 8472 c1 org.springframework.beans.factory.support.AbstractBeanFactory.getBean(Ljava/lang/String;)Ljava/lang/Object; (9 bytes) @ 0x000002093dee5d6c [0x000002093dee5d20+0x000000000000004c]
j  org.springframework.beans.factory.support.DefaultListableBeanFactory.preInstantiateSingletons()V+152
j  org.springframework.context.support.AbstractApplicationContext.finishBeanFactoryInitialization(Lorg/springframework/beans/factory/config/ConfigurableListableBeanFactory;)V+130
j  org.springframework.context.support.AbstractApplicationContext.refresh()V+86
j  org.springframework.boot.web.servlet.context.ServletWebServerApplicationContext.refresh()V+1
j  org.springframework.boot.SpringApplication.refresh(Lorg/springframework/context/ConfigurableApplicationContext;)V+1
j  org.springframework.boot.SpringApplication.refreshContext(Lorg/springframework/context/ConfigurableApplicationContext;)V+16
j  org.springframework.boot.SpringApplication.run([Ljava/lang/String;)Lorg/springframework/context/ConfigurableApplicationContext;+101
j  org.springframework.boot.SpringApplication.run([Ljava/lang/Class;[Ljava/lang/String;)Lorg/springframework/context/ConfigurableApplicationContext;+9
j  org.springframework.boot.SpringApplication.run(Ljava/lang/Class;[Ljava/lang/String;)Lorg/springframework/context/ConfigurableApplicationContext;+9
j  com.labreportapp.ServerApplication.main([Ljava/lang/String;)V+3
v  ~StubRoutines::call_stub
j  jdk.internal.reflect.NativeMethodAccessorImpl.invoke0(Ljava/lang/reflect/Method;Ljava/lang/Object;[Ljava/lang/Object;)Ljava/lang/Object;+0 java.base@17.0.9
j  jdk.internal.reflect.NativeMethodAccessorImpl.invoke(Ljava/lang/Object;[Ljava/lang/Object;)Ljava/lang/Object;+133 java.base@17.0.9
j  jdk.internal.reflect.DelegatingMethodAccessorImpl.invoke(Ljava/lang/Object;[Ljava/lang/Object;)Ljava/lang/Object;+6 java.base@17.0.9
j  java.lang.reflect.Method.invoke(Ljava/lang/Object;[Ljava/lang/Object;)Ljava/lang/Object;+59 java.base@17.0.9
j  org.springframework.boot.devtools.restart.RestartLauncher.run()V+42
v  ~StubRoutines::call_stub

---------------  P R O C E S S  ---------------

Threads class SMR info:
_java_thread_list=0x000002098f98b880, length=25, elements={
0x0000020935656470, 0x00000209478dc870, 0x00000209478ddbd0, 0x00000209478efe60,
0x00000209478f0a20, 0x00000209478f5400, 0x00000209478f6dd0, 0x00000209478f7fe0,
0x00000209478fd200, 0x0000020947ba1360, 0x0000020947ba9a00, 0x0000020947ba1870,
0x0000020947ba2cb0, 0x0000020947ba0e50, 0x0000020947ba31c0, 0x0000020947ba27a0,
0x000002098e7d76b0, 0x000002098e7d7bd0, 0x0000020947b9ff20, 0x0000020947ba0430,
0x0000020947ba0940, 0x000002098f1722f0, 0x000002098f171de0, 0x000002098f178320,
0x000002098f177900
}

Java Threads: ( => current thread )
  0x0000020935656470 JavaThread "main" [_thread_blocked, id=9688, stack(0x0000005b34800000,0x0000005b34900000)]
  0x00000209478dc870 JavaThread "Reference Handler" daemon [_thread_blocked, id=23376, stack(0x0000005b34f00000,0x0000005b35000000)]
  0x00000209478ddbd0 JavaThread "Finalizer" daemon [_thread_blocked, id=22440, stack(0x0000005b35000000,0x0000005b35100000)]
  0x00000209478efe60 JavaThread "Signal Dispatcher" daemon [_thread_blocked, id=23504, stack(0x0000005b35100000,0x0000005b35200000)]
  0x00000209478f0a20 JavaThread "Attach Listener" daemon [_thread_blocked, id=7200, stack(0x0000005b35200000,0x0000005b35300000)]
  0x00000209478f5400 JavaThread "Service Thread" daemon [_thread_blocked, id=20108, stack(0x0000005b35300000,0x0000005b35400000)]
  0x00000209478f6dd0 JavaThread "Monitor Deflation Thread" daemon [_thread_blocked, id=5784, stack(0x0000005b35400000,0x0000005b35500000)]
  0x00000209478f7fe0 JavaThread "C1 CompilerThread0" daemon [_thread_blocked, id=7276, stack(0x0000005b35500000,0x0000005b35600000)]
  0x00000209478fd200 JavaThread "Sweeper thread" daemon [_thread_blocked, id=23164, stack(0x0000005b35600000,0x0000005b35700000)]
  0x0000020947ba1360 JavaThread "Common-Cleaner" daemon [_thread_blocked, id=22884, stack(0x0000005b35700000,0x0000005b35800000)]
  0x0000020947ba9a00 JavaThread "C1 CompilerThread1" daemon [_thread_blocked, id=5688, stack(0x0000005b35800000,0x0000005b35900000)]
  0x0000020947ba1870 JavaThread "Monitor Ctrl-Break" daemon [_thread_in_native, id=22120, stack(0x0000005b35900000,0x0000005b35a00000)]
  0x0000020947ba2cb0 JavaThread "Notification Thread" daemon [_thread_blocked, id=2176, stack(0x0000005b35a00000,0x0000005b35b00000)]
  0x0000020947ba0e50 JavaThread "RMI TCP Accept-0" daemon [_thread_in_native, id=20616, stack(0x0000005b35b00000,0x0000005b35c00000)]
  0x0000020947ba31c0 JavaThread "Thread-0" [_thread_blocked, id=21280, stack(0x0000005b36300000,0x0000005b36400000)]
=>0x0000020947ba27a0 JavaThread "restartedMain" [_thread_in_vm, id=23484, stack(0x0000005b36400000,0x0000005b36500000)]
  0x000002098e7d76b0 JavaThread "C1 CompilerThread2" daemon [_thread_blocked, id=19776, stack(0x0000005b36a00000,0x0000005b36b00000)]
  0x000002098e7d7bd0 JavaThread "C1 CompilerThread3" daemon [_thread_blocked, id=1988, stack(0x0000005b36b00000,0x0000005b36c00000)]
  0x0000020947b9ff20 JavaThread "RMI TCP Connection(1)-172.16.41.148" daemon [_thread_in_native, id=18016, stack(0x0000005b36c00000,0x0000005b36d00000)]
  0x0000020947ba0430 JavaThread "RMI Scheduler(0)" daemon [_thread_blocked, id=16624, stack(0x0000005b36d00000,0x0000005b36e00000)]
  0x0000020947ba0940 JavaThread "mysql-cj-abandoned-connection-cleanup" daemon [_thread_blocked, id=4416, stack(0x0000005b36e00000,0x0000005b36f00000)]
  0x000002098f1722f0 JavaThread "HikariPool-1 housekeeper" daemon [_thread_blocked, id=8580, stack(0x0000005b36f00000,0x0000005b37000000)]
  0x000002098f171de0 JavaThread "Catalina-utility-1" [_thread_blocked, id=9580, stack(0x0000005b37200000,0x0000005b37300000)]
  0x000002098f178320 JavaThread "Catalina-utility-2" [_thread_blocked, id=19384, stack(0x0000005b37300000,0x0000005b37400000)]
  0x000002098f177900 JavaThread "container-0" [_thread_blocked, id=7580, stack(0x0000005b37400000,0x0000005b37500000)]

Other Threads:
  0x00000209478d8630 VMThread "VM Thread" [stack: 0x0000005b34e00000,0x0000005b34f00000] [id=20684]
  0x000002098d4189b0 WatcherThread [stack: 0x0000005b35c00000,0x0000005b35d00000] [id=1928]
  0x00000209356aacf0 GCTaskThread "GC Thread#0" [stack: 0x0000005b34900000,0x0000005b34a00000] [id=16836]
  0x000002098d79e870 GCTaskThread "GC Thread#1" [stack: 0x0000005b35d00000,0x0000005b35e00000] [id=3752]
  0x000002098d79eb30 GCTaskThread "GC Thread#2" [stack: 0x0000005b35e00000,0x0000005b35f00000] [id=6620]
  0x000002098d7b4f90 GCTaskThread "GC Thread#3" [stack: 0x0000005b35f00000,0x0000005b36000000] [id=12332]
  0x000002098d7b5250 GCTaskThread "GC Thread#4" [stack: 0x0000005b36000000,0x0000005b36100000] [id=2280]
  0x000002098d7b5510 GCTaskThread "GC Thread#5" [stack: 0x0000005b36100000,0x0000005b36200000] [id=1296]
  0x000002098d7b57d0 GCTaskThread "GC Thread#6" [stack: 0x0000005b36200000,0x0000005b36300000] [id=21328]
  0x000002098dd50450 GCTaskThread "GC Thread#7" [stack: 0x0000005b36500000,0x0000005b36600000] [id=1600]
  0x000002098ddb4110 GCTaskThread "GC Thread#8" [stack: 0x0000005b36700000,0x0000005b36800000] [id=15084]
  0x000002098ddb53e0 GCTaskThread "GC Thread#9" [stack: 0x0000005b36800000,0x0000005b36900000] [id=6500]
  0x00000209356bb410 ConcurrentGCThread "G1 Main Marker" [stack: 0x0000005b34a00000,0x0000005b34b00000] [id=10012]
  0x00000209356bbe20 ConcurrentGCThread "G1 Conc#0" [stack: 0x0000005b34b00000,0x0000005b34c00000] [id=4772]
  0x000002098e50ce70 ConcurrentGCThread "G1 Conc#1" [stack: 0x0000005b36600000,0x0000005b36700000] [id=21612]
  0x000002098e191af0 ConcurrentGCThread "G1 Conc#2" [stack: 0x0000005b36900000,0x0000005b36a00000] [id=9824]
  0x0000020947791520 ConcurrentGCThread "G1 Refine#0" [stack: 0x0000005b34c00000,0x0000005b34d00000] [id=22560]
  0x0000020947791e60 ConcurrentGCThread "G1 Service" [stack: 0x0000005b34d00000,0x0000005b34e00000] [id=7404]

Threads with active compile tasks:

VM state: not at safepoint (normal execution)

VM Mutex/Monitor currently owned by a thread:  ([mutex/lock_event])
[0x0000020935647cf0] Metaspace_lock - owner thread: 0x0000020947ba27a0

Heap address: 0x0000000083a00000, size: 1990 MB, Compressed Oops mode: 32-bit

CDS archive(s) mapped at: [0x0000020948000000-0x0000020948bd0000-0x0000020948bd0000), size 12386304, SharedBaseAddress: 0x0000020948000000, ArchiveRelocationMode: 1.
Compressed class space mapped at: 0x0000020949000000-0x0000020989000000, reserved size: 1073741824
Narrow klass base: 0x0000020948000000, Narrow klass shift: 0, Narrow klass range: 0x100000000

GC Precious Log:
 CPUs: 12 total, 12 available
 Memory: 7955M
 Large Page Support: Disabled
 NUMA Support: Disabled
 Compressed Oops: Enabled (32-bit)
 Heap Region Size: 1M
 Heap Min Capacity: 8M
 Heap Initial Capacity: 126M
 Heap Max Capacity: 1990M
 Pre-touch: Disabled
 Parallel Workers: 10
 Concurrent Workers: 3
 Concurrent Refinement Workers: 10
 Periodic GC: Disabled

Heap:
 garbage-first heap   total 172032K, used 122719K [0x0000000083a00000, 0x0000000100000000)
  region size 1024K, 62 young (63488K), 7 survivors (7168K)
 Metaspace       used 68099K, committed 68736K, reserved 1114112K
  class space    used 9294K, committed 9600K, reserved 1048576K

Heap Regions: E=young(eden), S=young(survivor), O=old, HS=humongous(starts), HC=humongous(continues), CS=collection set, F=free, OA=open archive, CA=closed archive, TAMS=top-at-mark-start (previous, next)
|   0|0x0000000083a00000, 0x0000000083b00000, 0x0000000083b00000|100%|HS|  |TAMS 0x0000000083b00000, 0x0000000083a00000| Complete 
|   1|0x0000000083b00000, 0x0000000083c00000, 0x0000000083c00000|100%| O|  |TAMS 0x0000000083c00000, 0x0000000083b00000| Untracked 
|   2|0x0000000083c00000, 0x0000000083d00000, 0x0000000083d00000|100%| O|  |TAMS 0x0000000083d00000, 0x0000000083c00000| Untracked 
|   3|0x0000000083d00000, 0x0000000083e00000, 0x0000000083e00000|100%| O|  |TAMS 0x0000000083e00000, 0x0000000083d00000| Untracked 
|   4|0x0000000083e00000, 0x0000000083f00000, 0x0000000083f00000|100%| O|  |TAMS 0x0000000083f00000, 0x0000000083e00000| Untracked 
|   5|0x0000000083f00000, 0x0000000084000000, 0x0000000084000000|100%| O|  |TAMS 0x0000000084000000, 0x0000000083f00000| Untracked 
|   6|0x0000000084000000, 0x0000000084100000, 0x0000000084100000|100%| O|  |TAMS 0x0000000084100000, 0x0000000084000000| Untracked 
|   7|0x0000000084100000, 0x0000000084200000, 0x0000000084200000|100%| O|  |TAMS 0x0000000084200000, 0x0000000084100000| Untracked 
|   8|0x0000000084200000, 0x0000000084300000, 0x0000000084300000|100%| O|  |TAMS 0x0000000084300000, 0x0000000084200000| Untracked 
|   9|0x0000000084300000, 0x0000000084400000, 0x0000000084400000|100%| O|  |TAMS 0x0000000084400000, 0x0000000084300000| Untracked 
|  10|0x0000000084400000, 0x0000000084500000, 0x0000000084500000|100%| O|  |TAMS 0x0000000084500000, 0x0000000084400000| Untracked 
|  11|0x0000000084500000, 0x0000000084600000, 0x0000000084600000|100%| O|  |TAMS 0x0000000084600000, 0x0000000084500000| Untracked 
|  12|0x0000000084600000, 0x0000000084700000, 0x0000000084700000|100%| O|  |TAMS 0x0000000084700000, 0x0000000084600000| Untracked 
|  13|0x0000000084700000, 0x0000000084800000, 0x0000000084800000|100%| O|  |TAMS 0x0000000084800000, 0x0000000084700000| Untracked 
|  14|0x0000000084800000, 0x0000000084900000, 0x0000000084900000|100%| O|  |TAMS 0x0000000084900000, 0x0000000084800000| Untracked 
|  15|0x0000000084900000, 0x0000000084a00000, 0x0000000084a00000|100%| O|  |TAMS 0x0000000084a00000, 0x0000000084900000| Untracked 
|  16|0x0000000084a00000, 0x0000000084b00000, 0x0000000084b00000|100%| O|  |TAMS 0x0000000084b00000, 0x0000000084a00000| Untracked 
|  17|0x0000000084b00000, 0x0000000084c00000, 0x0000000084c00000|100%| O|  |TAMS 0x0000000084c00000, 0x0000000084b00000| Untracked 
|  18|0x0000000084c00000, 0x0000000084ca9e00, 0x0000000084d00000| 66%| O|  |TAMS 0x0000000084ca9e00, 0x0000000084c00000| Untracked 
|  19|0x0000000084d00000, 0x0000000084e00000, 0x0000000084e00000|100%| O|  |TAMS 0x0000000084e00000, 0x0000000084d00000| Untracked 
|  20|0x0000000084e00000, 0x0000000084f00000, 0x0000000084f00000|100%| O|  |TAMS 0x0000000084f00000, 0x0000000084e00000| Untracked 
|  21|0x0000000084f00000, 0x0000000085000000, 0x0000000085000000|100%| O|  |TAMS 0x0000000085000000, 0x0000000084f00000| Untracked 
|  22|0x0000000085000000, 0x0000000085100000, 0x0000000085100000|100%| O|  |TAMS 0x0000000085100000, 0x0000000085000000| Untracked 
|  23|0x0000000085100000, 0x0000000085200000, 0x0000000085200000|100%| O|  |TAMS 0x0000000085200000, 0x0000000085100000| Untracked 
|  24|0x0000000085200000, 0x0000000085300000, 0x0000000085300000|100%| O|  |TAMS 0x0000000085300000, 0x0000000085200000| Untracked 
|  25|0x0000000085300000, 0x0000000085400000, 0x0000000085400000|100%| O|  |TAMS 0x0000000085400000, 0x0000000085300000| Untracked 
|  26|0x0000000085400000, 0x0000000085500000, 0x0000000085500000|100%| O|  |TAMS 0x0000000085500000, 0x0000000085400000| Untracked 
|  27|0x0000000085500000, 0x0000000085600000, 0x0000000085600000|100%| O|  |TAMS 0x0000000085600000, 0x0000000085500000| Untracked 
|  28|0x0000000085600000, 0x0000000085700000, 0x0000000085700000|100%| O|  |TAMS 0x0000000085700000, 0x0000000085600000| Untracked 
|  29|0x0000000085700000, 0x0000000085800000, 0x0000000085800000|100%| O|  |TAMS 0x0000000085800000, 0x0000000085700000| Untracked 
|  30|0x0000000085800000, 0x0000000085900000, 0x0000000085900000|100%| O|  |TAMS 0x0000000085900000, 0x0000000085800000| Untracked 
|  31|0x0000000085900000, 0x0000000085a00000, 0x0000000085a00000|100%| O|  |TAMS 0x0000000085a00000, 0x0000000085900000| Untracked 
|  32|0x0000000085a00000, 0x0000000085b00000, 0x0000000085b00000|100%| O|  |TAMS 0x0000000085b00000, 0x0000000085a00000| Untracked 
|  33|0x0000000085b00000, 0x0000000085c00000, 0x0000000085c00000|100%| O|  |TAMS 0x0000000085c00000, 0x0000000085b00000| Untracked 
|  34|0x0000000085c00000, 0x0000000085d00000, 0x0000000085d00000|100%| O|  |TAMS 0x0000000085d00000, 0x0000000085c00000| Untracked 
|  35|0x0000000085d00000, 0x0000000085e00000, 0x0000000085e00000|100%| O|  |TAMS 0x0000000085e00000, 0x0000000085d00000| Untracked 
|  36|0x0000000085e00000, 0x0000000085f00000, 0x0000000085f00000|100%| O|  |TAMS 0x0000000085f00000, 0x0000000085e00000| Untracked 
|  37|0x0000000085f00000, 0x0000000086000000, 0x0000000086000000|100%| O|  |TAMS 0x0000000086000000, 0x0000000085f00000| Untracked 
|  38|0x0000000086000000, 0x0000000086100000, 0x0000000086100000|100%| O|  |TAMS 0x0000000086100000, 0x0000000086000000| Untracked 
|  39|0x0000000086100000, 0x0000000086200000, 0x0000000086200000|100%| O|  |TAMS 0x0000000086158200, 0x0000000086100000| Untracked 
|  40|0x0000000086200000, 0x0000000086300000, 0x0000000086300000|100%| O|  |TAMS 0x0000000086200000, 0x0000000086200000| Untracked 
|  41|0x0000000086300000, 0x0000000086400000, 0x0000000086400000|100%| O|  |TAMS 0x0000000086300000, 0x0000000086300000| Untracked 
|  42|0x0000000086400000, 0x0000000086500000, 0x0000000086500000|100%| O|  |TAMS 0x0000000086400000, 0x0000000086400000| Untracked 
|  43|0x0000000086500000, 0x0000000086600000, 0x0000000086600000|100%| O|  |TAMS 0x0000000086500000, 0x0000000086500000| Untracked 
|  44|0x0000000086600000, 0x0000000086700000, 0x0000000086700000|100%| O|  |TAMS 0x0000000086600000, 0x0000000086600000| Untracked 
|  45|0x0000000086700000, 0x0000000086800000, 0x0000000086800000|100%| O|  |TAMS 0x0000000086700000, 0x0000000086700000| Untracked 
|  46|0x0000000086800000, 0x0000000086900000, 0x0000000086900000|100%| O|  |TAMS 0x0000000086800000, 0x0000000086800000| Untracked 
|  47|0x0000000086900000, 0x0000000086a00000, 0x0000000086a00000|100%| O|  |TAMS 0x0000000086900000, 0x0000000086900000| Untracked 
|  48|0x0000000086a00000, 0x0000000086b00000, 0x0000000086b00000|100%| O|  |TAMS 0x0000000086a00000, 0x0000000086a00000| Untracked 
|  49|0x0000000086b00000, 0x0000000086c00000, 0x0000000086c00000|100%| O|  |TAMS 0x0000000086b00000, 0x0000000086b00000| Untracked 
|  50|0x0000000086c00000, 0x0000000086d00000, 0x0000000086d00000|100%| O|  |TAMS 0x0000000086c00000, 0x0000000086c00000| Untracked 
|  51|0x0000000086d00000, 0x0000000086e00000, 0x0000000086e00000|100%| O|  |TAMS 0x0000000086d00000, 0x0000000086d00000| Untracked 
|  52|0x0000000086e00000, 0x0000000086f00000, 0x0000000086f00000|100%| O|  |TAMS 0x0000000086e00000, 0x0000000086e00000| Untracked 
|  53|0x0000000086f00000, 0x0000000087000000, 0x0000000087000000|100%| O|  |TAMS 0x0000000086f00000, 0x0000000086f00000| Untracked 
|  54|0x0000000087000000, 0x0000000087100000, 0x0000000087100000|100%| O|  |TAMS 0x0000000087000000, 0x0000000087000000| Untracked 
|  55|0x0000000087100000, 0x0000000087200000, 0x0000000087200000|100%| O|  |TAMS 0x0000000087100000, 0x0000000087100000| Untracked 
|  56|0x0000000087200000, 0x0000000087300000, 0x0000000087300000|100%| O|  |TAMS 0x0000000087200000, 0x0000000087200000| Untracked 
|  57|0x0000000087300000, 0x0000000087400000, 0x0000000087400000|100%| O|  |TAMS 0x0000000087300000, 0x0000000087300000| Untracked 
|  58|0x0000000087400000, 0x0000000087500000, 0x0000000087500000|100%| O|  |TAMS 0x0000000087400000, 0x0000000087400000| Untracked 
|  59|0x0000000087500000, 0x0000000087544600, 0x0000000087600000| 26%| O|  |TAMS 0x0000000087500000, 0x0000000087500000| Untracked 
|  60|0x0000000087600000, 0x0000000087600000, 0x0000000087700000|  0%| F|  |TAMS 0x0000000087600000, 0x0000000087600000| Untracked 
|  61|0x0000000087700000, 0x0000000087700000, 0x0000000087800000|  0%| F|  |TAMS 0x0000000087700000, 0x0000000087700000| Untracked 
|  62|0x0000000087800000, 0x0000000087800000, 0x0000000087900000|  0%| F|  |TAMS 0x0000000087800000, 0x0000000087800000| Untracked 
|  63|0x0000000087900000, 0x0000000087900000, 0x0000000087a00000|  0%| F|  |TAMS 0x0000000087900000, 0x0000000087900000| Untracked 
|  64|0x0000000087a00000, 0x0000000087a00000, 0x0000000087b00000|  0%| F|  |TAMS 0x0000000087a00000, 0x0000000087a00000| Untracked 
|  65|0x0000000087b00000, 0x0000000087b00000, 0x0000000087c00000|  0%| F|  |TAMS 0x0000000087b00000, 0x0000000087b00000| Untracked 
|  66|0x0000000087c00000, 0x0000000087c00000, 0x0000000087d00000|  0%| F|  |TAMS 0x0000000087c00000, 0x0000000087c00000| Untracked 
|  67|0x0000000087d00000, 0x0000000087d00000, 0x0000000087e00000|  0%| F|  |TAMS 0x0000000087d00000, 0x0000000087d00000| Untracked 
|  68|0x0000000087e00000, 0x0000000087e00000, 0x0000000087f00000|  0%| F|  |TAMS 0x0000000087e00000, 0x0000000087e00000| Untracked 
|  69|0x0000000087f00000, 0x0000000087f00000, 0x0000000088000000|  0%| F|  |TAMS 0x0000000087f00000, 0x0000000087f00000| Untracked 
|  70|0x0000000088000000, 0x0000000088000000, 0x0000000088100000|  0%| F|  |TAMS 0x0000000088000000, 0x0000000088000000| Untracked 
|  71|0x0000000088100000, 0x0000000088100000, 0x0000000088200000|  0%| F|  |TAMS 0x0000000088100000, 0x0000000088100000| Untracked 
|  72|0x0000000088200000, 0x0000000088200000, 0x0000000088300000|  0%| F|  |TAMS 0x0000000088200000, 0x0000000088200000| Untracked 
|  73|0x0000000088300000, 0x0000000088300000, 0x0000000088400000|  0%| F|  |TAMS 0x0000000088300000, 0x0000000088300000| Untracked 
|  74|0x0000000088400000, 0x0000000088400000, 0x0000000088500000|  0%| F|  |TAMS 0x0000000088400000, 0x0000000088400000| Untracked 
|  75|0x0000000088500000, 0x0000000088500000, 0x0000000088600000|  0%| F|  |TAMS 0x0000000088500000, 0x0000000088500000| Untracked 
|  76|0x0000000088600000, 0x0000000088600000, 0x0000000088700000|  0%| F|  |TAMS 0x0000000088600000, 0x0000000088600000| Untracked 
|  77|0x0000000088700000, 0x0000000088700000, 0x0000000088800000|  0%| F|  |TAMS 0x0000000088700000, 0x0000000088700000| Untracked 
|  78|0x0000000088800000, 0x0000000088800000, 0x0000000088900000|  0%| F|  |TAMS 0x0000000088800000, 0x0000000088800000| Untracked 
|  79|0x0000000088900000, 0x0000000088900000, 0x0000000088a00000|  0%| F|  |TAMS 0x0000000088900000, 0x0000000088900000| Untracked 
|  80|0x0000000088a00000, 0x0000000088a00000, 0x0000000088b00000|  0%| F|  |TAMS 0x0000000088a00000, 0x0000000088a00000| Untracked 
|  81|0x0000000088b00000, 0x0000000088be9a38, 0x0000000088c00000| 91%| S|CS|TAMS 0x0000000088b00000, 0x0000000088b00000| Complete 
|  82|0x0000000088c00000, 0x0000000088d00000, 0x0000000088d00000|100%| S|CS|TAMS 0x0000000088c00000, 0x0000000088c00000| Complete 
|  83|0x0000000088d00000, 0x0000000088e00000, 0x0000000088e00000|100%| S|CS|TAMS 0x0000000088d00000, 0x0000000088d00000| Complete 
|  84|0x0000000088e00000, 0x0000000088f00000, 0x0000000088f00000|100%| S|CS|TAMS 0x0000000088e00000, 0x0000000088e00000| Complete 
|  85|0x0000000088f00000, 0x0000000088f00000, 0x0000000089000000|  0%| F|  |TAMS 0x0000000088f00000, 0x0000000088f00000| Untracked 
|  86|0x0000000089000000, 0x0000000089000000, 0x0000000089100000|  0%| F|  |TAMS 0x0000000089000000, 0x0000000089000000| Untracked 
|  87|0x0000000089100000, 0x0000000089200000, 0x0000000089200000|100%| S|CS|TAMS 0x0000000089100000, 0x0000000089100000| Complete 
|  88|0x0000000089200000, 0x0000000089300000, 0x0000000089300000|100%| S|CS|TAMS 0x0000000089200000, 0x0000000089200000| Complete 
|  89|0x0000000089300000, 0x0000000089400000, 0x0000000089400000|100%| S|CS|TAMS 0x0000000089300000, 0x0000000089300000| Complete 
|  90|0x0000000089400000, 0x0000000089400000, 0x0000000089500000|  0%| F|  |TAMS 0x0000000089400000, 0x0000000089400000| Untracked 
|  91|0x0000000089500000, 0x0000000089500000, 0x0000000089600000|  0%| F|  |TAMS 0x0000000089500000, 0x0000000089500000| Untracked 
|  92|0x0000000089600000, 0x0000000089600000, 0x0000000089700000|  0%| F|  |TAMS 0x0000000089600000, 0x0000000089600000| Untracked 
|  93|0x0000000089700000, 0x0000000089700000, 0x0000000089800000|  0%| F|  |TAMS 0x0000000089700000, 0x0000000089700000| Untracked 
|  94|0x0000000089800000, 0x0000000089800000, 0x0000000089900000|  0%| F|  |TAMS 0x0000000089800000, 0x0000000089800000| Untracked 
|  95|0x0000000089900000, 0x0000000089900000, 0x0000000089a00000|  0%| F|  |TAMS 0x0000000089900000, 0x0000000089900000| Untracked 
|  96|0x0000000089a00000, 0x0000000089a00000, 0x0000000089b00000|  0%| F|  |TAMS 0x0000000089a00000, 0x0000000089a00000| Untracked 
|  97|0x0000000089b00000, 0x0000000089b00000, 0x0000000089c00000|  0%| F|  |TAMS 0x0000000089b00000, 0x0000000089b00000| Untracked 
|  98|0x0000000089c00000, 0x0000000089c00000, 0x0000000089d00000|  0%| F|  |TAMS 0x0000000089c00000, 0x0000000089c00000| Untracked 
|  99|0x0000000089d00000, 0x0000000089d00000, 0x0000000089e00000|  0%| F|  |TAMS 0x0000000089d00000, 0x0000000089d00000| Untracked 
| 100|0x0000000089e00000, 0x0000000089e00000, 0x0000000089f00000|  0%| F|  |TAMS 0x0000000089e00000, 0x0000000089e00000| Untracked 
| 101|0x0000000089f00000, 0x0000000089f00000, 0x000000008a000000|  0%| F|  |TAMS 0x0000000089f00000, 0x0000000089f00000| Untracked 
| 102|0x000000008a000000, 0x000000008a000000, 0x000000008a100000|  0%| F|  |TAMS 0x000000008a000000, 0x000000008a000000| Untracked 
| 103|0x000000008a100000, 0x000000008a100000, 0x000000008a200000|  0%| F|  |TAMS 0x000000008a100000, 0x000000008a100000| Untracked 
| 104|0x000000008a200000, 0x000000008a200000, 0x000000008a300000|  0%| F|  |TAMS 0x000000008a200000, 0x000000008a200000| Untracked 
| 105|0x000000008a300000, 0x000000008a300000, 0x000000008a400000|  0%| F|  |TAMS 0x000000008a300000, 0x000000008a300000| Untracked 
| 106|0x000000008a400000, 0x000000008a400000, 0x000000008a500000|  0%| F|  |TAMS 0x000000008a400000, 0x000000008a400000| Untracked 
| 107|0x000000008a500000, 0x000000008a500000, 0x000000008a600000|  0%| F|  |TAMS 0x000000008a500000, 0x000000008a500000| Untracked 
| 108|0x000000008a600000, 0x000000008a600000, 0x000000008a700000|  0%| F|  |TAMS 0x000000008a600000, 0x000000008a600000| Untracked 
| 109|0x000000008a700000, 0x000000008a700000, 0x000000008a800000|  0%| F|  |TAMS 0x000000008a700000, 0x000000008a700000| Untracked 
| 110|0x000000008a800000, 0x000000008a800000, 0x000000008a900000|  0%| F|  |TAMS 0x000000008a800000, 0x000000008a800000| Untracked 
| 111|0x000000008a900000, 0x000000008a900000, 0x000000008aa00000|  0%| F|  |TAMS 0x000000008a900000, 0x000000008a900000| Untracked 
| 112|0x000000008aa00000, 0x000000008aa00000, 0x000000008ab00000|  0%| F|  |TAMS 0x000000008aa00000, 0x000000008aa00000| Untracked 
| 113|0x000000008ab00000, 0x000000008ab80800, 0x000000008ac00000| 50%| E|  |TAMS 0x000000008ab00000, 0x000000008ab00000| Complete 
| 114|0x000000008ac00000, 0x000000008ad00000, 0x000000008ad00000|100%| E|CS|TAMS 0x000000008ac00000, 0x000000008ac00000| Complete 
| 115|0x000000008ad00000, 0x000000008ae00000, 0x000000008ae00000|100%| E|CS|TAMS 0x000000008ad00000, 0x000000008ad00000| Complete 
| 116|0x000000008ae00000, 0x000000008af00000, 0x000000008af00000|100%| E|CS|TAMS 0x000000008ae00000, 0x000000008ae00000| Complete 
| 117|0x000000008af00000, 0x000000008b000000, 0x000000008b000000|100%| E|CS|TAMS 0x000000008af00000, 0x000000008af00000| Complete 
| 118|0x000000008b000000, 0x000000008b100000, 0x000000008b100000|100%| E|CS|TAMS 0x000000008b000000, 0x000000008b000000| Complete 
| 119|0x000000008b100000, 0x000000008b200000, 0x000000008b200000|100%| E|CS|TAMS 0x000000008b100000, 0x000000008b100000| Complete 
| 120|0x000000008b200000, 0x000000008b300000, 0x000000008b300000|100%| E|CS|TAMS 0x000000008b200000, 0x000000008b200000| Complete 
| 121|0x000000008b300000, 0x000000008b400000, 0x000000008b400000|100%| E|CS|TAMS 0x000000008b300000, 0x000000008b300000| Complete 
| 122|0x000000008b400000, 0x000000008b500000, 0x000000008b500000|100%| E|CS|TAMS 0x000000008b400000, 0x000000008b400000| Complete 
| 123|0x000000008b500000, 0x000000008b600000, 0x000000008b600000|100%| E|CS|TAMS 0x000000008b500000, 0x000000008b500000| Complete 
| 124|0x000000008b600000, 0x000000008b700000, 0x000000008b700000|100%| E|CS|TAMS 0x000000008b600000, 0x000000008b600000| Complete 
| 125|0x000000008b700000, 0x000000008b800000, 0x000000008b800000|100%| E|CS|TAMS 0x000000008b700000, 0x000000008b700000| Complete 
| 126|0x000000008b800000, 0x000000008b900000, 0x000000008b900000|100%| E|CS|TAMS 0x000000008b800000, 0x000000008b800000| Complete 
| 127|0x000000008b900000, 0x000000008ba00000, 0x000000008ba00000|100%| E|CS|TAMS 0x000000008b900000, 0x000000008b900000| Complete 
| 128|0x000000008ba00000, 0x000000008bb00000, 0x000000008bb00000|100%| E|CS|TAMS 0x000000008ba00000, 0x000000008ba00000| Complete 
| 129|0x000000008bb00000, 0x000000008bc00000, 0x000000008bc00000|100%| E|CS|TAMS 0x000000008bb00000, 0x000000008bb00000| Complete 
| 130|0x000000008bc00000, 0x000000008bd00000, 0x000000008bd00000|100%| E|CS|TAMS 0x000000008bc00000, 0x000000008bc00000| Complete 
| 131|0x000000008bd00000, 0x000000008be00000, 0x000000008be00000|100%| E|CS|TAMS 0x000000008bd00000, 0x000000008bd00000| Complete 
| 132|0x000000008be00000, 0x000000008bf00000, 0x000000008bf00000|100%| E|CS|TAMS 0x000000008be00000, 0x000000008be00000| Complete 
| 133|0x000000008bf00000, 0x000000008c000000, 0x000000008c000000|100%| E|CS|TAMS 0x000000008bf00000, 0x000000008bf00000| Complete 
| 134|0x000000008c000000, 0x000000008c100000, 0x000000008c100000|100%| E|CS|TAMS 0x000000008c000000, 0x000000008c000000| Complete 
| 135|0x000000008c100000, 0x000000008c200000, 0x000000008c200000|100%| E|CS|TAMS 0x000000008c100000, 0x000000008c100000| Complete 
| 136|0x000000008c200000, 0x000000008c300000, 0x000000008c300000|100%| E|CS|TAMS 0x000000008c200000, 0x000000008c200000| Complete 
| 137|0x000000008c300000, 0x000000008c400000, 0x000000008c400000|100%| E|CS|TAMS 0x000000008c300000, 0x000000008c300000| Complete 
| 138|0x000000008c400000, 0x000000008c500000, 0x000000008c500000|100%| E|CS|TAMS 0x000000008c400000, 0x000000008c400000| Complete 
| 139|0x000000008c500000, 0x000000008c600000, 0x000000008c600000|100%| E|CS|TAMS 0x000000008c500000, 0x000000008c500000| Complete 
| 140|0x000000008c600000, 0x000000008c700000, 0x000000008c700000|100%| E|CS|TAMS 0x000000008c600000, 0x000000008c600000| Complete 
| 141|0x000000008c700000, 0x000000008c800000, 0x000000008c800000|100%| E|CS|TAMS 0x000000008c700000, 0x000000008c700000| Complete 
| 142|0x000000008c800000, 0x000000008c900000, 0x000000008c900000|100%| E|CS|TAMS 0x000000008c800000, 0x000000008c800000| Complete 
| 143|0x000000008c900000, 0x000000008ca00000, 0x000000008ca00000|100%| E|CS|TAMS 0x000000008c900000, 0x000000008c900000| Complete 
| 144|0x000000008ca00000, 0x000000008cb00000, 0x000000008cb00000|100%| E|CS|TAMS 0x000000008ca00000, 0x000000008ca00000| Complete 
| 145|0x000000008cb00000, 0x000000008cc00000, 0x000000008cc00000|100%| E|CS|TAMS 0x000000008cb00000, 0x000000008cb00000| Complete 
| 146|0x000000008cc00000, 0x000000008cd00000, 0x000000008cd00000|100%| E|CS|TAMS 0x000000008cc00000, 0x000000008cc00000| Complete 
| 147|0x000000008cd00000, 0x000000008ce00000, 0x000000008ce00000|100%| E|CS|TAMS 0x000000008cd00000, 0x000000008cd00000| Complete 
| 148|0x000000008ce00000, 0x000000008cf00000, 0x000000008cf00000|100%| E|CS|TAMS 0x000000008ce00000, 0x000000008ce00000| Complete 
| 149|0x000000008cf00000, 0x000000008d000000, 0x000000008d000000|100%| E|CS|TAMS 0x000000008cf00000, 0x000000008cf00000| Complete 
| 150|0x000000008d000000, 0x000000008d100000, 0x000000008d100000|100%| E|CS|TAMS 0x000000008d000000, 0x000000008d000000| Complete 
| 151|0x000000008d100000, 0x000000008d200000, 0x000000008d200000|100%| E|CS|TAMS 0x000000008d100000, 0x000000008d100000| Complete 
| 152|0x000000008d200000, 0x000000008d300000, 0x000000008d300000|100%| E|CS|TAMS 0x000000008d200000, 0x000000008d200000| Complete 
| 153|0x000000008d300000, 0x000000008d400000, 0x000000008d400000|100%| E|CS|TAMS 0x000000008d300000, 0x000000008d300000| Complete 
| 154|0x000000008d400000, 0x000000008d500000, 0x000000008d500000|100%| E|CS|TAMS 0x000000008d400000, 0x000000008d400000| Complete 
| 155|0x000000008d500000, 0x000000008d600000, 0x000000008d600000|100%| E|CS|TAMS 0x000000008d500000, 0x000000008d500000| Complete 
| 156|0x000000008d600000, 0x000000008d700000, 0x000000008d700000|100%| E|CS|TAMS 0x000000008d600000, 0x000000008d600000| Complete 
| 157|0x000000008d700000, 0x000000008d800000, 0x000000008d800000|100%| E|CS|TAMS 0x000000008d700000, 0x000000008d700000| Complete 
| 158|0x000000008d800000, 0x000000008d900000, 0x000000008d900000|100%| E|CS|TAMS 0x000000008d800000, 0x000000008d800000| Complete 
| 159|0x000000008d900000, 0x000000008da00000, 0x000000008da00000|100%| E|CS|TAMS 0x000000008d900000, 0x000000008d900000| Complete 
| 160|0x000000008da00000, 0x000000008db00000, 0x000000008db00000|100%| E|CS|TAMS 0x000000008da00000, 0x000000008da00000| Complete 
| 161|0x000000008db00000, 0x000000008dc00000, 0x000000008dc00000|100%| E|CS|TAMS 0x000000008db00000, 0x000000008db00000| Complete 
| 162|0x000000008dc00000, 0x000000008dd00000, 0x000000008dd00000|100%| E|CS|TAMS 0x000000008dc00000, 0x000000008dc00000| Complete 
| 163|0x000000008dd00000, 0x000000008de00000, 0x000000008de00000|100%| E|CS|TAMS 0x000000008dd00000, 0x000000008dd00000| Complete 
| 164|0x000000008de00000, 0x000000008df00000, 0x000000008df00000|100%| E|CS|TAMS 0x000000008de00000, 0x000000008de00000| Complete 
| 165|0x000000008df00000, 0x000000008e000000, 0x000000008e000000|100%| E|CS|TAMS 0x000000008df00000, 0x000000008df00000| Complete 
| 166|0x000000008e000000, 0x000000008e100000, 0x000000008e100000|100%| E|CS|TAMS 0x000000008e000000, 0x000000008e000000| Complete 
| 167|0x000000008e100000, 0x000000008e200000, 0x000000008e200000|100%| E|CS|TAMS 0x000000008e100000, 0x000000008e100000| Complete 

Card table byte_map: [0x00000209405f0000,0x00000209409e0000] _byte_map_base: 0x00000209401d3000

Marking Bits (Prev, Next): (CMBitMap*) 0x00000209356ab260, (CMBitMap*) 0x00000209356ab220
 Prev Bits: [0x0000020942cf0000, 0x0000020944c08000)
 Next Bits: [0x0000020940dd0000, 0x0000020942ce8000)

Polling page: 0x0000020933600000

Metaspace:

Usage:
  Non-class:     57.43 MB used.
      Class:      9.08 MB used.
       Both:     66.50 MB used.

Virtual space:
  Non-class space:       64.00 MB reserved,      57.75 MB ( 90%) committed,  1 nodes.
      Class space:        1.00 GB reserved,       9.38 MB ( <1%) committed,  1 nodes.
             Both:        1.06 GB reserved,      67.12 MB (  6%) committed. 

Chunk freelists:
   Non-Class:  5.38 MB
       Class:  6.42 MB
        Both:  11.80 MB

MaxMetaspaceSize: unlimited
CompressedClassSpaceSize: 1.00 GB
Initial GC threshold: 21.00 MB
Current GC threshold: 98.12 MB
CDS: on
MetaspaceReclaimPolicy: balanced
 - commit_granule_bytes: 65536.
 - commit_granule_words: 8192.
 - virtual_space_node_default_size: 8388608.
 - enlarge_chunks_in_place: 1.
 - new_chunks_are_fully_committed: 0.
 - uncommit_free_chunks: 1.
 - use_allocation_guard: 0.
 - handle_deallocations: 1.


Internal statistics:

num_allocs_failed_limit: 9.
num_arena_births: 956.
num_arena_deaths: 0.
num_vsnodes_births: 2.
num_vsnodes_deaths: 0.
num_space_committed: 1074.
num_space_uncommitted: 0.
num_chunks_returned_to_freelist: 9.
num_chunks_taken_from_freelist: 3677.
num_chunk_merges: 9.
num_chunk_splits: 2475.
num_chunks_enlarged: 1728.
num_inconsistent_stats: 0.

CodeCache: size=49152Kb used=18755Kb max_used=18755Kb free=30396Kb
 bounds [0x000002093ced0000, 0x000002093e130000, 0x000002093fed0000]
 total_blobs=10418 nmethods=9762 adapters=579
 compilation: enabled
              stopped_count=0, restarted_count=0
 full_count=0

Compilation events (20 events):
Event: 11.677 Thread 0x000002098e7d7bd0 9754       1       org.springframework.cglib.core.CodeEmitter::aconst_null (9 bytes)
Event: 11.677 Thread 0x000002098e7d7bd0 nmethod 9754 0x000002093e11dc10 code [0x000002093e11dda0, 0x000002093e11de88]
Event: 11.677 Thread 0x00000209478f7fe0 9755       1       org.springframework.asm.MethodWriter::visitTableSwitchInsn (120 bytes)
Event: 11.677 Thread 0x00000209478f7fe0 nmethod 9755 0x000002093e11df10 code [0x000002093e11e100, 0x000002093e11e3c8]
Event: 11.717 Thread 0x0000020947ba9a00 9756       1       org.springframework.data.util.ClassTypeInformation::hashCode (5 bytes)
Event: 11.718 Thread 0x00000209478f7fe0 9757       1       org.springframework.data.util.TypeDiscoverer::hashCode (26 bytes)
Event: 11.718 Thread 0x0000020947ba9a00 nmethod 9756 0x000002093e11e690 code [0x000002093e11e840, 0x000002093e11e998]
Event: 11.718 Thread 0x00000209478f7fe0 nmethod 9757 0x000002093e11ea90 code [0x000002093e11ec40, 0x000002093e11eda8]
Event: 11.748 Thread 0x00000209478f7fe0 9758       1       org.springframework.cglib.core.MethodInfoTransformer::transform (48 bytes)
Event: 11.748 Thread 0x000002098e7d7bd0 9759       1       org.springframework.cglib.core.ReflectUtils::getMethodInfo (11 bytes)
Event: 11.749 Thread 0x000002098e7d7bd0 nmethod 9759 0x000002093e11ee90 code [0x000002093e11f040, 0x000002093e11f258]
Event: 11.749 Thread 0x00000209478f7fe0 nmethod 9758 0x000002093e11f310 code [0x000002093e11f500, 0x000002093e11fab8]
Event: 11.749 Thread 0x00000209478f7fe0 9760       1       org.springframework.asm.Frame::setLocal (65 bytes)
Event: 11.749 Thread 0x00000209478f7fe0 nmethod 9760 0x000002093e11fd10 code [0x000002093e11fec0, 0x000002093e1202a8]
Event: 11.795 Thread 0x00000209478f7fe0 9761       1       org.springframework.beans.factory.support.DefaultListableBeanFactory$DependencyObjectProvider$2::isRequired (2 bytes)
Event: 11.795 Thread 0x0000020947ba9a00 9762       1       org.springframework.beans.factory.support.DefaultListableBeanFactory::indicatesMultipleBeans (39 bytes)
Event: 11.796 Thread 0x00000209478f7fe0 nmethod 9761 0x000002093e120410 code [0x000002093e1205a0, 0x000002093e120678]
Event: 11.796 Thread 0x0000020947ba9a00 nmethod 9762 0x000002093e120710 code [0x000002093e1208e0, 0x000002093e120a78]
Event: 11.796 Thread 0x00000209478f7fe0 9763       1       java.lang.module.Configuration::modules (5 bytes)
Event: 11.796 Thread 0x00000209478f7fe0 nmethod 9763 0x000002093e120b90 code [0x000002093e120d20, 0x000002093e120df8]

GC Heap History (20 events):
Event: 8.650 GC heap before
{Heap before GC invocations=23 (full 0):
 garbage-first heap   total 143360K, used 117628K [0x0000000083a00000, 0x0000000100000000)
  region size 1024K, 69 young (70656K), 5 survivors (5120K)
 Metaspace       used 63411K, committed 64064K, reserved 1114112K
  class space    used 8813K, committed 9152K, reserved 1048576K
}
Event: 8.653 GC heap after
{Heap after GC invocations=24 (full 0):
 garbage-first heap   total 143360K, used 53563K [0x0000000083a00000, 0x0000000100000000)
  region size 1024K, 6 young (6144K), 6 survivors (6144K)
 Metaspace       used 63411K, committed 64064K, reserved 1114112K
  class space    used 8813K, committed 9152K, reserved 1048576K
}
Event: 8.915 GC heap before
{Heap before GC invocations=24 (full 0):
 garbage-first heap   total 143360K, used 119099K [0x0000000083a00000, 0x0000000100000000)
  region size 1024K, 70 young (71680K), 6 survivors (6144K)
 Metaspace       used 63891K, committed 64512K, reserved 1114112K
  class space    used 8889K, committed 9216K, reserved 1048576K
}
Event: 8.918 GC heap after
{Heap after GC invocations=25 (full 0):
 garbage-first heap   total 143360K, used 55364K [0x0000000083a00000, 0x0000000100000000)
  region size 1024K, 7 young (7168K), 7 survivors (7168K)
 Metaspace       used 63891K, committed 64512K, reserved 1114112K
  class space    used 8889K, committed 9216K, reserved 1048576K
}
Event: 9.157 GC heap before
{Heap before GC invocations=25 (full 0):
 garbage-first heap   total 143360K, used 118852K [0x0000000083a00000, 0x0000000100000000)
  region size 1024K, 69 young (70656K), 7 survivors (7168K)
 Metaspace       used 64272K, committed 64832K, reserved 1114112K
  class space    used 8923K, committed 9216K, reserved 1048576K
}
Event: 9.160 GC heap after
{Heap after GC invocations=26 (full 0):
 garbage-first heap   total 143360K, used 56471K [0x0000000083a00000, 0x0000000100000000)
  region size 1024K, 6 young (6144K), 6 survivors (6144K)
 Metaspace       used 64272K, committed 64832K, reserved 1114112K
  class space    used 8923K, committed 9216K, reserved 1048576K
}
Event: 9.368 GC heap before
{Heap before GC invocations=26 (full 0):
 garbage-first heap   total 143360K, used 119959K [0x0000000083a00000, 0x0000000100000000)
  region size 1024K, 68 young (69632K), 6 survivors (6144K)
 Metaspace       used 64580K, committed 65216K, reserved 1114112K
  class space    used 8945K, committed 9280K, reserved 1048576K
}
Event: 9.372 GC heap after
{Heap after GC invocations=27 (full 0):
 garbage-first heap   total 143360K, used 58166K [0x0000000083a00000, 0x0000000100000000)
  region size 1024K, 6 young (6144K), 6 survivors (6144K)
 Metaspace       used 64580K, committed 65216K, reserved 1114112K
  class space    used 8945K, committed 9280K, reserved 1048576K
}
Event: 9.654 GC heap before
{Heap before GC invocations=27 (full 0):
 garbage-first heap   total 143360K, used 121654K [0x0000000083a00000, 0x0000000100000000)
  region size 1024K, 68 young (69632K), 6 survivors (6144K)
 Metaspace       used 64968K, committed 65536K, reserved 1114112K
  class space    used 8977K, committed 9280K, reserved 1048576K
}
Event: 9.657 GC heap after
{Heap after GC invocations=28 (full 0):
 garbage-first heap   total 143360K, used 59513K [0x0000000083a00000, 0x0000000100000000)
  region size 1024K, 6 young (6144K), 6 survivors (6144K)
 Metaspace       used 64968K, committed 65536K, reserved 1114112K
  class space    used 8977K, committed 9280K, reserved 1048576K
}
Event: 9.893 GC heap before
{Heap before GC invocations=28 (full 0):
 garbage-first heap   total 143360K, used 121977K [0x0000000083a00000, 0x0000000100000000)
  region size 1024K, 67 young (68608K), 6 survivors (6144K)
 Metaspace       used 65283K, committed 65920K, reserved 1114112K
  class space    used 9002K, committed 9344K, reserved 1048576K
}
Event: 9.896 GC heap after
{Heap after GC invocations=29 (full 0):
 garbage-first heap   total 143360K, used 60843K [0x0000000083a00000, 0x0000000100000000)
  region size 1024K, 6 young (6144K), 6 survivors (6144K)
 Metaspace       used 65283K, committed 65920K, reserved 1114112K
  class space    used 9002K, committed 9344K, reserved 1048576K
}
Event: 10.218 GC heap before
{Heap before GC invocations=29 (full 0):
 garbage-first heap   total 143360K, used 121259K [0x0000000083a00000, 0x0000000100000000)
  region size 1024K, 65 young (66560K), 6 survivors (6144K)
 Metaspace       used 65740K, committed 66368K, reserved 1114112K
  class space    used 9049K, committed 9344K, reserved 1048576K
}
Event: 10.221 GC heap after
{Heap after GC invocations=30 (full 0):
 garbage-first heap   total 172032K, used 61818K [0x0000000083a00000, 0x0000000100000000)
  region size 1024K, 5 young (5120K), 5 survivors (5120K)
 Metaspace       used 65740K, committed 66368K, reserved 1114112K
  class space    used 9049K, committed 9344K, reserved 1048576K
}
Event: 10.725 GC heap before
{Heap before GC invocations=30 (full 0):
 garbage-first heap   total 172032K, used 146810K [0x0000000083a00000, 0x0000000100000000)
  region size 1024K, 88 young (90112K), 5 survivors (5120K)
 Metaspace       used 66699K, committed 67328K, reserved 1114112K
  class space    used 9176K, committed 9472K, reserved 1048576K
}
Event: 10.728 GC heap after
{Heap after GC invocations=31 (full 0):
 garbage-first heap   total 172032K, used 63789K [0x0000000083a00000, 0x0000000100000000)
  region size 1024K, 7 young (7168K), 7 survivors (7168K)
 Metaspace       used 66699K, committed 67328K, reserved 1114112K
  class space    used 9176K, committed 9472K, reserved 1048576K
}
Event: 11.086 GC heap before
{Heap before GC invocations=31 (full 0):
 garbage-first heap   total 172032K, used 146733K [0x0000000083a00000, 0x0000000100000000)
  region size 1024K, 88 young (90112K), 7 survivors (7168K)
 Metaspace       used 67298K, committed 67968K, reserved 1114112K
  class space    used 9224K, committed 9536K, reserved 1048576K
}
Event: 11.090 GC heap after
{Heap after GC invocations=32 (full 0):
 garbage-first heap   total 172032K, used 65360K [0x0000000083a00000, 0x0000000100000000)
  region size 1024K, 8 young (8192K), 8 survivors (8192K)
 Metaspace       used 67298K, committed 67968K, reserved 1114112K
  class space    used 9224K, committed 9536K, reserved 1048576K
}
Event: 11.507 GC heap before
{Heap before GC invocations=32 (full 0):
 garbage-first heap   total 172032K, used 145232K [0x0000000083a00000, 0x0000000100000000)
  region size 1024K, 86 young (88064K), 8 survivors (8192K)
 Metaspace       used 67753K, committed 68416K, reserved 1114112K
  class space    used 9267K, committed 9600K, reserved 1048576K
}
Event: 11.511 GC heap after
{Heap after GC invocations=33 (full 0):
 garbage-first heap   total 172032K, used 67423K [0x0000000083a00000, 0x0000000100000000)
  region size 1024K, 7 young (7168K), 7 survivors (7168K)
 Metaspace       used 67753K, committed 68416K, reserved 1114112K
  class space    used 9267K, committed 9600K, reserved 1048576K
}

Deoptimization events (20 events):
Event: 1.894 Thread 0x0000020947ba27a0 DEOPT PACKING pc=0x000002093d35b899 sp=0x0000005b364fc720
Event: 1.894 Thread 0x0000020947ba27a0 DEOPT UNPACKING pc=0x000002093cf266e3 sp=0x0000005b364fbc00 mode 3
Event: 2.905 Thread 0x0000020947ba27a0 DEOPT PACKING pc=0x000002093d4d89cc sp=0x0000005b364fdf20
Event: 2.905 Thread 0x0000020947ba27a0 DEOPT UNPACKING pc=0x000002093cf266e3 sp=0x0000005b364fd460 mode 0
Event: 4.591 Thread 0x0000020947ba27a0 DEOPT PACKING pc=0x000002093d879419 sp=0x0000005b364fc5b0
Event: 4.591 Thread 0x0000020947ba27a0 DEOPT UNPACKING pc=0x000002093cf266e3 sp=0x0000005b364fba90 mode 3
Event: 5.025 Thread 0x0000020947ba27a0 DEOPT PACKING pc=0x000002093d95865d sp=0x0000005b364fcc20
Event: 5.025 Thread 0x0000020947ba27a0 DEOPT UNPACKING pc=0x000002093cf266e3 sp=0x0000005b364fc188 mode 3
Event: 5.576 Thread 0x0000020947ba27a0 DEOPT PACKING pc=0x000002093d366e01 sp=0x0000005b364fb650
Event: 5.576 Thread 0x0000020947ba27a0 DEOPT UNPACKING pc=0x000002093cf266e3 sp=0x0000005b364faae0 mode 3
Event: 5.576 Thread 0x000002098f1722f0 DEOPT PACKING pc=0x000002093d2f4f97 sp=0x0000005b36fff050
Event: 5.576 Thread 0x000002098f1722f0 DEOPT UNPACKING pc=0x000002093cf266e3 sp=0x0000005b36ffe4a8 mode 3
Event: 7.383 Thread 0x0000020947ba27a0 DEOPT PACKING pc=0x000002093d455ba4 sp=0x0000005b364fbdb0
Event: 7.383 Thread 0x0000020947ba27a0 DEOPT UNPACKING pc=0x000002093cf266e3 sp=0x0000005b364fb308 mode 0
Event: 7.775 Thread 0x0000020947ba27a0 DEOPT PACKING pc=0x000002093d3bdaa2 sp=0x0000005b364fc260
Event: 7.775 Thread 0x0000020947ba27a0 DEOPT UNPACKING pc=0x000002093cf266e3 sp=0x0000005b364fb768 mode 3
Event: 7.776 Thread 0x0000020947ba27a0 DEOPT PACKING pc=0x000002093d387195 sp=0x0000005b364fc220
Event: 7.776 Thread 0x0000020947ba27a0 DEOPT UNPACKING pc=0x000002093cf266e3 sp=0x0000005b364fb768 mode 3
Event: 10.555 Thread 0x0000020947ba27a0 DEOPT PACKING pc=0x000002093e09fec4 sp=0x0000005b364fd090
Event: 10.555 Thread 0x0000020947ba27a0 DEOPT UNPACKING pc=0x000002093cf266e3 sp=0x0000005b364fc528 mode 3

Classes unloaded (0 events):
No events

Classes redefined (0 events):
No events

Internal exceptions (20 events):
Event: 7.704 Thread 0x0000020947ba27a0 Exception <a 'java/lang/reflect/InvocationTargetException'{0x000000008a7511b0}> (0x000000008a7511b0) 
thrown [s\open\src\hotspot\share\runtime\reflection.cpp, line 1121]
Event: 7.706 Thread 0x0000020947ba27a0 Exception <a 'java/lang/reflect/InvocationTargetException'{0x000000008a764410}> (0x000000008a764410) 
thrown [s\open\src\hotspot\share\runtime\reflection.cpp, line 1121]
Event: 7.707 Thread 0x0000020947ba27a0 Exception <a 'java/lang/reflect/InvocationTargetException'{0x000000008a76dec0}> (0x000000008a76dec0) 
thrown [s\open\src\hotspot\share\runtime\reflection.cpp, line 1121]
Event: 7.707 Thread 0x0000020947ba27a0 Exception <a 'java/lang/reflect/InvocationTargetException'{0x000000008a77ac18}> (0x000000008a77ac18) 
thrown [s\open\src\hotspot\share\runtime\reflection.cpp, line 1121]
Event: 7.849 Thread 0x0000020947ba27a0 Exception <a 'java/lang/NoSuchMethodError'{0x00000000885d1588}: 'int java.lang.invoke.DirectMethodHandle$Holder.invokeStatic(java.lang.Object, java.lang.Object, int)'> (0x00000000885d1588) 
thrown [s\open\src\hotspot\share\interpreter\linkResolver.cpp, line 759]
Event: 7.850 Thread 0x0000020947ba27a0 Exception <a 'java/lang/NoSuchMethodError'{0x00000000885efd78}: 'java.lang.Object java.lang.invoke.DirectMethodHandle$Holder.newInvokeSpecial(java.lang.Object, java.lang.Object, int)'> (0x00000000885efd78) 
thrown [s\open\src\hotspot\share\interpreter\linkResolver.cpp, line 759]
Event: 7.852 Thread 0x0000020947ba27a0 Exception <a 'java/lang/IncompatibleClassChangeError'{0x00000000884105b0}: Found class java.lang.Object, but interface was expected> (0x00000000884105b0) 
thrown [s\open\src\hotspot\share\interpreter\linkResolver.cpp, line 826]
Event: 7.896 Thread 0x0000020947b9ff20 Exception <a 'java/lang/reflect/InvocationTargetException'{0x0000000088083de8}> (0x0000000088083de8) 
thrown [s\open\src\hotspot\share\runtime\reflection.cpp, line 1121]
Event: 8.003 Thread 0x0000020947ba27a0 Exception <a 'java/lang/NoSuchMethodError'{0x000000008991aa20}: 'void java.lang.invoke.DirectMethodHandle$Holder.invokeVirtual(java.lang.Object, java.lang.Object, int)'> (0x000000008991aa20) 
thrown [s\open\src\hotspot\share\interpreter\linkResolver.cpp, line 759]
Event: 8.013 Thread 0x0000020947ba27a0 Exception <a 'java/lang/NoSuchMethodError'{0x000000008982a8e0}: 'void java.lang.invoke.DirectMethodHandle$Holder.invokeVirtual(java.lang.Object, java.lang.Object, long)'> (0x000000008982a8e0) 
thrown [s\open\src\hotspot\share\interpreter\linkResolver.cpp, line 759]
Event: 8.028 Thread 0x0000020947ba27a0 Exception <a 'java/lang/NoSuchMethodError'{0x0000000089657708}: 'double java.lang.invoke.DirectMethodHandle$Holder.invokeVirtual(java.lang.Object, java.lang.Object)'> (0x0000000089657708) 
thrown [s\open\src\hotspot\share\interpreter\linkResolver.cpp, line 759]
Event: 8.415 Thread 0x0000020947b9ff20 Exception <a 'java/lang/reflect/InvocationTargetException'{0x000000008b9cb578}> (0x000000008b9cb578) 
thrown [s\open\src\hotspot\share\runtime\reflection.cpp, line 1121]
Event: 8.934 Thread 0x0000020947b9ff20 Exception <a 'java/lang/reflect/InvocationTargetException'{0x000000008c205f18}> (0x000000008c205f18) 
thrown [s\open\src\hotspot\share\runtime\reflection.cpp, line 1121]
Event: 9.452 Thread 0x0000020947b9ff20 Exception <a 'java/lang/reflect/InvocationTargetException'{0x000000008af83590}> (0x000000008af83590) 
thrown [s\open\src\hotspot\share\runtime\reflection.cpp, line 1121]
Event: 9.967 Thread 0x0000020947b9ff20 Exception <a 'java/lang/reflect/InvocationTargetException'{0x000000008b6d4ef8}> (0x000000008b6d4ef8) 
thrown [s\open\src\hotspot\share\runtime\reflection.cpp, line 1121]
Event: 10.037 Thread 0x0000020947ba27a0 Exception <a 'java/io/FileNotFoundException'{0x000000008a990350}> (0x000000008a990350) 
thrown [s\open\src\hotspot\share\prims\jni.cpp, line 516]
Event: 10.037 Thread 0x0000020947ba27a0 Exception <a 'java/io/FileNotFoundException'{0x000000008a9910b8}> (0x000000008a9910b8) 
thrown [s\open\src\hotspot\share\prims\jni.cpp, line 516]
Event: 10.485 Thread 0x0000020947b9ff20 Exception <a 'java/lang/reflect/InvocationTargetException'{0x000000008b1f3a48}> (0x000000008b1f3a48) 
thrown [s\open\src\hotspot\share\runtime\reflection.cpp, line 1121]
Event: 10.998 Thread 0x0000020947b9ff20 Exception <a 'java/lang/reflect/InvocationTargetException'{0x000000008a783028}> (0x000000008a783028) 
thrown [s\open\src\hotspot\share\runtime\reflection.cpp, line 1121]
Event: 11.515 Thread 0x0000020947b9ff20 Exception <a 'java/lang/reflect/InvocationTargetException'{0x000000008e186df8}> (0x000000008e186df8) 
thrown [s\open\src\hotspot\share\runtime\reflection.cpp, line 1121]

VM Operations (20 events):
Event: 8.649 Executing VM operation: G1CollectForAllocation
Event: 8.653 Executing VM operation: G1CollectForAllocation done
Event: 8.915 Executing VM operation: G1CollectForAllocation
Event: 8.918 Executing VM operation: G1CollectForAllocation done
Event: 9.157 Executing VM operation: G1CollectForAllocation
Event: 9.161 Executing VM operation: G1CollectForAllocation done
Event: 9.368 Executing VM operation: G1CollectForAllocation
Event: 9.372 Executing VM operation: G1CollectForAllocation done
Event: 9.654 Executing VM operation: G1CollectForAllocation
Event: 9.657 Executing VM operation: G1CollectForAllocation done
Event: 9.893 Executing VM operation: G1CollectForAllocation
Event: 9.896 Executing VM operation: G1CollectForAllocation done
Event: 10.217 Executing VM operation: G1CollectForAllocation
Event: 10.221 Executing VM operation: G1CollectForAllocation done
Event: 10.724 Executing VM operation: G1CollectForAllocation
Event: 10.728 Executing VM operation: G1CollectForAllocation done
Event: 11.086 Executing VM operation: G1CollectForAllocation
Event: 11.090 Executing VM operation: G1CollectForAllocation done
Event: 11.507 Executing VM operation: G1CollectForAllocation
Event: 11.511 Executing VM operation: G1CollectForAllocation done

Events (20 events):
Event: 8.032 loading class java/util/concurrent/atomic/DoubleAdder done
Event: 8.413 Thread 0x000002098f172800 Thread added: 0x000002098f172800
Event: 8.416 Thread 0x000002098f172800 Thread exited: 0x000002098f172800
Event: 8.931 Thread 0x000002098f175080 Thread added: 0x000002098f175080
Event: 8.935 Thread 0x000002098f175080 Thread exited: 0x000002098f175080
Event: 9.449 Thread 0x000002098f175aa0 Thread added: 0x000002098f175aa0
Event: 9.453 Thread 0x000002098f175aa0 Thread exited: 0x000002098f175aa0
Event: 9.961 Thread 0x000002098f174150 Thread added: 0x000002098f174150
Event: 9.969 Thread 0x000002098f174150 Thread exited: 0x000002098f174150
Event: 10.036 loading class java/io/FileReader
Event: 10.037 loading class java/io/FileReader done
Event: 10.482 Thread 0x000002098f177e10 Thread added: 0x000002098f177e10
Event: 10.493 Thread 0x000002098f177e10 Thread exited: 0x000002098f177e10
Event: 10.911 Thread 0x000002098f178830 Thread exited: 0x000002098f178830
Event: 10.984 loading class java/text/ParseException
Event: 10.984 loading class java/text/ParseException done
Event: 10.996 Thread 0x000002098f178830 Thread added: 0x000002098f178830
Event: 10.999 Thread 0x000002098f178830 Thread exited: 0x000002098f178830
Event: 11.506 Thread 0x000002098f174150 Thread added: 0x000002098f174150
Event: 11.516 Thread 0x000002098f174150 Thread exited: 0x000002098f174150


Dynamic libraries:
0x00007ff776ff0000 - 0x00007ff777000000 	C:\Program Files\Java\jdk-17\bin\java.exe
0x00007ffeb6cf0000 - 0x00007ffeb6f07000 	C:\Windows\SYSTEM32\ntdll.dll
0x00007ffeb6300000 - 0x00007ffeb63c4000 	C:\Windows\System32\KERNEL32.DLL
0x00007ffeb43d0000 - 0x00007ffeb4775000 	C:\Windows\System32\KERNELBASE.dll
0x00007ffeb4060000 - 0x00007ffeb4171000 	C:\Windows\System32\ucrtbase.dll
0x00007ffe17d30000 - 0x00007ffe17d49000 	C:\Program Files\Java\jdk-17\bin\jli.dll
0x00007ffe17d50000 - 0x00007ffe17d6b000 	C:\Program Files\Java\jdk-17\bin\VCRUNTIME140.dll
0x00007ffeb63d0000 - 0x00007ffeb6481000 	C:\Windows\System32\ADVAPI32.dll
0x00007ffeb5dd0000 - 0x00007ffeb5e77000 	C:\Windows\System32\msvcrt.dll
0x00007ffeb6c00000 - 0x00007ffeb6ca6000 	C:\Windows\System32\sechost.dll
0x00007ffeb6aa0000 - 0x00007ffeb6bb7000 	C:\Windows\System32\RPCRT4.dll
0x00007ffeb56c0000 - 0x00007ffeb586e000 	C:\Windows\System32\USER32.dll
0x00007ffeb4780000 - 0x00007ffeb47a6000 	C:\Windows\System32\win32u.dll
0x00007ffeb4a40000 - 0x00007ffeb4a69000 	C:\Windows\System32\GDI32.dll
0x00007ffeb47b0000 - 0x00007ffeb48c9000 	C:\Windows\System32\gdi32full.dll
0x00007ffe99910000 - 0x00007ffe99ba3000 	C:\Windows\WinSxS\amd64_microsoft.windows.common-controls_6595b64144ccf1df_6.0.22621.2506_none_270c5ae97388e100\COMCTL32.dll
0x00007ffeb4180000 - 0x00007ffeb421a000 	C:\Windows\System32\msvcp_win.dll
0x00007ffeadde0000 - 0x00007ffeaddea000 	C:\Windows\SYSTEM32\VERSION.dll
0x00007ffeb6bc0000 - 0x00007ffeb6bf1000 	C:\Windows\System32\IMM32.DLL
0x00007ffe17d20000 - 0x00007ffe17d2c000 	C:\Program Files\Java\jdk-17\bin\vcruntime140_1.dll
0x00007ffe17c90000 - 0x00007ffe17d1e000 	C:\Program Files\Java\jdk-17\bin\msvcp140.dll
0x00007ffe170a0000 - 0x00007ffe17c81000 	C:\Program Files\Java\jdk-17\bin\server\jvm.dll
0x00007ffeb5440000 - 0x00007ffeb5448000 	C:\Windows\System32\PSAPI.DLL
0x00007ffeb0d30000 - 0x00007ffeb0d39000 	C:\Windows\SYSTEM32\WSOCK32.dll
0x00007ffeadaa0000 - 0x00007ffeadad4000 	C:\Windows\SYSTEM32\WINMM.dll
0x00007ffeb5870000 - 0x00007ffeb58e1000 	C:\Windows\System32\WS2_32.dll
0x00007ffeb30b0000 - 0x00007ffeb30c8000 	C:\Windows\SYSTEM32\kernel.appcore.dll
0x00007ffe17090000 - 0x00007ffe1709a000 	C:\Program Files\Java\jdk-17\bin\jimage.dll
0x00007ffeb1ad0000 - 0x00007ffeb1d03000 	C:\Windows\SYSTEM32\DBGHELP.DLL
0x00007ffeb58f0000 - 0x00007ffeb5c79000 	C:\Windows\System32\combase.dll
0x00007ffeb64a0000 - 0x00007ffeb6577000 	C:\Windows\System32\OLEAUT32.dll
0x00007ffea48c0000 - 0x00007ffea48f2000 	C:\Windows\SYSTEM32\dbgcore.DLL
0x00007ffeb4350000 - 0x00007ffeb43ca000 	C:\Windows\System32\bcryptPrimitives.dll
0x00007ffe17080000 - 0x00007ffe1708e000 	C:\Program Files\Java\jdk-17\bin\instrument.dll
0x00007ffe17050000 - 0x00007ffe17075000 	C:\Program Files\Java\jdk-17\bin\java.dll
0x00007ffe16f70000 - 0x00007ffe17047000 	C:\Program Files\Java\jdk-17\bin\jsvml.dll
0x00007ffeb4ae0000 - 0x00007ffeb5339000 	C:\Windows\System32\SHELL32.dll
0x00007ffeb1f30000 - 0x00007ffeb2824000 	C:\Windows\SYSTEM32\windows.storage.dll
0x00007ffeb1df0000 - 0x00007ffeb1f2e000 	C:\Windows\SYSTEM32\wintypes.dll
0x00007ffeb69a0000 - 0x00007ffeb6a93000 	C:\Windows\System32\SHCORE.dll
0x00007ffeb5660000 - 0x00007ffeb56be000 	C:\Windows\System32\shlwapi.dll
0x00007ffeb3f90000 - 0x00007ffeb3fb6000 	C:\Windows\SYSTEM32\profapi.dll
0x00007ffe16f50000 - 0x00007ffe16f68000 	C:\Program Files\Java\jdk-17\bin\zip.dll
0x00007ffe16f30000 - 0x00007ffe16f49000 	C:\Program Files\Java\jdk-17\bin\net.dll
0x00007ffead960000 - 0x00007ffeada97000 	C:\Windows\SYSTEM32\WINHTTP.dll
0x00007ffeb3590000 - 0x00007ffeb35f9000 	C:\Windows\system32\mswsock.dll
0x00007ffe16f10000 - 0x00007ffe16f26000 	C:\Program Files\Java\jdk-17\bin\nio.dll
0x00007ffea5770000 - 0x00007ffea578a000 	C:\Program Files\JetBrains\IntelliJ IDEA 2021.1\bin\breakgen64.dll
0x00007ffeb2b70000 - 0x00007ffeb2c69000 	C:\Windows\SYSTEM32\DNSAPI.dll
0x00007ffeb2b40000 - 0x00007ffeb2b6d000 	C:\Windows\SYSTEM32\IPHLPAPI.DLL
0x00007ffeb6490000 - 0x00007ffeb6499000 	C:\Windows\System32\NSI.dll
0x00007ffeadae0000 - 0x00007ffeadaea000 	C:\Windows\System32\rasadhlp.dll
0x00007ffeacc70000 - 0x00007ffeaccf3000 	C:\Windows\System32\fwpuclnt.dll
0x00007ffe16da0000 - 0x00007ffe16daa000 	C:\Program Files\Java\jdk-17\bin\management.dll
0x00007ffe16d90000 - 0x00007ffe16d9b000 	C:\Program Files\Java\jdk-17\bin\management_ext.dll
0x00007ffeb37d0000 - 0x00007ffeb37eb000 	C:\Windows\SYSTEM32\CRYPTSP.dll
0x00007ffeb3070000 - 0x00007ffeb30a5000 	C:\Windows\system32\rsaenh.dll
0x00007ffeb3660000 - 0x00007ffeb368c000 	C:\Windows\SYSTEM32\USERENV.dll
0x00007ffeb3a10000 - 0x00007ffeb3a38000 	C:\Windows\SYSTEM32\bcrypt.dll
0x00007ffeb3820000 - 0x00007ffeb382c000 	C:\Windows\SYSTEM32\CRYPTBASE.dll
0x00007ffeadaf0000 - 0x00007ffeadb09000 	C:\Windows\SYSTEM32\dhcpcsvc6.DLL
0x00007ffead6f0000 - 0x00007ffead70f000 	C:\Windows\SYSTEM32\dhcpcsvc.DLL
0x00007ffe954b0000 - 0x00007ffe954c7000 	C:\Windows\system32\napinsp.dll
0x00007ffe95490000 - 0x00007ffe954ab000 	C:\Windows\system32\pnrpnsp.dll
0x00007ffe95420000 - 0x00007ffe95431000 	C:\Windows\System32\winrnr.dll
0x00007ffe95400000 - 0x00007ffe95415000 	C:\Windows\system32\wshbth.dll
0x00007ffe953d0000 - 0x00007ffe953f1000 	C:\Windows\system32\nlansp_c.dll
0x00007ffe16d80000 - 0x00007ffe16d8e000 	C:\Program Files\Java\jdk-17\bin\sunmscapi.dll
0x00007ffeb48d0000 - 0x00007ffeb4a36000 	C:\Windows\System32\CRYPT32.dll
0x00007ffeb39e0000 - 0x00007ffeb3a0d000 	C:\Windows\SYSTEM32\ncrypt.dll
0x00007ffeb39a0000 - 0x00007ffeb39d7000 	C:\Windows\SYSTEM32\NTASN1.dll

dbghelp: loaded successfully - version: 4.0.5 - missing functions: none
symbol engine: initialized successfully - sym options: 0x614 - pdb path: .;C:\Program Files\Java\jdk-17\bin;C:\Windows\SYSTEM32;C:\Windows\WinSxS\amd64_microsoft.windows.common-controls_6595b64144ccf1df_6.0.22621.2506_none_270c5ae97388e100;C:\Program Files\Java\jdk-17\bin\server;C:\Program Files\JetBrains\IntelliJ IDEA 2021.1\bin

VM Arguments:
jvm_args: -XX:TieredStopAtLevel=1 -Xverify:none -Dspring.output.ansi.enabled=always -javaagent:C:\Program Files\JetBrains\IntelliJ IDEA 2021.1\lib\idea_rt.jar=54722:C:\Program Files\JetBrains\IntelliJ IDEA 2021.1\bin -Dcom.sun.management.jmxremote -Dspring.jmx.enabled=true -Dspring.liveBeansView.mbeanDomain -Dspring.application.admin.enabled=true -Dfile.encoding=UTF-8 
java_command: com.labreportapp.ServerApplication
java_class_path (initial): D:\FPOLYK17\DATN\lab-report-app\udpm-lab-report-app\server\build\classes\java\main;D:\FPOLYK17\DATN\lab-report-app\udpm-lab-report-app\server\build\resources\main;C:\Users\duchi\.gradle\caches\modules-2\files-2.1\org.projectlombok\lombok\1.18.24\13a394eed5c4f9efb2a6d956e2086f1d81e857d9\lombok-1.18.24.jar;C:\Users\duchi\.gradle\caches\modules-2\files-2.1\org.springframework.boot\spring-boot-starter-data-jpa\3.0.2\fc0dbe82effb33d3d89b4cf2ec6b7968ad2af558\spring-boot-starter-data-jpa-3.0.2.jar;C:\Users\duchi\.gradle\caches\modules-2\files-2.1\org.springframework.boot\spring-boot-starter-websocket\3.0.2\5821185ac80a248c407f610cb2038e1e7ce5430a\spring-boot-starter-websocket-3.0.2.jar;C:\Users\duchi\.gradle\caches\modules-2\files-2.1\org.springframework.boot\spring-boot-starter-web\3.0.2\3f6a2cb4cb11bac3611f5a95e234589eb190dd29\spring-boot-starter-web-3.0.2.jar;C:\Users\duchi\.gradle\caches\modules-2\files-2.1\org.springframework.boot\spring-boot-starter-cache\3.0.2\342d4d33bd50bbfd6c9dc02fe414d60ea0537682\spring-boot-starter-cache-3.0.2.jar;C:\Users\duchi\.gradle\caches\modules-2\files-2.1\org.springframework.boot\spring-boot-starter-actuator\3.0.2\7d884d7edd505b6d419e86cfaa90c6ec7e847cc7\spring-boot-starter-actuator-3.0.2.jar;C:\Users\duchi\.gradle\caches\modules-2\files-2.1\org.springframework.boot\spring-boot-starter-validation\3.0.4\c3f185a4d31634c0bd92956a13ffd718d1026b33\spring-boot-starter-validation-3.0.4.jar;C:\Users\duchi\.gradle\caches\modules-2\files-2.1\log4j\log4j\1.2.17\5af35056b4d257e4b64b9e8069c0746e8b08629f\log4j-1.2.17.jar;C:\Users\duchi\.gradle\caches\modules-2\files-2.1\org.springframework.data\spring-data-rest-core\2.1.0.RELEASE\ecb92788af223b63897476045b973fbebeeaf454\spring-data-rest-core-2.1.0.RELEASE.jar;C:\Users\duchi\.gradle\caches\modules-2\files-2.1\com.github.pjfanning\excel-streaming-reader\4.0.1\cad6576b7e20e07329ed9c48bd453bbf15aa6e23\excel-streaming-reader-4.0.1.jar;C:\Users\duchi\.gradle\caches\modules-2\fi
Launcher Type: SUN_STANDARD

[Global flags]
     intx CICompilerCount                          = 4                                         {product} {ergonomic}
     uint ConcGCThreads                            = 3                                         {product} {ergonomic}
     uint G1ConcRefinementThreads                  = 10                                        {product} {ergonomic}
   size_t G1HeapRegionSize                         = 1048576                                   {product} {ergonomic}
    uintx GCDrainStackTargetSize                   = 64                                        {product} {ergonomic}
   size_t InitialHeapSize                          = 132120576                                 {product} {ergonomic}
     bool ManagementServer                         = true                                      {product} {command line}
   size_t MarkStackSize                            = 4194304                                   {product} {ergonomic}
   size_t MaxHeapSize                              = 2086666240                                {product} {ergonomic}
   size_t MaxNewSize                               = 1251999744                                {product} {ergonomic}
   size_t MinHeapDeltaBytes                        = 1048576                                   {product} {ergonomic}
   size_t MinHeapSize                              = 8388608                                   {product} {ergonomic}
    uintx NonProfiledCodeHeapSize                  = 0                                      {pd product} {ergonomic}
     bool ProfileInterpreter                       = false                                  {pd product} {command line}
    uintx ProfiledCodeHeapSize                     = 0                                      {pd product} {ergonomic}
   size_t SoftMaxHeapSize                          = 2086666240                             {manageable} {ergonomic}
     intx TieredStopAtLevel                        = 1                                         {product} {command line}
     bool UseCompressedClassPointers               = true                           {product lp64_product} {ergonomic}
     bool UseCompressedOops                        = true                           {product lp64_product} {ergonomic}
     bool UseG1GC                                  = true                                      {product} {ergonomic}
     bool UseLargePagesIndividualAllocation        = false                                  {pd product} {ergonomic}

Logging:
Log output configuration:
 #0: stdout all=warning uptime,level,tags
 #1: stderr all=off uptime,level,tags

Environment Variables:
JAVA_HOME=C:\Program Files\Java\jdk-17
PATH=C:\Program Files\Common Files\Oracle\Java\javapath;C:\Windows\system32;C:\Windows;C:\Windows\System32\Wbem;C:\Windows\System32\WindowsPowerShell\v1.0\;C:\Windows\System32\OpenSSH\;C:\Program Files (x86)\Microsoft SQL Server\160\Tools\Binn\;C:\Program Files\Microsoft SQL Server\160\Tools\Binn\;C:\Program Files\Microsoft SQL Server\Client SDK\ODBC\170\Tools\Binn\;C:\Program Files\Microsoft SQL Server\160\DTS\Binn\;C:\Program Files (x86)\Microsoft SQL Server\160\DTS\Binn\;C:\Program Files\Azure Data Studio\bin;C:\Program Files\Java\jdk-17\bin;C:\Program Files\nodejs\;C:\Program Files\Git\cmd;C:\Program Files\dotnet;;C:\Program Files\Docker\Docker\resources\bin;C:\Program Files\MySQL\MySQL Shell 8.0\bin\;C:\Users\duchi\AppData\Local\Microsoft\WindowsApps;C:\Program Files\Azure Data Studio\bin;C:\Users\duchi\.dotnet\tools;C:\Users\duchi\AppData\Local\Programs\Microsoft VS Code\bin;C:\Users\duchi\AppData\Roaming\npm
USERNAME=duchi
OS=Windows_NT
PROCESSOR_IDENTIFIER=Intel64 Family 6 Model 141 Stepping 1, GenuineIntel



---------------  S Y S T E M  ---------------

OS:
 Windows 11 , 64 bit Build 22621 (10.0.22621.2506)
OS uptime: 0 days 1:41 hours
Hyper-V role detected

CPU: total 12 (initial active 12) (6 cores per cpu, 2 threads per core) family 6 model 141 stepping 1 microcode 0x3c, cx8, cmov, fxsr, ht, mmx, 3dnowpref, sse, sse2, sse3, ssse3, sse4.1, sse4.2, popcnt, lzcnt, tsc, tscinvbit, avx, avx2, aes, erms, clmul, bmi1, bmi2, adx, avx512f, avx512dq, avx512cd, avx512bw, avx512vl, sha, fma, vzeroupper, avx512_vpopcntdq, avx512_vpclmulqdq, avx512_vaes, avx512_vnni, clflush, clflushopt, clwb, avx512_vbmi2, avx512_vbmi, hv

Memory: 4k page, system-wide physical 7955M (4M free)
TotalPageFile size 20925M (AvailPageFile size 0M)
current process WorkingSet (physical memory assigned to process): 323M, peak: 330M
current process commit charge ("private bytes"): 380M, peak: 381M

vm_info: Java HotSpot(TM) 64-Bit Server VM (17.0.9+11-LTS-201) for windows-amd64 JRE (17.0.9+11-LTS-201), built on Oct 10 2023 23:16:06 by "mach5one" with MS VC++ 17.1 (VS2022)

END.
